[2016.03.31-02.39.18:507][  0]Log file open, 03/30/16 19:39:18
[2016.03.31-02.39.18:507][  0]LogInit:Display: Running engine for game: Talent
[2016.03.31-02.39.18:507][  0]LogInit:Display: RandInit(955022384) SRandInit(955022385).
[2016.03.31-02.39.18:507][  0]LogTaskGraph: Started task graph with 4 named threads and 7 total threads.
[2016.03.31-02.39.18:507][  0]LogStats: Stats thread started at 0.109014
[2016.03.31-02.39.18:507][  0]LogInit: Version: 4.9.2-2707645+++depot+UE4-Releases+4.9
[2016.03.31-02.39.18:507][  0]LogInit: API Version: 2672455
[2016.03.31-02.39.18:507][  0]LogInit: Compiled (64-bit): Sep 28 2015 10:25:44
[2016.03.31-02.39.18:507][  0]LogInit: Compiled with Visual C++: 18.00.21005.01
[2016.03.31-02.39.18:507][  0]LogInit: Build Configuration: Development
[2016.03.31-02.39.18:507][  0]LogInit: Branch Name: ++depot+UE4-Releases+4.9
[2016.03.31-02.39.18:507][  0]LogInit: Command line:  
[2016.03.31-02.39.18:507][  0]LogInit: Base directory: C:/Program Files/Epic Games/4.9/Engine/Binaries/Win64/
[2016.03.31-02.39.18:507][  0]LogInit: Rocket: 1
[2016.03.31-02.39.18:524][  0]LogInit: Using libcurl 7.41.0
[2016.03.31-02.39.18:524][  0]LogInit:  - built for x86_64-pc-win32
[2016.03.31-02.39.18:524][  0]LogInit:  - supports SSL with WinSSL
[2016.03.31-02.39.18:524][  0]LogInit:  - other features:
[2016.03.31-02.39.18:524][  0]LogInit:      CURL_VERSION_SSL
[2016.03.31-02.39.18:524][  0]LogInit:      CURL_VERSION_IPV6
[2016.03.31-02.39.18:524][  0]LogInit:      CURL_VERSION_ASYNCHDNS
[2016.03.31-02.39.18:524][  0]LogInit:      CURL_VERSION_LARGEFILE
[2016.03.31-02.39.18:524][  0]LogInit:      CURL_VERSION_IDN
[2016.03.31-02.39.18:525][  0]LogInit:  CurlRequestOptions (configurable via config and command line):
[2016.03.31-02.39.18:525][  0]LogInit:  - bVerifyPeer = true  - Libcurl will verify peer certificate
[2016.03.31-02.39.18:525][  0]LogInit:  - bUseHttpProxy = false  - Libcurl will NOT use HTTP proxy
[2016.03.31-02.39.18:525][  0]LogInit:  - bDontReuseConnections = false  - Libcurl will reuse connections
[2016.03.31-02.39.18:525][  0]LogInit:  - CertBundlePath = nullptr  - Libcurl will use whatever was configured at build time.
[2016.03.31-02.39.18:541][  0]LogInit: Presizing for 0 objects not considered by GC, pre-allocating 0 bytes.
[2016.03.31-02.39.18:556][  0]LogInit: Object subsystem initialized
[2016.03.31-02.39.18:559][  0]LogInit: Selected Device Profile: [Windows]
[2016.03.31-02.39.18:559][  0]LogInit: Applying CVar settings loaded from the selected device profile: [Windows]
[2016.03.31-02.39.18:576][  0]LogInit: Computer: THOMAS-PC
[2016.03.31-02.39.18:576][  0]LogInit: User: Thomas
[2016.03.31-02.39.18:576][  0]LogInit: CPU Page size=4096, Cores=4
[2016.03.31-02.39.18:576][  0]LogInit: High frequency timer resolution =3.320322 MHz
[2016.03.31-02.39.18:577][  0]LogMemory: Memory total: Physical=7.9GB (8GB approx)
[2016.03.31-02.39.18:577][  0]LogMemory: Platform Memory Stats for Windows
[2016.03.31-02.39.18:577][  0]LogMemory: Process Physical Memory: 54.77 MB used, 54.77 MB peak
[2016.03.31-02.39.18:577][  0]LogMemory: Process Virtual Memory: 58.45 MB used, 58.45 MB peak
[2016.03.31-02.39.18:577][  0]LogMemory: Physical Memory: 4279.27 MB used, 8120.09 MB total
[2016.03.31-02.39.18:577][  0]LogMemory: Virtual Memory: 368.26 MB used, 134217728.00 MB total
[2016.03.31-02.39.18:630][  0]LogTextLocalizationManager: No specific translations for ('en-US') exist, so ('en') translations will be used.
[2016.03.31-02.39.19:995][  0]LogD3D11RHI: Found D3D11 adapter 0: NVIDIA GeForce GTX 650 Ti  (Feature Level 11_0)
[2016.03.31-02.39.19:995][  0]LogD3D11RHI: Adapter has 1990MB of dedicated video memory, 0MB of dedicated system memory, and 4060MB of shared system memory, 3 output[s]
[2016.03.31-02.39.19:997][  0]LogD3D11RHI: Found D3D11 adapter 1: Microsoft Basic Render Driver (Feature Level 11_0)
[2016.03.31-02.39.19:997][  0]LogD3D11RHI: Adapter has 0MB of dedicated video memory, 0MB of dedicated system memory, and 4060MB of shared system memory, 0 output[s]
[2016.03.31-02.39.19:997][  0]LogD3D11RHI: Chosen D3D11 Adapter Id = 0
[2016.03.31-02.39.20:004][  0]LogD3D11RHI: !Direct3DDevice
[2016.03.31-02.39.20:004][  0]LogRHI: Texture pool is 1361 MB (70% of 1945 MB)
[2016.03.31-02.39.20:020][  0]LogD3D11RHI: Async texture creation enabled
[2016.03.31-02.39.20:034][  0]LogShaderCompilers: Guid format shader working directory is 16 characters bigger than the processId version (../../../../../../Users/Thomas/Code/Talents/Intermediate/Shaders/WorkingDirectory/568/).
[2016.03.31-02.39.20:034][  0]LogShaderCompilers: Cleaned the shader compiler working directory '../../../../../../Users/Thomas/Code/Talents/Intermediate/Shaders/tmp/FAB629A240BFB304C19482A85987F334/'.
[2016.03.31-02.39.20:034][  0]LogShaderCompilers:Display: Using Local Shader Compiler.
[2016.03.31-02.39.22:679][  0]LogTemp:Display: Loaded TP AllDesktopTargetPlatform
[2016.03.31-02.39.22:689][  0]LogTemp:Display: Loaded TP WindowsClientTargetPlatform
[2016.03.31-02.39.22:699][  0]LogTemp:Display: Loaded TP WindowsNoEditorTargetPlatform
[2016.03.31-02.39.22:708][  0]LogTemp:Display: Loaded TP WindowsServerTargetPlatform
[2016.03.31-02.39.22:717][  0]LogTemp:Display: Loaded TP WindowsTargetPlatform
[2016.03.31-02.39.22:723][  0]LogTemp:Display: Loaded TP AndroidTargetPlatform
[2016.03.31-02.39.22:728][  0]LogTemp:Display: Loaded TP Android_ASTCTargetPlatform
[2016.03.31-02.39.22:734][  0]LogTemp:Display: Loaded TP Android_ATCTargetPlatform
[2016.03.31-02.39.22:740][  0]LogTemp:Display: Loaded TP Android_DXTTargetPlatform
[2016.03.31-02.39.22:745][  0]LogTemp:Display: Loaded TP Android_ETC1TargetPlatform
[2016.03.31-02.39.22:752][  0]LogTemp:Display: Loaded TP Android_ETC2TargetPlatform
[2016.03.31-02.39.22:759][  0]LogTemp:Display: Loaded TP Android_PVRTCTargetPlatform
[2016.03.31-02.39.22:761][  0]LogTemp:Display: Loaded TP HTML5TargetPlatform
[2016.03.31-02.39.22:787][  0]LogTemp:Display: Loaded TP IOSTargetPlatform
[2016.03.31-02.39.22:792][  0]LogTemp:Display: Loaded TP LinuxNoEditorTargetPlatform
[2016.03.31-02.39.22:798][  0]LogTemp:Display: Loaded TP LinuxServerTargetPlatform
[2016.03.31-02.39.22:807][  0]LogTemp:Display: Loaded TP LinuxTargetPlatform
[2016.03.31-02.39.22:807][  0]LogTargetPlatformManager:Display: Building Assets For Windows
[2016.03.31-02.39.22:933][  0]LogDerivedDataCache:Display: Max Cache Size: 512 MB
[2016.03.31-02.39.23:005][  0]LogDerivedDataCache: Loaded boot cache 0.07s 41MB C:/Users/Thomas/AppData/Local/UnrealEngine/4.9/DerivedDataCache/Boot.ddc.
[2016.03.31-02.39.23:005][  0]LogDerivedDataCache:Display: Loaded Boot cache: C:/Users/Thomas/AppData/Local/UnrealEngine/4.9/DerivedDataCache/Boot.ddc
[2016.03.31-02.39.23:006][  0]LogDerivedDataCache: FDerivedDataBackendGraph:  Pak pak cache file ../../../../../../Users/Thomas/Code/Talents/DerivedDataCache/DDC.ddp not found, will not use a pak cache.
[2016.03.31-02.39.23:006][  0]LogDerivedDataCache: Unable to find inner node Pak for hierarchical cache Hierarchy.
[2016.03.31-02.39.23:006][  0]LogDerivedDataCache: FDerivedDataBackendGraph:  CompressedPak pak cache file ../../../../../../Users/Thomas/Code/Talents/DerivedDataCache/Compressed.ddp not found, will not use a pak cache.
[2016.03.31-02.39.23:006][  0]LogDerivedDataCache: Unable to find inner node CompressedPak for hierarchical cache Hierarchy.
[2016.03.31-02.39.23:288][  0]LogDerivedDataCache:Display: Pak cache opened for reading ../../../Engine/DerivedDataCache/Compressed.ddp.
[2016.03.31-02.39.23:300][  0]LogDerivedDataCache: Using Local data cache path C:/Users/Thomas/AppData/Local/UnrealEngine/Common/DerivedDataCache: Writable
[2016.03.31-02.39.23:591][  0]LogInit: Selected Device Profile: [Windows]
[2016.03.31-02.39.23:596][  0]LogContentStreaming: Texture pool size is 0.000000MB
[2016.03.31-02.39.23:845][  0]LogMeshUtilities: No automatic mesh reduction module available
[2016.03.31-02.39.23:845][  0]LogMeshUtilities: No automatic mesh merging module available
[2016.03.31-02.39.24:483][  0]LogInit: WinSock: version 1.1 (2.2), MaxSocks=32767, MaxUdp=65467
[2016.03.31-02.39.34:822][  0]UdpMessaging: Initializing bridge on interface 0.0.0.0:0 to multicast group 230.0.0.1:6666.
[2016.03.31-02.39.35:145][  0]LogAssetRegistry: FAssetRegistry took 0.0114 seconds to start up
[2016.03.31-02.39.35:475][  0]SourceControl: Info Source control is disabled
[2016.03.31-02.39.35:508][  0]SourceControl: Info Source control is disabled
[2016.03.31-02.39.35:530][  0]SourceControl: Info Source control is disabled
[2016.03.31-02.39.35:551][  0]SourceControl: Info Source control is disabled
[2016.03.31-02.39.35:961][  0]LogLinker:Warning: Asset '../../../Engine/Plugins/Runtime/LeapMotionController/Content/LM_PassthroughMaterial.uasset' has been saved with empty engine version. The asset will be loaded but may be incompatible.
[2016.03.31-02.39.36:097][  0]LogObj: 28361 objects as part of root set at end of initial load.
[2016.03.31-02.39.36:097][  0]LogUObjectAllocator: 6038872 out of 0 bytes used by permanent object pool.
[2016.03.31-02.39.36:243][  0]LogEngine: Initializing Engine...
[2016.03.31-02.39.36:249][  0]LogHMD: Can't find Oculus library dev build: is proper Runtime installed? Version: 0.7.0.0
[2016.03.31-02.39.36:260][  0]LogHMD: SteamVR failed to initialize.  Err: 108
[2016.03.31-02.39.36:577][  0]LogAIModule: Creating AISystem for world NewWorld
[2016.03.31-02.39.36:588][  0]LogInit: XAudio2 using 'Speakers (Realtek High Definition Audio)' : 2 channels at 48 kHz using 32 bits per sample (channel mask 0x3)
[2016.03.31-02.39.36:608][  0]LogInit: FAudioDevice initialized.
[2016.03.31-02.39.36:642][  0]LogDerivedDataCache: Saved boot cache 0.03s 41MB C:/Users/Thomas/AppData/Local/UnrealEngine/4.9/DerivedDataCache/Boot.ddc.
[2016.03.31-02.39.36:649][  0]LogInit: Texture streaming: Enabled
[2016.03.31-02.39.36:659][  0]LogAnalytics: Creating configured Analytics provider AnalyticsET
[2016.03.31-02.39.36:659][  0]LogAnalytics: [UEEditor.Rocket.Release] APIServer = http://et2.epicgames.com/ET2/. AppVersion = 4.9.2-2707645+++depot+UE4-Releases+4.9
[2016.03.31-02.39.36:660][  0]LogAnalytics: [UEEditor.Rocket.Release] SetUserId 9137a229423ce0abd15f43af8d071b78|6f72fca771cd4ab4a5e00d1744cfc368|0a3d2142-832f-45b8-b9db-501cd138b6a3
[2016.03.31-02.39.36:660][  0]LogAnalytics: [UEEditor.Rocket.Release] AnalyticsET::StartSession
[2016.03.31-02.39.36:710][  0]LogInit: Transaction tracking system initialized
[2016.03.31-02.39.36:764][  0]BlueprintLog: New page: Editor Load
[2016.03.31-02.39.36:915][  0]LocalizationService: Info Localization service is disabled
[2016.03.31-02.39.37:127][  0]LogConsoleResponse:Display: 
[2016.03.31-02.39.37:351][  0]LogCook:Display: Done creating registry. It took  0.00s.
[2016.03.31-02.39.37:612][  0]LogFileCache: Scanning file cache for directory 'C:/Users/Thomas/Code/Talents/Content/' took 0.01s
[2016.03.31-02.39.37:612][  0]SourceControl: Info Source control is disabled
[2016.03.31-02.39.37:612][  0]Cmd: MAP LOAD FILE="../../../../../../Users/Thomas/Code/Talents/Content/Intro.umap" TEMPLATE=0 SHOWPROGRESS=1 FEATURELEVEL=3
[2016.03.31-02.39.37:613][  0]LightingResults: New page: Lighting Build
[2016.03.31-02.39.37:618][  0]MapCheck: New page: Map Check
[2016.03.31-02.39.37:618][  0]LightingResults: New page: Lighting Build
[2016.03.31-02.39.37:635][  0]LogParticles: Destroying 0 GPU particle simulations for FXSystem 0x000000E8A2486160
[2016.03.31-02.39.37:738][  0]LogAIModule: Creating AISystem for world Intro
[2016.03.31-02.39.37:741][  0]LogEditorServer: Finished looking for orphan Actors (0.000 secs)
[2016.03.31-02.39.37:741][  0]Cmd: MAP CHECKDEP NOCLEARLOG
[2016.03.31-02.39.37:806][  0]MapCheck: Info Map check complete: 0 Error(s), 0 Warning(s), took 64.498ms to complete.
[2016.03.31-02.39.37:806][  0]LogFileHelpers: Loading map 'Intro' took 0.194
[2016.03.31-02.39.38:058][  0]LogCollectionManager: Loaded 0 collections in 0.005111 seconds
[2016.03.31-02.39.38:109][  0]LogFileCache: Scanning file cache for directory 'C:/Users/Thomas/Code/Talents/Saved/Collections/' took 0.01s
[2016.03.31-02.39.38:109][  0]LogFileCache: Scanning file cache for directory 'C:/Users/Thomas/Code/Talents/Content/Developers/Thomas/Collections/' took 0.01s
[2016.03.31-02.39.38:109][  0]LogFileCache: Scanning file cache for directory 'C:/Users/Thomas/Code/Talents/Content/Collections/' took 0.01s
[2016.03.31-02.39.38:109][  0]LogContentBrowser: Native class hierarchy populated in 0.0147 seconds. Added 1867 classes and 333 folders.
[2016.03.31-02.39.38:134][  0]LogCollectionManager: Rebuilt the GUID cache for 0 collections in 0.000005 seconds
[2016.03.31-02.39.38:148][  0]LogContentBrowser: Native class hierarchy updated for 'WidgetCarousel' in 0.0006 seconds. Added 0 classes and 0 folders.
[2016.03.31-02.39.38:594][  0]LogContentBrowser: Native class hierarchy updated for 'AddContentDialog' in 0.0007 seconds. Added 0 classes and 0 folders.
[2016.03.31-02.39.38:604][  0]LogContentBrowser: Native class hierarchy updated for 'SceneOutliner' in 0.0020 seconds. Added 1 classes and 2 folders.
[2016.03.31-02.39.38:652][  0]LogCrashTracker: Crashtracker disabled due to settings.
[2016.03.31-02.39.38:659][  0]LogUObjectGlobals:Warning: Failed to find object 'Class None.'
[2016.03.31-02.39.38:686][  0]LogLoad: Full Startup: 21.09 seconds (BP compile: 0.26 seconds)
[2016.03.31-02.39.38:753][  0]LogContentStreaming: Texture pool size now 1000 MB
[2016.03.31-02.39.38:978][  0]LogRenderer: Reallocating scene render targets to support 1168x600 (Frame:2).
[2016.03.31-02.39.39:168][  3]LogAssetRegistry: Asset discovery search completed in 4.0357 seconds
[2016.03.31-02.39.39:168][  3]LogCollectionManager: Rebuilt the object cache for 0 collections in 0.000001 seconds (found 0 objects)
[2016.03.31-02.39.39:168][  3]LogCollectionManager: Fixed up redirectors for 0 collections in 0.000044 seconds (updated 0 objects)
[2016.03.31-02.39.48:732][236]LogLinker:Warning: Asset '../../../Engine/Content/ArtTools/RenderToTexture/Macros/RenderToTextureMacros.uasset' has been saved with empty engine version. The asset will be loaded but may be incompatible.
[2016.03.31-02.39.49:937][236]LogContentBrowser: Native class hierarchy updated for 'BlueprintGraph' in 0.0022 seconds. Added 107 classes and 0 folders.
[2016.03.31-02.40.04:148][802]LogEditorViewport: Clicking on Actor (LMB): PaperSpriteActor (background)
[2016.03.31-02.40.06:995][930]LogEditorViewport: Clicking on Actor (LMB): PaperSpriteActor (background)
[2016.03.31-02.40.07:819][977]LogPlayLevel: PlayLevel: No blueprints needed recompiling
[2016.03.31-02.40.07:820][977]PIE: New page: PIE session: Intro (Mar 30, 2016, 12:40:07 PM)
[2016.03.31-02.40.07:820][977]LogPlayLevel: Creating play world package: /Game/UEDPIE_0_Intro
[2016.03.31-02.40.07:821][977]LogPlayLevel: PIE: StaticDuplicateObject took: (0.001504s)
[2016.03.31-02.40.07:822][977]LogAIModule: Creating AISystem for world Intro
[2016.03.31-02.40.07:823][977]LogPlayLevel: PIE: World Init took: (0.001088s)
[2016.03.31-02.40.07:823][977]LogPlayLevel: PIE: Created PIE world by copying editor world from /Game/Intro.Intro to /Game/UEDPIE_0_Intro.Intro (0.002965s)
[2016.03.31-02.40.07:876][977]LogInit: XAudio2 using 'Speakers (Realtek High Definition Audio)' : 2 channels at 48 kHz using 32 bits per sample (channel mask 0x3)
[2016.03.31-02.40.07:895][977]LogInit: FAudioDevice initialized.
[2016.03.31-02.40.07:963][977]LogWorld: Game class is 'PaperGameMode_C'
[2016.03.31-02.40.07:967][977]LogWorld: Bringing World /Game/UEDPIE_0_Intro.Intro up for play (max tick rate 0) at 2016.03.30-19.40.07
[2016.03.31-02.40.07:967][977]LogActor:Warning: GameSession /Game/UEDPIE_0_Intro.Intro:PersistentLevel.GameSession_0 has natively added scene component(s), but none of them were set as the actor's RootComponent - picking one arbitrarily
[2016.03.31-02.40.07:967][977]LogActor:Warning: GameNetworkManager /Game/UEDPIE_0_Intro.Intro:PersistentLevel.GameNetworkManager_0 has natively added scene component(s), but none of them were set as the actor's RootComponent - picking one arbitrarily
[2016.03.31-02.40.07:967][977]LogWorld: Bringing up level for play took: 0.002610
[2016.03.31-02.40.07:971][977]PIE: Info Play in editor start time for /Game/UEDPIE_0_Intro -0.311
[2016.03.31-02.40.14:575][470]Set new viewmode: Unlit
[2016.03.31-02.40.22:260][ 54]Set new viewmode: Unlit
[2016.03.31-02.40.23:207][121]LogParticles: Destroying 0 GPU particle simulations for FXSystem 0x000000E8ABF03880
[2016.03.31-02.40.25:050][224]LogPlayLevel: PlayLevel: No blueprints needed recompiling
[2016.03.31-02.40.25:050][224]PIE: New page: PIE session: Intro (Mar 30, 2016, 12:40:25 PM)
[2016.03.31-02.40.25:050][224]LogPlayLevel: Creating play world package: /Game/UEDPIE_0_Intro
[2016.03.31-02.40.25:052][224]LogPlayLevel: PIE: StaticDuplicateObject took: (0.001422s)
[2016.03.31-02.40.25:052][224]LogAIModule: Creating AISystem for world Intro
[2016.03.31-02.40.25:053][224]LogPlayLevel: PIE: World Init took: (0.001067s)
[2016.03.31-02.40.25:053][224]LogPlayLevel: PIE: Created PIE world by copying editor world from /Game/Intro.Intro to /Game/UEDPIE_0_Intro.Intro (0.002730s)
[2016.03.31-02.40.25:103][224]LogInit: XAudio2 using 'Speakers (Realtek High Definition Audio)' : 2 channels at 48 kHz using 32 bits per sample (channel mask 0x3)
[2016.03.31-02.40.25:121][224]LogInit: FAudioDevice initialized.
[2016.03.31-02.40.25:161][224]LogWorld: Game class is 'PaperGameMode_C'
[2016.03.31-02.40.25:165][224]LogWorld: Bringing World /Game/UEDPIE_0_Intro.Intro up for play (max tick rate 0) at 2016.03.30-19.40.25
[2016.03.31-02.40.25:165][224]LogActor:Warning: GameSession /Game/UEDPIE_0_Intro.Intro:PersistentLevel.GameSession_1 has natively added scene component(s), but none of them were set as the actor's RootComponent - picking one arbitrarily
[2016.03.31-02.40.25:165][224]LogActor:Warning: GameNetworkManager /Game/UEDPIE_0_Intro.Intro:PersistentLevel.GameNetworkManager_1 has natively added scene component(s), but none of them were set as the actor's RootComponent - picking one arbitrarily
[2016.03.31-02.40.25:166][224]LogWorld: Bringing up level for play took: 0.002886
[2016.03.31-02.40.25:169][224]PIE: Info Play in editor start time for /Game/UEDPIE_0_Intro 0.886
[2016.03.31-02.40.34:032][844]LogParticles: Destroying 0 GPU particle simulations for FXSystem 0x000000E8832EC900
[2016.03.31-02.41.32:203][472]LogD3D11RHI: Timed out while waiting for GPU to catch up. (0.5 s)
[2016.03.31-02.41.33:074][472]LogD3D11RHI: bDeviceRemoved
[2016.03.31-02.41.33:074][472]LogD3D11RHI: CleanupD3DDevice
[2016.03.31-02.41.33:077][472]LogWindows:Error: Windows GetLastError: The operation completed successfully. (0)
[2016.03.31-02.41.34:012][472]LogCrashTracker: 


[2016.03.31-02.41.34:012][472]LogCrashTracker: 


[2016.03.31-02.41.34:012][472]LogWindows: === Critical error: ===
Fatal error: [File:D:\BuildFarm\buildmachine_++depot+UE4-Releases+4.9\Engine\Source\Runtime\Windows\D3D11RHI\Private\Windows\WindowsD3D11Device.cpp] [Line: 402] 
The Direct3D 11 device that was being used has been removed (Error: -2005270521 'RESET').  Please restart the game.




[2016.03.31-02.41.34:352][472]LogExit: Executing StaticShutdownAfterError
[2016.03.31-02.41.34:362][472]LogPhysics:Warning: PHYSX: ..\..\PhysX\src\NpScene.cpp (2946) 8 : PxScene::unlockWrite() called without matching call to PxScene::lockWrite(), behaviour will be undefined.
[2016.03.31-02.41.34:362][472]LogPhysics:Warning: PHYSX: ..\..\PhysX\src\NpScene.cpp (2946) 8 : PxScene::unlockWrite() called without matching call to PxScene::lockWrite(), behaviour will be undefined.
[2016.03.31-02.41.34:362][472]LogPhysics:Warning: PHYSX: ..\..\PhysX\src\NpScene.cpp (2946) 8 : PxScene::unlockWrite() called without matching call to PxScene::lockWrite(), behaviour will be undefined.
[2016.03.31-02.41.34:362][472]LogPhysics:Warning: PHYSX: ..\..\PhysX\src\NpScene.cpp (2946) 8 : PxScene::unlockWrite() called without matching call to PxScene::lockWrite(), behaviour will be undefined.
[2016.03.31-02.41.34:363][472]LogPhysics:Warning: PHYSX: ..\..\PhysX\src\NpScene.cpp (2946) 8 : PxScene::unlockWrite() called without matching call to PxScene::lockWrite(), behaviour will be undefined.
[2016.03.31-02.41.34:363][472]LogPhysics:Warning: PHYSX: ..\..\PhysX\src\NpScene.cpp (2946) 8 : PxScene::unlockWrite() called without matching call to PxScene::lockWrite(), behaviour will be undefined.
[2016.03.31-02.41.34:363][472]LogWindows: FPlatformMisc::RequestExit(1)
[2016.03.31-02.41.34:363][472]Log file closed, 03/30/16 19:41:34
