[2016.03.31-02.16.31:951][  0]Log file open, 03/30/16 19:16:31
[2016.03.31-02.16.31:951][  0]LogInit:Display: Running engine for game: Talent
[2016.03.31-02.16.31:951][  0]LogInit:Display: RandInit(711570891) SRandInit(711570892).
[2016.03.31-02.16.31:951][  0]LogTaskGraph: Started task graph with 4 named threads and 7 total threads.
[2016.03.31-02.16.31:951][  0]LogStats: Stats thread started at 0.114931
[2016.03.31-02.16.31:951][  0]LogInit: Version: 4.9.2-2707645+++depot+UE4-Releases+4.9
[2016.03.31-02.16.31:951][  0]LogInit: API Version: 2672455
[2016.03.31-02.16.31:951][  0]LogInit: Compiled (64-bit): Sep 28 2015 10:25:44
[2016.03.31-02.16.31:951][  0]LogInit: Compiled with Visual C++: 18.00.21005.01
[2016.03.31-02.16.31:951][  0]LogInit: Build Configuration: Development
[2016.03.31-02.16.31:951][  0]LogInit: Branch Name: ++depot+UE4-Releases+4.9
[2016.03.31-02.16.31:951][  0]LogInit: Command line:  
[2016.03.31-02.16.31:951][  0]LogInit: Base directory: C:/Program Files/Epic Games/4.9/Engine/Binaries/Win64/
[2016.03.31-02.16.31:951][  0]LogInit: Rocket: 1
[2016.03.31-02.16.31:974][  0]LogInit: Using libcurl 7.41.0
[2016.03.31-02.16.31:974][  0]LogInit:  - built for x86_64-pc-win32
[2016.03.31-02.16.31:974][  0]LogInit:  - supports SSL with WinSSL
[2016.03.31-02.16.31:974][  0]LogInit:  - other features:
[2016.03.31-02.16.31:974][  0]LogInit:      CURL_VERSION_SSL
[2016.03.31-02.16.31:974][  0]LogInit:      CURL_VERSION_IPV6
[2016.03.31-02.16.31:974][  0]LogInit:      CURL_VERSION_ASYNCHDNS
[2016.03.31-02.16.31:974][  0]LogInit:      CURL_VERSION_LARGEFILE
[2016.03.31-02.16.31:974][  0]LogInit:      CURL_VERSION_IDN
[2016.03.31-02.16.31:974][  0]LogInit:  CurlRequestOptions (configurable via config and command line):
[2016.03.31-02.16.31:974][  0]LogInit:  - bVerifyPeer = true  - Libcurl will verify peer certificate
[2016.03.31-02.16.31:974][  0]LogInit:  - bUseHttpProxy = false  - Libcurl will NOT use HTTP proxy
[2016.03.31-02.16.31:974][  0]LogInit:  - bDontReuseConnections = false  - Libcurl will reuse connections
[2016.03.31-02.16.31:974][  0]LogInit:  - CertBundlePath = nullptr  - Libcurl will use whatever was configured at build time.
[2016.03.31-02.16.31:995][  0]LogInit: Presizing for 0 objects not considered by GC, pre-allocating 0 bytes.
[2016.03.31-02.16.32:011][  0]LogInit: Object subsystem initialized
[2016.03.31-02.16.32:014][  0]LogInit: Selected Device Profile: [Windows]
[2016.03.31-02.16.32:014][  0]LogInit: Applying CVar settings loaded from the selected device profile: [Windows]
[2016.03.31-02.16.32:037][  0]LogInit: Computer: THOMAS-PC
[2016.03.31-02.16.32:037][  0]LogInit: User: Thomas
[2016.03.31-02.16.32:037][  0]LogInit: CPU Page size=4096, Cores=4
[2016.03.31-02.16.32:037][  0]LogInit: High frequency timer resolution =3.320322 MHz
[2016.03.31-02.16.32:037][  0]LogMemory: Memory total: Physical=7.9GB (8GB approx)
[2016.03.31-02.16.32:037][  0]LogMemory: Platform Memory Stats for Windows
[2016.03.31-02.16.32:037][  0]LogMemory: Process Physical Memory: 53.92 MB used, 53.92 MB peak
[2016.03.31-02.16.32:037][  0]LogMemory: Process Virtual Memory: 57.29 MB used, 57.29 MB peak
[2016.03.31-02.16.32:037][  0]LogMemory: Physical Memory: 4928.90 MB used, 8120.09 MB total
[2016.03.31-02.16.32:037][  0]LogMemory: Virtual Memory: 366.32 MB used, 134217728.00 MB total
[2016.03.31-02.16.32:094][  0]LogTextLocalizationManager: No specific translations for ('en-US') exist, so ('en') translations will be used.
[2016.03.31-02.16.33:510][  0]LogD3D11RHI: Found D3D11 adapter 0: NVIDIA GeForce GTX 650 Ti  (Feature Level 11_0)
[2016.03.31-02.16.33:511][  0]LogD3D11RHI: Adapter has 1990MB of dedicated video memory, 0MB of dedicated system memory, and 4060MB of shared system memory, 3 output[s]
[2016.03.31-02.16.33:513][  0]LogD3D11RHI: Found D3D11 adapter 1: Microsoft Basic Render Driver (Feature Level 11_0)
[2016.03.31-02.16.33:513][  0]LogD3D11RHI: Adapter has 0MB of dedicated video memory, 0MB of dedicated system memory, and 4060MB of shared system memory, 0 output[s]
[2016.03.31-02.16.33:513][  0]LogD3D11RHI: Chosen D3D11 Adapter Id = 0
[2016.03.31-02.16.33:522][  0]LogD3D11RHI: !Direct3DDevice
[2016.03.31-02.16.33:522][  0]LogRHI: Texture pool is 1361 MB (70% of 1945 MB)
[2016.03.31-02.16.33:541][  0]LogD3D11RHI: Async texture creation enabled
[2016.03.31-02.16.33:565][  0]LogShaderCompilers: Guid format shader working directory is 15 characters bigger than the processId version (../../../../../../Users/Thomas/Code/Talents/Intermediate/Shaders/WorkingDirectory/8864/).
[2016.03.31-02.16.33:565][  0]LogShaderCompilers: Cleaned the shader compiler working directory '../../../../../../Users/Thomas/Code/Talents/Intermediate/Shaders/tmp/1B1480BB43083A2C8130EFA102F44F7A/'.
[2016.03.31-02.16.33:565][  0]LogShaderCompilers:Display: Using Local Shader Compiler.
[2016.03.31-02.16.36:080][  0]LogTemp:Display: Loaded TP AllDesktopTargetPlatform
[2016.03.31-02.16.36:094][  0]LogTemp:Display: Loaded TP WindowsClientTargetPlatform
[2016.03.31-02.16.36:106][  0]LogTemp:Display: Loaded TP WindowsNoEditorTargetPlatform
[2016.03.31-02.16.36:119][  0]LogTemp:Display: Loaded TP WindowsServerTargetPlatform
[2016.03.31-02.16.36:132][  0]LogTemp:Display: Loaded TP WindowsTargetPlatform
[2016.03.31-02.16.36:140][  0]LogTemp:Display: Loaded TP AndroidTargetPlatform
[2016.03.31-02.16.36:147][  0]LogTemp:Display: Loaded TP Android_ASTCTargetPlatform
[2016.03.31-02.16.36:155][  0]LogTemp:Display: Loaded TP Android_ATCTargetPlatform
[2016.03.31-02.16.36:163][  0]LogTemp:Display: Loaded TP Android_DXTTargetPlatform
[2016.03.31-02.16.36:171][  0]LogTemp:Display: Loaded TP Android_ETC1TargetPlatform
[2016.03.31-02.16.36:179][  0]LogTemp:Display: Loaded TP Android_ETC2TargetPlatform
[2016.03.31-02.16.36:187][  0]LogTemp:Display: Loaded TP Android_PVRTCTargetPlatform
[2016.03.31-02.16.36:188][  0]LogTemp:Display: Loaded TP HTML5TargetPlatform
[2016.03.31-02.16.36:213][  0]LogTemp:Display: Loaded TP IOSTargetPlatform
[2016.03.31-02.16.36:221][  0]LogTemp:Display: Loaded TP LinuxNoEditorTargetPlatform
[2016.03.31-02.16.36:229][  0]LogTemp:Display: Loaded TP LinuxServerTargetPlatform
[2016.03.31-02.16.36:237][  0]LogTemp:Display: Loaded TP LinuxTargetPlatform
[2016.03.31-02.16.36:237][  0]LogTargetPlatformManager:Display: Building Assets For Windows
[2016.03.31-02.16.36:391][  0]LogDerivedDataCache:Display: Max Cache Size: 512 MB
[2016.03.31-02.16.36:485][  0]LogDerivedDataCache: Loaded boot cache 0.09s 41MB C:/Users/Thomas/AppData/Local/UnrealEngine/4.9/DerivedDataCache/Boot.ddc.
[2016.03.31-02.16.36:485][  0]LogDerivedDataCache:Display: Loaded Boot cache: C:/Users/Thomas/AppData/Local/UnrealEngine/4.9/DerivedDataCache/Boot.ddc
[2016.03.31-02.16.36:485][  0]LogDerivedDataCache: FDerivedDataBackendGraph:  Pak pak cache file ../../../../../../Users/Thomas/Code/Talents/DerivedDataCache/DDC.ddp not found, will not use a pak cache.
[2016.03.31-02.16.36:485][  0]LogDerivedDataCache: Unable to find inner node Pak for hierarchical cache Hierarchy.
[2016.03.31-02.16.36:485][  0]LogDerivedDataCache: FDerivedDataBackendGraph:  CompressedPak pak cache file ../../../../../../Users/Thomas/Code/Talents/DerivedDataCache/Compressed.ddp not found, will not use a pak cache.
[2016.03.31-02.16.36:485][  0]LogDerivedDataCache: Unable to find inner node CompressedPak for hierarchical cache Hierarchy.
[2016.03.31-02.16.36:789][  0]LogDerivedDataCache:Display: Pak cache opened for reading ../../../Engine/DerivedDataCache/Compressed.ddp.
[2016.03.31-02.16.36:802][  0]LogDerivedDataCache: Using Local data cache path C:/Users/Thomas/AppData/Local/UnrealEngine/Common/DerivedDataCache: Writable
[2016.03.31-02.16.37:071][  0]LogInit: Selected Device Profile: [Windows]
[2016.03.31-02.16.37:076][  0]LogContentStreaming: Texture pool size is 0.000000MB
[2016.03.31-02.16.37:263][  0]LogMeshUtilities: No automatic mesh reduction module available
[2016.03.31-02.16.37:263][  0]LogMeshUtilities: No automatic mesh merging module available
[2016.03.31-02.16.37:665][  0]LogInit: WinSock: version 1.1 (2.2), MaxSocks=32767, MaxUdp=65467
[2016.03.31-02.16.57:751][  0]UdpMessaging: Initializing bridge on interface 0.0.0.0:0 to multicast group 230.0.0.1:6666.
[2016.03.31-02.16.58:202][  0]LogAssetRegistry: FAssetRegistry took 0.0109 seconds to start up
[2016.03.31-02.16.58:599][  0]SourceControl: Info Source control is disabled
[2016.03.31-02.16.58:715][  0]SourceControl: Info Source control is disabled
[2016.03.31-02.16.58:743][  0]SourceControl: Info Source control is disabled
[2016.03.31-02.16.58:767][  0]SourceControl: Info Source control is disabled
[2016.03.31-02.16.59:170][  0]LogLinker:Warning: Asset '../../../Engine/Plugins/Runtime/LeapMotionController/Content/LM_PassthroughMaterial.uasset' has been saved with empty engine version. The asset will be loaded but may be incompatible.
[2016.03.31-02.16.59:328][  0]LogObj: 28361 objects as part of root set at end of initial load.
[2016.03.31-02.16.59:329][  0]LogUObjectAllocator: 6038872 out of 0 bytes used by permanent object pool.
[2016.03.31-02.16.59:639][  0]LogEngine: Initializing Engine...
[2016.03.31-02.16.59:644][  0]LogHMD: Can't find Oculus library dev build: is proper Runtime installed? Version: 0.7.0.0
[2016.03.31-02.16.59:655][  0]LogHMD: SteamVR failed to initialize.  Err: 108
[2016.03.31-02.16.59:893][  0]LogAIModule: Creating AISystem for world NewWorld
[2016.03.31-02.16.59:906][  0]LogInit: XAudio2 using 'Speakers (Realtek High Definition Audio)' : 2 channels at 48 kHz using 32 bits per sample (channel mask 0x3)
[2016.03.31-02.16.59:931][  0]LogInit: FAudioDevice initialized.
[2016.03.31-02.16.59:973][  0]LogDerivedDataCache: Saved boot cache 0.04s 41MB C:/Users/Thomas/AppData/Local/UnrealEngine/4.9/DerivedDataCache/Boot.ddc.
[2016.03.31-02.16.59:981][  0]LogInit: Texture streaming: Enabled
[2016.03.31-02.16.59:991][  0]LogAnalytics: Creating configured Analytics provider AnalyticsET
[2016.03.31-02.16.59:991][  0]LogAnalytics: [UEEditor.Rocket.Release] APIServer = http://et2.epicgames.com/ET2/. AppVersion = 4.9.2-2707645+++depot+UE4-Releases+4.9
[2016.03.31-02.16.59:992][  0]LogAnalytics: [UEEditor.Rocket.Release] SetUserId 9137a229423ce0abd15f43af8d071b78|6f72fca771cd4ab4a5e00d1744cfc368|0a3d2142-832f-45b8-b9db-501cd138b6a3
[2016.03.31-02.16.59:992][  0]LogAnalytics: [UEEditor.Rocket.Release] AnalyticsET::StartSession
[2016.03.31-02.17.00:050][  0]LogInit: Transaction tracking system initialized
[2016.03.31-02.17.00:134][  0]BlueprintLog: New page: Editor Load
[2016.03.31-02.17.00:482][  0]LocalizationService: Info Localization service is disabled
[2016.03.31-02.17.00:911][  0]LogConsoleResponse:Display: 
[2016.03.31-02.17.01:197][  0]LogCook:Display: Done creating registry. It took  0.00s.
[2016.03.31-02.17.01:972][  0]LogFileCache: Scanning file cache for directory 'C:/Users/Thomas/Code/Talents/Content/' took 0.01s
[2016.03.31-02.17.01:992][  0]SourceControl: Info Source control is disabled
[2016.03.31-02.17.01:993][  0]Cmd: MAP LOAD FILE="../../../../../../Users/Thomas/Code/Talents/Content/Intro.umap" TEMPLATE=0 SHOWPROGRESS=1 FEATURELEVEL=3
[2016.03.31-02.17.02:039][  0]LightingResults: New page: Lighting Build
[2016.03.31-02.17.02:053][  0]MapCheck: New page: Map Check
[2016.03.31-02.17.02:053][  0]LightingResults: New page: Lighting Build
[2016.03.31-02.17.02:088][  0]LogParticles: Destroying 0 GPU particle simulations for FXSystem 0x000000641F2EE160
[2016.03.31-02.17.02:332][  0]LogAIModule: Creating AISystem for world Intro
[2016.03.31-02.17.02:335][  0]LogEditorServer: Finished looking for orphan Actors (0.000 secs)
[2016.03.31-02.17.02:336][  0]Cmd: MAP CHECKDEP NOCLEARLOG
[2016.03.31-02.17.02:458][  0]MapCheck: Info Map check complete: 0 Error(s), 0 Warning(s), took 122.035ms to complete.
[2016.03.31-02.17.02:458][  0]LogFileHelpers: Loading map 'Intro' took 0.465
[2016.03.31-02.17.02:996][  0]LogCollectionManager: Loaded 0 collections in 0.004846 seconds
[2016.03.31-02.17.03:046][  0]LogFileCache: Scanning file cache for directory 'C:/Users/Thomas/Code/Talents/Saved/Collections/' took 0.01s
[2016.03.31-02.17.03:046][  0]LogFileCache: Scanning file cache for directory 'C:/Users/Thomas/Code/Talents/Content/Developers/Thomas/Collections/' took 0.01s
[2016.03.31-02.17.03:046][  0]LogFileCache: Scanning file cache for directory 'C:/Users/Thomas/Code/Talents/Content/Collections/' took 0.01s
[2016.03.31-02.17.03:046][  0]LogContentBrowser: Native class hierarchy populated in 0.0156 seconds. Added 1867 classes and 333 folders.
[2016.03.31-02.17.03:096][  0]LogCollectionManager: Rebuilt the GUID cache for 0 collections in 0.000005 seconds
[2016.03.31-02.17.03:114][  0]LogContentBrowser: Native class hierarchy updated for 'WidgetCarousel' in 0.0006 seconds. Added 0 classes and 0 folders.
[2016.03.31-02.17.05:609][  0]LogContentBrowser: Native class hierarchy updated for 'AddContentDialog' in 0.0008 seconds. Added 0 classes and 0 folders.
[2016.03.31-02.17.05:635][  0]LogContentBrowser: Native class hierarchy updated for 'SceneOutliner' in 0.0008 seconds. Added 1 classes and 2 folders.
[2016.03.31-02.17.05:737][  0]LogCrashTracker: Crashtracker disabled due to settings.
[2016.03.31-02.17.05:749][  0]LogUObjectGlobals:Warning: Failed to find object 'Class None.'
[2016.03.31-02.17.05:815][  0]LogLoad: Full Startup: 35.09 seconds (BP compile: 0.00 seconds)
[2016.03.31-02.17.06:797][  0]LogContentStreaming: Texture pool size now 1000 MB
[2016.03.31-02.17.07:222][  0]LogRenderer: Reallocating scene render targets to support 1168x600 (Frame:2).
[2016.03.31-02.17.08:419][  4]LogAssetRegistry: Asset discovery search completed in 10.2283 seconds
[2016.03.31-02.17.08:419][  4]LogCollectionManager: Rebuilt the object cache for 0 collections in 0.000002 seconds (found 0 objects)
[2016.03.31-02.17.08:419][  4]LogCollectionManager: Fixed up redirectors for 0 collections in 0.000038 seconds (updated 0 objects)
[2016.03.31-02.17.14:710][ 81]LogEditorViewport: Clicking on Actor (LMB): PaperSpriteActor (background)
[2016.03.31-02.17.15:337][124]LogEditorViewport: Clicking on Actor (LMB): PaperSpriteActor (Platform3)
[2016.03.31-02.17.18:444][346]Cmd: OBJ SAVEPACKAGE PACKAGE="/Game/Intro" FILE="../../../../../../Users/Thomas/Code/Talents/Content/Intro.umap" SILENT=true AUTOSAVING=false KEEPDIRTY=false
[2016.03.31-02.17.18:504][346]LogSavePackage: Save=25.619503ms
[2016.03.31-02.17.18:504][346]LogSavePackage: Moving '../../../../../../Users/Thomas/Code/Talents/Saved/Intro8556CFB24614F5644C024D93940E4E0C.tmp' to '../../../../../../Users/Thomas/Code/Talents/Content/Intro.umap'
[2016.03.31-02.17.18:504][346]LogFileManager:Warning: DeleteFile was unable to delete '../../../../../../Users/Thomas/Code/Talents/Content/Intro.umap', retrying in .5s...
[2016.03.31-02.17.19:006][346]LogFileManager:Error: Error deleting file '../../../../../../Users/Thomas/Code/Talents/Content/Intro.umap'.
[2016.03.31-02.17.19:006][346]LogSavePackage:Error: Error saving '../../../../../../Users/Thomas/Code/Talents/Content/Intro.umap'
[2016.03.31-02.17.19:007][346]LogSavePackage: Total save time: 542.364866ms
[2016.03.31-02.17.19:007][346]LogSavePackage:Warning: Finished SavePackage ../../../../../../Users/Thomas/Code/Talents/Content/Intro.umap
[2016.03.31-02.17.19:177][346]EditorErrors: New page: Save Output
[2016.03.31-02.17.19:177][346]EditorErrors:Warning: Warning Error saving '../../../../../../Users/Thomas/Code/Talents/Content/Intro.umap'
[2016.03.31-02.17.19:371][346]LogFileHelpers: Saving map 'Intro' took 1.005
[2016.03.31-02.17.24:775][346]Cmd: OBJ SAVEPACKAGE PACKAGE="/Game/Intro" FILE="../../../../../../Users/Thomas/Code/Talents/Content/Intro.umap" SILENT=true AUTOSAVING=false KEEPDIRTY=false
[2016.03.31-02.17.24:842][346]LogSavePackage: Save=40.401505ms
[2016.03.31-02.17.24:842][346]LogSavePackage: Moving '../../../../../../Users/Thomas/Code/Talents/Saved/IntroF9F7C06746AB6C20C90CC5B7AF1536C5.tmp' to '../../../../../../Users/Thomas/Code/Talents/Content/Intro.umap'
[2016.03.31-02.17.24:842][346]LogFileManager:Warning: DeleteFile was unable to delete '../../../../../../Users/Thomas/Code/Talents/Content/Intro.umap', retrying in .5s...
[2016.03.31-02.17.25:343][346]LogFileManager:Error: Error deleting file '../../../../../../Users/Thomas/Code/Talents/Content/Intro.umap'.
[2016.03.31-02.17.25:343][346]LogSavePackage:Error: Error saving '../../../../../../Users/Thomas/Code/Talents/Content/Intro.umap'
[2016.03.31-02.17.25:344][346]LogSavePackage: Total save time: 550.946865ms
[2016.03.31-02.17.25:344][346]LogSavePackage:Warning: Finished SavePackage ../../../../../../Users/Thomas/Code/Talents/Content/Intro.umap
[2016.03.31-02.17.25:345][346]EditorErrors: New page: Save Output
[2016.03.31-02.17.25:345][346]EditorErrors:Warning: Warning Error saving '../../../../../../Users/Thomas/Code/Talents/Content/Intro.umap'
[2016.03.31-02.17.25:360][346]LogFileHelpers: Saving map 'Intro' took 0.656
[2016.03.31-02.17.37:448][ 20]LogEditorFactories: Performing atomic reimport of [C:/Users/Thomas/Code/Talents/Content/Textures/platform.png]
[2016.03.31-02.17.37:448][ 20]LogFactory: FactoryCreateBinary: Texture2D with ReimportTextureFactory (0 0 C:/Users/Thomas/Code/Talents/Content/Textures/platform.png)
[2016.03.31-02.17.37:485][ 20]LogTexture:Display: Building textures: platform (AutoDXT)
[2016.03.31-02.17.37:555][ 20]LogEditorFactories: -- imported successfully
[2016.03.31-02.18.16:386][678]LogEditorFactories: Performing atomic reimport of [C:/Users/Thomas/Code/Talents/Content/Textures/platform.png]
[2016.03.31-02.18.16:386][678]LogFactory: FactoryCreateBinary: Texture2D with ReimportTextureFactory (0 0 C:/Users/Thomas/Code/Talents/Content/Textures/platform.png)
[2016.03.31-02.18.16:390][678]LogTexture:Display: Building textures: platform (AutoDXT)
[2016.03.31-02.18.16:403][678]LogEditorFactories: -- imported successfully
[2016.03.31-02.18.17:368][754]AssetReimport: New page: Outstanding source content changes 12:18:17 PM
[2016.03.31-02.18.17:380][755]LogEditorFactories: Performing atomic reimport of [C:/Users/Thomas/Code/Talents/Content/Textures/platform.png]
[2016.03.31-02.18.17:380][755]LogFactory: FactoryCreateBinary: Texture2D with ReimportTextureFactory (0 0 C:/Users/Thomas/Code/Talents/Content/Textures/platform.png)
[2016.03.31-02.18.17:401][755]LogEditorFactories: -- imported successfully
[2016.03.31-02.18.17:666][775]LogEditorViewport: Clicking on Actor (LMB): PaperSpriteActor (background)
[2016.03.31-02.18.20:440][975]AssetReimport: Info Reimported asset platform from C:/Users/Thomas/Code/Talents/Content/Textures/platform.png.
[2016.03.31-02.18.26:504][292]LogRenderer: Reallocating scene render targets to support 1168x904 (Frame:1755).
[2016.03.31-02.18.40:265][954]Cmd: OBJ SAVEPACKAGE PACKAGE="/Game/Intro" FILE="../../../../../../Users/Thomas/Code/Talents/Content/Intro.umap" SILENT=true AUTOSAVING=false KEEPDIRTY=false
[2016.03.31-02.18.40:335][954]LogSavePackage: Save=32.850430ms
[2016.03.31-02.18.40:335][954]LogSavePackage: Moving '../../../../../../Users/Thomas/Code/Talents/Saved/Intro240766914281A0198BC26A8854432C81.tmp' to '../../../../../../Users/Thomas/Code/Talents/Content/Intro.umap'
[2016.03.31-02.18.40:336][954]LogFileManager:Warning: DeleteFile was unable to delete '../../../../../../Users/Thomas/Code/Talents/Content/Intro.umap', retrying in .5s...
[2016.03.31-02.18.40:837][954]LogFileManager:Error: Error deleting file '../../../../../../Users/Thomas/Code/Talents/Content/Intro.umap'.
[2016.03.31-02.18.40:837][954]LogSavePackage:Error: Error saving '../../../../../../Users/Thomas/Code/Talents/Content/Intro.umap'
[2016.03.31-02.18.40:838][954]LogSavePackage: Total save time: 548.276041ms
[2016.03.31-02.18.40:838][954]LogSavePackage:Warning: Finished SavePackage ../../../../../../Users/Thomas/Code/Talents/Content/Intro.umap
[2016.03.31-02.18.40:841][954]EditorErrors: New page: Save Output
[2016.03.31-02.18.40:841][954]EditorErrors:Warning: Warning Error saving '../../../../../../Users/Thomas/Code/Talents/Content/Intro.umap'
[2016.03.31-02.18.40:865][954]LogFileHelpers: Saving map 'Intro' took 0.697
[2016.03.31-02.18.44:828][954]Cmd: OBJ SAVEPACKAGE PACKAGE="/Game/Intro" FILE="../../../../../../Users/Thomas/Code/Talents/Content/Intro.umap" SILENT=true AUTOSAVING=false KEEPDIRTY=false
[2016.03.31-02.18.44:884][954]LogSavePackage: Save=26.628742ms
[2016.03.31-02.18.44:884][954]LogSavePackage: Moving '../../../../../../Users/Thomas/Code/Talents/Saved/Intro943DA3464CA866870A8018B0CBA63B9C.tmp' to '../../../../../../Users/Thomas/Code/Talents/Content/Intro.umap'
[2016.03.31-02.18.44:885][954]LogFileManager:Warning: DeleteFile was unable to delete '../../../../../../Users/Thomas/Code/Talents/Content/Intro.umap', retrying in .5s...
[2016.03.31-02.18.45:385][954]LogFileManager:Error: Error deleting file '../../../../../../Users/Thomas/Code/Talents/Content/Intro.umap'.
[2016.03.31-02.18.45:385][954]LogSavePackage:Error: Error saving '../../../../../../Users/Thomas/Code/Talents/Content/Intro.umap'
[2016.03.31-02.18.45:386][954]LogSavePackage: Total save time: 538.932972ms
[2016.03.31-02.18.45:386][954]LogSavePackage:Warning: Finished SavePackage ../../../../../../Users/Thomas/Code/Talents/Content/Intro.umap
[2016.03.31-02.18.45:389][954]EditorErrors: New page: Save Output
[2016.03.31-02.18.45:389][954]EditorErrors:Warning: Warning Error saving '../../../../../../Users/Thomas/Code/Talents/Content/Intro.umap'
[2016.03.31-02.18.45:392][954]LogFileHelpers: Saving map 'Intro' took 0.646
[2016.03.31-02.18.48:503][ 18]Cmd: OBJ SAVEPACKAGE PACKAGE="/Game/Intro" FILE="../../../../../../Users/Thomas/Code/Talents/Content/Intro.umap" SILENT=true AUTOSAVING=false KEEPDIRTY=false
[2016.03.31-02.18.48:558][ 18]LogSavePackage: Save=26.452856ms
[2016.03.31-02.18.48:558][ 18]LogSavePackage: Moving '../../../../../../Users/Thomas/Code/Talents/Saved/IntroCA1304A6429DB090B46D7F8B91C28169.tmp' to '../../../../../../Users/Thomas/Code/Talents/Content/Intro.umap'
[2016.03.31-02.18.48:558][ 18]LogFileManager:Warning: DeleteFile was unable to delete '../../../../../../Users/Thomas/Code/Talents/Content/Intro.umap', retrying in .5s...
[2016.03.31-02.18.49:059][ 18]LogFileManager:Error: Error deleting file '../../../../../../Users/Thomas/Code/Talents/Content/Intro.umap'.
[2016.03.31-02.18.49:059][ 18]LogSavePackage:Error: Error saving '../../../../../../Users/Thomas/Code/Talents/Content/Intro.umap'
[2016.03.31-02.18.49:061][ 18]LogSavePackage: Total save time: 538.718235ms
[2016.03.31-02.18.49:061][ 18]LogSavePackage:Warning: Finished SavePackage ../../../../../../Users/Thomas/Code/Talents/Content/Intro.umap
[2016.03.31-02.18.49:062][ 18]EditorErrors: New page: Save Output
[2016.03.31-02.18.49:062][ 18]EditorErrors:Warning: Warning Error saving '../../../../../../Users/Thomas/Code/Talents/Content/Intro.umap'
[2016.03.31-02.18.49:065][ 18]LogFileHelpers: Saving map 'Intro' took 0.648
[2016.03.31-02.18.49:791][ 18]Cmd: OBJ SAVEPACKAGE PACKAGE="/Game/Sprites/Platform" FILE="../../../../../../Users/Thomas/Code/Talents/Content/Sprites/Platform.uasset" SILENT=true
[2016.03.31-02.18.49:822][ 18]LogSavePackage: Save=17.606424ms
[2016.03.31-02.18.49:822][ 18]LogSavePackage: Moving '../../../../../../Users/Thomas/Code/Talents/Saved/PlatformEC1A17FE4A325D8C4858B6B577A851FB.tmp' to '../../../../../../Users/Thomas/Code/Talents/Content/Sprites/Platform.uasset'
[2016.03.31-02.18.49:823][ 18]LogFileManager:Warning: DeleteFile was unable to delete '../../../../../../Users/Thomas/Code/Talents/Content/Sprites/Platform.uasset', retrying in .5s...
[2016.03.31-02.18.50:324][ 18]LogFileManager:Error: Error deleting file '../../../../../../Users/Thomas/Code/Talents/Content/Sprites/Platform.uasset'.
[2016.03.31-02.18.50:324][ 18]LogSavePackage:Error: Error saving '../../../../../../Users/Thomas/Code/Talents/Content/Sprites/Platform.uasset'
[2016.03.31-02.18.50:325][ 18]LogSavePackage: Total save time: 531.590309ms
[2016.03.31-02.18.50:325][ 18]LogSavePackage:Warning: Finished SavePackage ../../../../../../Users/Thomas/Code/Talents/Content/Sprites/Platform.uasset
[2016.03.31-02.18.52:295][ 18]Cmd: OBJ SAVEPACKAGE PACKAGE="/Game/Textures/platform" FILE="../../../../../../Users/Thomas/Code/Talents/Content/Textures/platform.uasset" SILENT=true
[2016.03.31-02.18.52:332][ 18]LogSavePackage: Save=25.125875ms
[2016.03.31-02.18.52:332][ 18]LogSavePackage: Moving '../../../../../../Users/Thomas/Code/Talents/Saved/platform82235415471AB8D2B9C78AA984D343EF.tmp' to '../../../../../../Users/Thomas/Code/Talents/Content/Textures/platform.uasset'
[2016.03.31-02.18.52:349][ 18]LogSavePackage: Total save time: 51.369719ms
[2016.03.31-02.18.52:349][ 18]LogSavePackage:Warning: Finished SavePackage ../../../../../../Users/Thomas/Code/Talents/Content/Textures/platform.uasset
[2016.03.31-02.18.52:354][ 18]EditorErrors: New page: Save Output
[2016.03.31-02.18.52:354][ 18]EditorErrors:Warning: Warning Error saving '../../../../../../Users/Thomas/Code/Talents/Content/Sprites/Platform.uasset'
[2016.03.31-02.18.57:202][ 76]LogWindowsTextInputMethodSystem:Display: IME system now deactivated.
[2016.03.31-02.18.57:614][ 77]Cmd: QUIT_EDITOR
[2016.03.31-02.18.58:243][ 77]LogExit: Preparing to exit.
[2016.03.31-02.18.58:941][ 77]LogExit: Editor shut down
[2016.03.31-02.18.58:944][ 77]LogParticles: Destroying 0 GPU particle simulations for FXSystem 0x0000006410063E20
[2016.03.31-02.18.58:944][ 77]LogExit: Transaction tracking system shut down
[2016.03.31-02.18.58:945][ 77]LogParticles: Destroying 0 GPU particle simulations for FXSystem 0x000000640EE02DE0
[2016.03.31-02.18.58:945][ 77]LogParticles: Destroying 0 GPU particle simulations for FXSystem 0x000000643BCA2D40
[2016.03.31-02.18.58:946][ 77]LogParticles: Destroying 0 GPU particle simulations for FXSystem 0x000000644238C360
[2016.03.31-02.18.59:268][ 77]LogExit: Object subsystem successfully closed.
[2016.03.31-02.18.59:290][ 77]LogD3D11RHI: Shutdown
[2016.03.31-02.18.59:290][ 77]LogD3D11RHI: CleanupD3DDevice
[2016.03.31-02.18.59:455][ 77]LogD3D11RHI: ~FD3D11DynamicRHI
[2016.03.31-02.18.59:489][ 77]LogModuleManager: Shutting down and abandoning module CrashTracker (197)
[2016.03.31-02.18.59:489][ 77]LogModuleManager: Shutting down and abandoning module SceneOutliner (196)
[2016.03.31-02.18.59:489][ 77]LogModuleManager: Shutting down and abandoning module SuperSearch (195)
[2016.03.31-02.18.59:489][ 77]LogModuleManager: Shutting down and abandoning module WidgetCarousel (194)
[2016.03.31-02.18.59:489][ 77]LogModuleManager: Shutting down and abandoning module AddContentDialog (193)
[2016.03.31-02.18.59:491][ 77]LogModuleManager: Shutting down and abandoning module EditorWidgets (192)
[2016.03.31-02.18.59:491][ 77]LogModuleManager: Shutting down and abandoning module CollectionManager (191)
[2016.03.31-02.18.59:491][ 77]LogModuleManager: Shutting down and abandoning module StatsViewer (190)
[2016.03.31-02.18.59:491][ 77]LogModuleManager: Shutting down and abandoning module FoliageEdit (189)
[2016.03.31-02.18.59:492][ 77]LogModuleManager: Shutting down and abandoning module LandscapeEditor (188)
[2016.03.31-02.18.59:492][ 77]LogModuleManager: Shutting down and abandoning module ActorPickerMode (187)
[2016.03.31-02.18.59:492][ 77]LogModuleManager: Shutting down and abandoning module GeometryMode (186)
[2016.03.31-02.18.59:492][ 77]LogModuleManager: Shutting down and abandoning module TextureAlignMode (185)
[2016.03.31-02.18.59:492][ 77]LogModuleManager: Shutting down and abandoning module BspMode (184)
[2016.03.31-02.18.59:492][ 77]LogModuleManager: Shutting down and abandoning module PlacementMode (183)
[2016.03.31-02.18.59:492][ 77]LogModuleManager: Shutting down and abandoning module AutomationWorker (182)
[2016.03.31-02.18.59:492][ 77]LogModuleManager: Shutting down and abandoning module CharacterAI (181)
[2016.03.31-02.18.59:492][ 77]LogModuleManager: Shutting down and abandoning module SmartSnapping (180)
[2016.03.31-02.18.59:492][ 77]LogModuleManager: Shutting down and abandoning module ViewportSnapping (179)
[2016.03.31-02.18.59:492][ 77]LogModuleManager: Shutting down and abandoning module LogVisualizer (178)
[2016.03.31-02.18.59:492][ 77]LogModuleManager: Shutting down and abandoning module GameProjectGeneration (177)
[2016.03.31-02.18.59:493][ 77]LogModuleManager: Shutting down and abandoning module IntroTutorials (176)
[2016.03.31-02.18.59:493][ 77]LogModuleManager: Shutting down and abandoning module EditorLiveStreaming (175)
[2016.03.31-02.18.59:493][ 77]LogModuleManager: Shutting down and abandoning module IOSPlatformEditor (174)
[2016.03.31-02.18.59:493][ 77]LogModuleManager: Shutting down and abandoning module HTML5PlatformEditor (173)
[2016.03.31-02.18.59:493][ 77]LogModuleManager: Shutting down and abandoning module AndroidDeviceDetection (172)
[2016.03.31-02.18.59:720][ 77]LogModuleManager: Shutting down and abandoning module AndroidPlatformEditor (171)
[2016.03.31-02.18.59:720][ 77]LogModuleManager: Shutting down and abandoning module IOSRuntimeSettings (170)
[2016.03.31-02.18.59:720][ 77]LogModuleManager: Shutting down and abandoning module AndroidRuntimeSettings (169)
[2016.03.31-02.18.59:720][ 77]LogModuleManager: Shutting down and abandoning module MergeActors (168)
[2016.03.31-02.18.59:720][ 77]LogModuleManager: Shutting down and abandoning module SizeMap (167)
[2016.03.31-02.18.59:721][ 77]LogModuleManager: Shutting down and abandoning module TreeMap (166)
[2016.03.31-02.18.59:721][ 77]LogModuleManager: Shutting down and abandoning module ReferenceViewer (165)
[2016.03.31-02.18.59:721][ 77]LogModuleManager: Shutting down and abandoning module LocalizationService (164)
[2016.03.31-02.18.59:721][ 77]LogModuleManager: Shutting down and abandoning module LocalizationDashboard (163)
[2016.03.31-02.18.59:721][ 77]LogModuleManager: Shutting down and abandoning module HardwareTargeting (162)
[2016.03.31-02.18.59:721][ 77]LogModuleManager: Shutting down and abandoning module DeviceProfileEditor (161)
[2016.03.31-02.18.59:721][ 77]LogModuleManager: Shutting down and abandoning module UndoHistory (160)
[2016.03.31-02.18.59:721][ 77]LogModuleManager: Shutting down and abandoning module GameplayTagsEditor (159)
[2016.03.31-02.18.59:721][ 77]LogModuleManager: Shutting down and abandoning module UserFeedback (158)
[2016.03.31-02.18.59:721][ 77]LogModuleManager: Shutting down and abandoning module XmlParser (157)
[2016.03.31-02.18.59:721][ 77]LogModuleManager: Shutting down and abandoning module Blutility (156)
[2016.03.31-02.18.59:721][ 77]LogModuleManager: Shutting down and abandoning module ProjectTargetPlatformEditor (155)
[2016.03.31-02.18.59:722][ 77]LogModuleManager: Shutting down and abandoning module ProjectSettingsViewer (154)
[2016.03.31-02.18.59:722][ 77]LogModuleManager: Shutting down and abandoning module InputBindingEditor (153)
[2016.03.31-02.18.59:722][ 77]LogModuleManager: Shutting down and abandoning module EditorSettingsViewer (152)
[2016.03.31-02.18.59:722][ 77]LogModuleManager: Shutting down and abandoning module SettingsEditor (151)
[2016.03.31-02.18.59:722][ 77]LogModuleManager: Shutting down and abandoning module ProjectLauncher (150)
[2016.03.31-02.18.59:722][ 77]LogModuleManager: Shutting down and abandoning module SessionFrontend (149)
[2016.03.31-02.18.59:722][ 77]LogModuleManager: Shutting down and abandoning module ProfilerClient (148)
[2016.03.31-02.18.59:722][ 77]LogModuleManager: Shutting down and abandoning module TargetDeviceServices (147)
[2016.03.31-02.18.59:722][ 77]LogModuleManager: Shutting down and abandoning module DeviceManager (146)
[2016.03.31-02.18.59:722][ 77]LogModuleManager: Shutting down and abandoning module AutomationController (145)
[2016.03.31-02.18.59:722][ 77]LogModuleManager: Shutting down and abandoning module AutomationWindow (144)
[2016.03.31-02.18.59:722][ 77]LogModuleManager: Shutting down and abandoning module Layers (143)
[2016.03.31-02.18.59:722][ 77]LogModuleManager: Shutting down and abandoning module ComponentVisualizers (142)
[2016.03.31-02.18.59:722][ 77]LogModuleManager: Shutting down and abandoning module DetailCustomizations (141)
[2016.03.31-02.18.59:722][ 77]LogModuleManager: Shutting down and abandoning module PackagesDialog (140)
[2016.03.31-02.18.59:723][ 77]LogModuleManager: Shutting down and abandoning module Persona (139)
[2016.03.31-02.18.59:723][ 77]LogModuleManager: Shutting down and abandoning module Kismet (138)
[2016.03.31-02.18.59:723][ 77]LogModuleManager: Shutting down and abandoning module GraphEditor (137)
[2016.03.31-02.18.59:723][ 77]LogModuleManager: Shutting down and abandoning module ClassViewer (136)
[2016.03.31-02.18.59:723][ 77]LogModuleManager: Shutting down and abandoning module Toolbox (135)
[2016.03.31-02.18.59:723][ 77]LogModuleManager: Shutting down and abandoning module ModuleUI (134)
[2016.03.31-02.18.59:723][ 77]LogModuleManager: Shutting down and abandoning module MovieSceneTools (133)
[2016.03.31-02.18.59:723][ 77]LogModuleManager: Shutting down and abandoning module OutputLog (132)
[2016.03.31-02.18.59:723][ 77]LogModuleManager: Shutting down and abandoning module GammaUI (131)
[2016.03.31-02.18.59:723][ 77]LogModuleManager: Shutting down and abandoning module Documentation (130)
[2016.03.31-02.18.59:723][ 77]LogModuleManager: Shutting down and abandoning module GameLiveStreaming (129)
[2016.03.31-02.18.59:723][ 77]LogModuleManager: Shutting down and abandoning module StreamingPauseRendering (128)
[2016.03.31-02.18.59:723][ 77]LogModuleManager: Shutting down and abandoning module AnalyticsET (127)
[2016.03.31-02.18.59:723][ 77]LogModuleManager: Shutting down and abandoning module Analytics (126)
[2016.03.31-02.18.59:723][ 77]LogModuleManager: Shutting down and abandoning module AITestSuite (125)
[2016.03.31-02.18.59:723][ 77]LogModuleManager: Shutting down and abandoning module GameplayDebugger (124)
[2016.03.31-02.18.59:723][ 77]LogModuleManager: Shutting down and abandoning module AIModule (123)
[2016.03.31-02.18.59:723][ 77]LogModuleManager: Shutting down and abandoning module ProfilerService (122)
[2016.03.31-02.18.59:941][ 77]LogModuleManager: Shutting down and abandoning module TaskGraph (121)
[2016.03.31-02.18.59:941][ 77]LogModuleManager: Shutting down and abandoning module SlateRemote (120)
[2016.03.31-02.18.59:941][ 77]LogModuleManager: Shutting down and abandoning module SteamVRController (119)
[2016.03.31-02.18.59:941][ 77]LogModuleManager: Shutting down and abandoning module SteamVR (118)
[2016.03.31-02.18.59:941][ 77]LogModuleManager: Shutting down and abandoning module ProceduralMeshComponent (117)
[2016.03.31-02.18.59:941][ 77]LogModuleManager: Shutting down and abandoning module OculusRift (116)
[2016.03.31-02.18.59:941][ 77]LogModuleManager: Shutting down and abandoning module OculusLibrary (115)
[2016.03.31-02.18.59:941][ 77]LogModuleManager: Shutting down and abandoning module LeapMotionController (114)
[2016.03.31-02.18.59:973][ 77]LogModuleManager: Shutting down and abandoning module CustomMeshComponent (113)
[2016.03.31-02.18.59:973][ 77]LogModuleManager: Shutting down and abandoning module CableComponent (112)
[2016.03.31-02.18.59:973][ 77]LogModuleManager: Shutting down and abandoning module ArchVisCharacter (111)
[2016.03.31-02.18.59:973][ 77]LogModuleManager: Shutting down and abandoning module MessagingDebugger (110)
[2016.03.31-02.18.59:973][ 77]LogModuleManager: Shutting down and abandoning module MediaPlayerEditor (109)
[2016.03.31-02.18.59:973][ 77]LogModuleManager: Shutting down and abandoning module HTML5Networking (108)
[2016.03.31-02.18.59:973][ 77]LogModuleManager: Shutting down and abandoning module SpeedTreeImporter (107)
[2016.03.31-02.18.59:973][ 77]LogModuleManager: Shutting down and abandoning module PluginBrowser (106)
[2016.03.31-02.18.59:973][ 77]LogModuleManager: Shutting down and abandoning module EpicSurvey (105)
[2016.03.31-02.18.59:974][ 77]LogModuleManager: Shutting down and abandoning module DesktopPlatform (104)
[2016.03.31-02.18.59:974][ 77]LogModuleManager: Shutting down and abandoning module VisualStudioSourceCodeAccess (103)
[2016.03.31-02.18.59:974][ 77]LogModuleManager: Shutting down and abandoning module UObjectPlugin (102)
[2016.03.31-02.18.59:974][ 77]LogModuleManager: Shutting down and abandoning module SubversionSourceControl (101)
[2016.03.31-02.18.59:974][ 77]LogModuleManager: Shutting down and abandoning module PerforceSourceControl (100)
[2016.03.31-02.18.59:974][ 77]LogModuleManager: Shutting down and abandoning module SourceControl (99)
[2016.03.31-02.18.59:974][ 77]LogModuleManager: Shutting down and abandoning module GitSourceControl (98)
[2016.03.31-02.18.59:974][ 77]LogModuleManager: Shutting down and abandoning module LightPropagationVolumeEditor (97)
[2016.03.31-02.18.59:974][ 77]LogModuleManager: Shutting down and abandoning module PaperTiledImporter (96)
[2016.03.31-02.18.59:974][ 77]LogModuleManager: Shutting down and abandoning module PaperSpriteSheetImporter (95)
[2016.03.31-02.18.59:974][ 77]LogModuleManager: Shutting down and abandoning module MeshPaint (94)
[2016.03.31-02.18.59:974][ 77]LogModuleManager: Shutting down and abandoning module SlateReflector (93)
[2016.03.31-02.18.59:974][ 77]LogModuleManager: Shutting down and abandoning module HotReload (92)
[2016.03.31-02.18.59:974][ 77]LogModuleManager: Shutting down and abandoning module MainFrame (91)
[2016.03.31-02.18.59:974][ 77]LogModuleManager: Shutting down and abandoning module LevelEditor (90)
[2016.03.31-02.18.59:976][ 77]LogModuleManager: Shutting down and abandoning module DirectoryWatcher (89)
[2016.03.31-02.18.59:978][ 77]LogModuleManager: Shutting down and abandoning module AssetRegistry (88)
[2016.03.31-02.19.00:056][ 77]LogModuleManager: Shutting down and abandoning module ContentBrowser (87)
[2016.03.31-02.19.00:058][ 77]LogModuleManager: Shutting down and abandoning module Paper2DEditor (86)
[2016.03.31-02.19.00:058][ 77]LogModuleManager: Shutting down and abandoning module UdpMessaging (85)
[2016.03.31-02.19.00:159][ 77]LogModuleManager: Shutting down and abandoning module LightPropagationVolumeRuntime (84)
[2016.03.31-02.19.00:159][ 77]LogModuleManager: Shutting down and abandoning module Paper2D (83)
[2016.03.31-02.19.00:159][ 77]LogModuleManager: Shutting down and abandoning module WindowsMoviePlayer (82)
[2016.03.31-02.19.00:163][ 77]LogModuleManager: Shutting down and abandoning module Media (81)
[2016.03.31-02.19.00:163][ 77]LogModuleManager: Shutting down and abandoning module WmfMedia (80)
[2016.03.31-02.19.00:164][ 77]LogModuleManager: Shutting down and abandoning module OnlineBlueprintSupport (79)
[2016.03.31-02.19.00:164][ 77]LogModuleManager: Shutting down and abandoning module GameplayTasksEditor (78)
[2016.03.31-02.19.00:164][ 77]LogModuleManager: Shutting down and abandoning module PropertyEditor (77)
[2016.03.31-02.19.00:164][ 77]LogModuleManager: Shutting down and abandoning module BehaviorTreeEditor (76)
[2016.03.31-02.19.00:164][ 77]LogModuleManager: Shutting down and abandoning module FunctionalTesting (75)
[2016.03.31-02.19.00:164][ 77]LogModuleManager: Shutting down and abandoning module CollisionAnalyzer (74)
[2016.03.31-02.19.00:164][ 77]LogModuleManager: Shutting down and abandoning module WorkspaceMenuStructure (73)
[2016.03.31-02.19.00:164][ 77]LogModuleManager: Shutting down and abandoning module MessageLog (72)
[2016.03.31-02.19.00:164][ 77]LogModuleManager: Shutting down and abandoning module Sequencer (71)
[2016.03.31-02.19.00:164][ 77]LogModuleManager: Shutting down and abandoning module AssetTools (70)
[2016.03.31-02.19.00:164][ 77]LogModuleManager: Shutting down and abandoning module UMGEditor (69)
[2016.03.31-02.19.00:164][ 77]LogModuleManager: Shutting down and abandoning module UMG (68)
[2016.03.31-02.19.00:164][ 77]LogModuleManager: Shutting down and abandoning module Slate (67)
[2016.03.31-02.19.00:164][ 77]LogModuleManager: Shutting down and abandoning module EditorStyle (66)
[2016.03.31-02.19.00:171][ 77]LogModuleManager: Shutting down and abandoning module SessionServices (65)
[2016.03.31-02.19.00:171][ 77]LogModuleManager: Shutting down and abandoning module SourceCodeAccess (64)
[2016.03.31-02.19.00:171][ 77]LogModuleManager: Shutting down and abandoning module HeadMountedDisplay (63)
[2016.03.31-02.19.00:171][ 77]LogModuleManager: Shutting down and abandoning module XAudio2 (62)
[2016.03.31-02.19.00:171][ 77]LogModuleManager: Shutting down and abandoning module Networking (60)
[2016.03.31-02.19.00:171][ 77]LogModuleManager: Shutting down and abandoning module Core (59)
[2016.03.31-02.19.00:171][ 77]LogModuleManager: Shutting down and abandoning module KismetCompiler (58)
[2016.03.31-02.19.00:171][ 77]LogModuleManager: Shutting down and abandoning module PhysXFormats (57)
[2016.03.31-02.19.00:171][ 77]LogModuleManager: Shutting down and abandoning module MeshUtilities (56)
[2016.03.31-02.19.00:171][ 77]LogModuleManager: Shutting down and abandoning module CookingStats (55)
[2016.03.31-02.19.00:172][ 77]LogModuleManager: Shutting down and abandoning module DerivedDataCache (54)
[2016.03.31-02.19.00:244][ 77]LogDerivedDataCache: Shutdown
[2016.03.31-02.19.00:244][ 77]LogModuleManager: Shutting down and abandoning module ShaderFormatOpenGL (53)
[2016.03.31-02.19.00:244][ 77]LogModuleManager: Shutting down and abandoning module ShaderFormatD3D (52)
[2016.03.31-02.19.00:244][ 77]LogModuleManager: Shutting down and abandoning module MetalShaderFormat (51)
[2016.03.31-02.19.00:244][ 77]LogModuleManager: Shutting down and abandoning module TextureFormatUncompressed (50)
[2016.03.31-02.19.00:244][ 77]LogModuleManager: Shutting down and abandoning module TextureFormatPVR (49)
[2016.03.31-02.19.00:244][ 77]LogModuleManager: Shutting down and abandoning module TextureFormatIntelISPCTexComp (48)
[2016.03.31-02.19.00:244][ 77]LogModuleManager: Shutting down and abandoning module TextureFormatDXT (47)
[2016.03.31-02.19.00:244][ 77]LogModuleManager: Shutting down and abandoning module ImageWrapper (46)
[2016.03.31-02.19.00:244][ 77]LogModuleManager: Shutting down and abandoning module TextureFormatASTC (45)
[2016.03.31-02.19.00:244][ 77]LogModuleManager: Shutting down and abandoning module TextureFormatAndroid (44)
[2016.03.31-02.19.00:244][ 77]LogModuleManager: Shutting down and abandoning module AudioFormatOpus (43)
[2016.03.31-02.19.00:244][ 77]LogModuleManager: Shutting down and abandoning module AudioFormatOgg (42)
[2016.03.31-02.19.00:244][ 77]LogModuleManager: Shutting down and abandoning module AudioFormatADPCM (41)
[2016.03.31-02.19.00:244][ 77]LogModuleManager: Shutting down and abandoning module LinuxTargetPlatform (40)
[2016.03.31-02.19.00:244][ 77]LogModuleManager: Shutting down and abandoning module LinuxServerTargetPlatform (39)
[2016.03.31-02.19.00:244][ 77]LogModuleManager: Shutting down and abandoning module LinuxNoEditorTargetPlatform (38)
[2016.03.31-02.19.00:244][ 77]LogModuleManager: Shutting down and abandoning module Messaging (37)
[2016.03.31-02.19.00:244][ 77]LogModuleManager: Shutting down and abandoning module IOSTargetPlatform (36)
[2016.03.31-02.19.00:244][ 77]LogModuleManager: Shutting down and abandoning module HTML5TargetPlatform (35)
[2016.03.31-02.19.00:244][ 77]LogModuleManager: Shutting down and abandoning module Android_PVRTCTargetPlatform (34)
[2016.03.31-02.19.00:244][ 77]LogModuleManager: Shutting down and abandoning module Android_ETC2TargetPlatform (33)
[2016.03.31-02.19.00:244][ 77]LogModuleManager: Shutting down and abandoning module Android_ETC1TargetPlatform (32)
[2016.03.31-02.19.00:244][ 77]LogModuleManager: Shutting down and abandoning module Android_DXTTargetPlatform (31)
[2016.03.31-02.19.00:244][ 77]LogModuleManager: Shutting down and abandoning module Android_ATCTargetPlatform (30)
[2016.03.31-02.19.00:244][ 77]LogModuleManager: Shutting down and abandoning module Android_ASTCTargetPlatform (29)
[2016.03.31-02.19.00:244][ 77]LogModuleManager: Shutting down and abandoning module AndroidTargetPlatform (28)
[2016.03.31-02.19.00:244][ 77]LogModuleManager: Shutting down and abandoning module WindowsTargetPlatform (27)
[2016.03.31-02.19.00:244][ 77]LogModuleManager: Shutting down and abandoning module WindowsServerTargetPlatform (26)
[2016.03.31-02.19.00:244][ 77]LogModuleManager: Shutting down and abandoning module WindowsNoEditorTargetPlatform (25)
[2016.03.31-02.19.00:244][ 77]LogModuleManager: Shutting down and abandoning module WindowsClientTargetPlatform (24)
[2016.03.31-02.19.00:244][ 77]LogModuleManager: Shutting down and abandoning module AllDesktopTargetPlatform (23)
[2016.03.31-02.19.00:244][ 77]LogModuleManager: Shutting down and abandoning module TargetPlatform (22)
[2016.03.31-02.19.00:244][ 77]LogModuleManager: Shutting down and abandoning module InputCore (21)
[2016.03.31-02.19.00:244][ 77]LogModuleManager: Shutting down and abandoning module Settings (20)
[2016.03.31-02.19.00:244][ 77]LogModuleManager: Shutting down and abandoning module OnlineSubsystem (18)
[2016.03.31-02.19.00:245][ 77]LogModuleManager: Shutting down and abandoning module HTTP (17)
[2016.03.31-02.19.01:250][ 77]LogModuleManager: Shutting down and abandoning module XMPP (16)
[2016.03.31-02.19.01:250][ 77]LogModuleManager: Shutting down and abandoning module ExampleDeviceProfileSelector (15)
[2016.03.31-02.19.01:250][ 77]LogModuleManager: Shutting down and abandoning module TextureCompressor (14)
[2016.03.31-02.19.01:250][ 77]LogModuleManager: Shutting down and abandoning module ShaderCore (13)
[2016.03.31-02.19.01:250][ 77]LogModuleManager: Shutting down and abandoning module Landscape (12)
[2016.03.31-02.19.01:250][ 77]LogModuleManager: Shutting down and abandoning module SlateRHIRenderer (11)
[2016.03.31-02.19.01:255][ 77]LogModuleManager: Shutting down and abandoning module OpenGLDrv (10)
[2016.03.31-02.19.01:255][ 77]LogModuleManager: Shutting down and abandoning module D3D11RHI (9)
[2016.03.31-02.19.01:255][ 77]LogModuleManager: Shutting down and abandoning module AnimGraphRuntime (8)
[2016.03.31-02.19.01:255][ 77]LogModuleManager: Shutting down and abandoning module Renderer (7)
[2016.03.31-02.19.01:255][ 77]LogModuleManager: Shutting down and abandoning module Engine (6)
[2016.03.31-02.19.01:255][ 77]LogModuleManager: Shutting down and abandoning module CoreUObject (5)
[2016.03.31-02.19.01:255][ 77]LogModuleManager: Shutting down and abandoning module NetworkFile (4)
[2016.03.31-02.19.01:255][ 77]LogModuleManager: Shutting down and abandoning module StreamingFile (3)
[2016.03.31-02.19.01:255][ 77]LogModuleManager: Shutting down and abandoning module SandboxFile (2)
[2016.03.31-02.19.01:255][ 77]LogModuleManager: Shutting down and abandoning module PakFile (1)
[2016.03.31-02.19.01:256][ 77]LogExit: Exiting.
[2016.03.31-02.19.01:263][ 77]Log file closed, 03/30/16 19:19:01
