[2016.03.30-21.55.37:466][  0]Log file open, 03/30/16 14:55:37
[2016.03.30-21.55.37:466][  0]LogInit:Display: Running engine for game: Talent
[2016.03.30-21.55.37:466][  0]LogInit:Display: RandInit(258617350) SRandInit(258617351).
[2016.03.30-21.55.37:466][  0]LogTaskGraph: Started task graph with 4 named threads and 7 total threads.
[2016.03.30-21.55.37:466][  0]LogStats: Stats thread started at 4.413580
[2016.03.30-21.55.37:466][  0]LogInit: Version: 4.9.2-2707645+++depot+UE4-Releases+4.9
[2016.03.30-21.55.37:466][  0]LogInit: API Version: 2672455
[2016.03.30-21.55.37:466][  0]LogInit: Compiled (64-bit): Sep 28 2015 10:25:44
[2016.03.30-21.55.37:466][  0]LogInit: Compiled with Visual C++: 18.00.21005.01
[2016.03.30-21.55.37:466][  0]LogInit: Build Configuration: Development
[2016.03.30-21.55.37:466][  0]LogInit: Branch Name: ++depot+UE4-Releases+4.9
[2016.03.30-21.55.37:466][  0]LogInit: Command line:  
[2016.03.30-21.55.37:466][  0]LogInit: Base directory: C:/Program Files/Epic Games/4.9/Engine/Binaries/Win64/
[2016.03.30-21.55.37:466][  0]LogInit: Rocket: 1
[2016.03.30-21.55.38:005][  0]LogInit: Using libcurl 7.41.0
[2016.03.30-21.55.38:005][  0]LogInit:  - built for x86_64-pc-win32
[2016.03.30-21.55.38:007][  0]LogInit:  - supports SSL with WinSSL
[2016.03.30-21.55.38:007][  0]LogInit:  - other features:
[2016.03.30-21.55.38:007][  0]LogInit:      CURL_VERSION_SSL
[2016.03.30-21.55.38:007][  0]LogInit:      CURL_VERSION_IPV6
[2016.03.30-21.55.38:007][  0]LogInit:      CURL_VERSION_ASYNCHDNS
[2016.03.30-21.55.38:007][  0]LogInit:      CURL_VERSION_LARGEFILE
[2016.03.30-21.55.38:007][  0]LogInit:      CURL_VERSION_IDN
[2016.03.30-21.55.38:007][  0]LogInit:  CurlRequestOptions (configurable via config and command line):
[2016.03.30-21.55.38:007][  0]LogInit:  - bVerifyPeer = true  - Libcurl will verify peer certificate
[2016.03.30-21.55.38:007][  0]LogInit:  - bUseHttpProxy = false  - Libcurl will NOT use HTTP proxy
[2016.03.30-21.55.38:007][  0]LogInit:  - bDontReuseConnections = false  - Libcurl will reuse connections
[2016.03.30-21.55.38:007][  0]LogInit:  - CertBundlePath = nullptr  - Libcurl will use whatever was configured at build time.
[2016.03.30-21.55.38:364][  0]LogInit: Presizing for 0 objects not considered by GC, pre-allocating 0 bytes.
[2016.03.30-21.55.38:375][  0]LogInit: Object subsystem initialized
[2016.03.30-21.55.38:449][  0]LogInit: Selected Device Profile: [Windows]
[2016.03.30-21.55.38:449][  0]LogInit: Applying CVar settings loaded from the selected device profile: [Windows]
[2016.03.30-21.55.38:559][  0]LogInit: Computer: THOMAS-PC
[2016.03.30-21.55.38:559][  0]LogInit: User: Thomas
[2016.03.30-21.55.38:559][  0]LogInit: CPU Page size=4096, Cores=4
[2016.03.30-21.55.38:559][  0]LogInit: High frequency timer resolution =3.320322 MHz
[2016.03.30-21.55.38:559][  0]LogMemory: Memory total: Physical=7.9GB (8GB approx)
[2016.03.30-21.55.38:559][  0]LogMemory: Platform Memory Stats for Windows
[2016.03.30-21.55.38:559][  0]LogMemory: Process Physical Memory: 53.79 MB used, 53.79 MB peak
[2016.03.30-21.55.38:559][  0]LogMemory: Process Virtual Memory: 57.23 MB used, 57.23 MB peak
[2016.03.30-21.55.38:559][  0]LogMemory: Physical Memory: 4857.46 MB used, 8120.09 MB total
[2016.03.30-21.55.38:559][  0]LogMemory: Virtual Memory: 366.32 MB used, 134217728.00 MB total
[2016.03.30-21.55.41:999][  0]LogTextLocalizationManager: No specific translations for ('en-US') exist, so ('en') translations will be used.
[2016.03.30-21.55.45:062][  0]LogD3D11RHI: Found D3D11 adapter 0: NVIDIA GeForce GTX 650 Ti  (Feature Level 11_0)
[2016.03.30-21.55.45:062][  0]LogD3D11RHI: Adapter has 1990MB of dedicated video memory, 0MB of dedicated system memory, and 4060MB of shared system memory, 3 output[s]
[2016.03.30-21.55.45:064][  0]LogD3D11RHI: Found D3D11 adapter 1: Microsoft Basic Render Driver (Feature Level 11_0)
[2016.03.30-21.55.45:064][  0]LogD3D11RHI: Adapter has 0MB of dedicated video memory, 0MB of dedicated system memory, and 4060MB of shared system memory, 0 output[s]
[2016.03.30-21.55.45:064][  0]LogD3D11RHI: Chosen D3D11 Adapter Id = 0
[2016.03.30-21.55.45:072][  0]LogD3D11RHI: !Direct3DDevice
[2016.03.30-21.55.45:073][  0]LogRHI: Texture pool is 1361 MB (70% of 1945 MB)
[2016.03.30-21.55.45:093][  0]LogD3D11RHI: Async texture creation enabled
[2016.03.30-21.55.45:203][  0]LogShaderCompilers: Guid format shader working directory is 15 characters bigger than the processId version (../../../../../../Users/Thomas/Code/Talents/Intermediate/Shaders/WorkingDirectory/6088/).
[2016.03.30-21.55.45:203][  0]LogShaderCompilers: Cleaned the shader compiler working directory '../../../../../../Users/Thomas/Code/Talents/Intermediate/Shaders/tmp/C86F08CE4D58C0B9F1DE82AB5EBA9DC9/'.
[2016.03.30-21.55.45:203][  0]LogShaderCompilers:Display: Using Local Shader Compiler.
[2016.03.30-21.56.00:073][  0]LogTemp:Display: Loaded TP AllDesktopTargetPlatform
[2016.03.30-21.56.00:082][  0]LogTemp:Display: Loaded TP WindowsClientTargetPlatform
[2016.03.30-21.56.00:091][  0]LogTemp:Display: Loaded TP WindowsNoEditorTargetPlatform
[2016.03.30-21.56.00:101][  0]LogTemp:Display: Loaded TP WindowsServerTargetPlatform
[2016.03.30-21.56.00:127][  0]LogTemp:Display: Loaded TP WindowsTargetPlatform
[2016.03.30-21.56.00:152][  0]LogTemp:Display: Loaded TP AndroidTargetPlatform
[2016.03.30-21.56.00:159][  0]LogTemp:Display: Loaded TP Android_ASTCTargetPlatform
[2016.03.30-21.56.00:165][  0]LogTemp:Display: Loaded TP Android_ATCTargetPlatform
[2016.03.30-21.56.00:173][  0]LogTemp:Display: Loaded TP Android_DXTTargetPlatform
[2016.03.30-21.56.00:180][  0]LogTemp:Display: Loaded TP Android_ETC1TargetPlatform
[2016.03.30-21.56.00:187][  0]LogTemp:Display: Loaded TP Android_ETC2TargetPlatform
[2016.03.30-21.56.00:194][  0]LogTemp:Display: Loaded TP Android_PVRTCTargetPlatform
[2016.03.30-21.56.00:196][  0]LogTemp:Display: Loaded TP HTML5TargetPlatform
[2016.03.30-21.56.00:452][  0]LogTemp:Display: Loaded TP IOSTargetPlatform
[2016.03.30-21.56.00:457][  0]LogTemp:Display: Loaded TP LinuxNoEditorTargetPlatform
[2016.03.30-21.56.00:463][  0]LogTemp:Display: Loaded TP LinuxServerTargetPlatform
[2016.03.30-21.56.00:473][  0]LogTemp:Display: Loaded TP LinuxTargetPlatform
[2016.03.30-21.56.00:502][  0]LogTargetPlatformManager:Display: Building Assets For Windows
[2016.03.30-21.56.02:675][  0]LogDerivedDataCache:Display: Max Cache Size: 512 MB
[2016.03.30-21.56.04:557][  0]LogDerivedDataCache: Loaded boot cache 1.85s 41MB C:/Users/Thomas/AppData/Local/UnrealEngine/4.9/DerivedDataCache/Boot.ddc.
[2016.03.30-21.56.04:557][  0]LogDerivedDataCache:Display: Loaded Boot cache: C:/Users/Thomas/AppData/Local/UnrealEngine/4.9/DerivedDataCache/Boot.ddc
[2016.03.30-21.56.04:557][  0]LogDerivedDataCache: FDerivedDataBackendGraph:  Pak pak cache file ../../../../../../Users/Thomas/Code/Talents/DerivedDataCache/DDC.ddp not found, will not use a pak cache.
[2016.03.30-21.56.04:557][  0]LogDerivedDataCache: Unable to find inner node Pak for hierarchical cache Hierarchy.
[2016.03.30-21.56.04:557][  0]LogDerivedDataCache: FDerivedDataBackendGraph:  CompressedPak pak cache file ../../../../../../Users/Thomas/Code/Talents/DerivedDataCache/Compressed.ddp not found, will not use a pak cache.
[2016.03.30-21.56.04:557][  0]LogDerivedDataCache: Unable to find inner node CompressedPak for hierarchical cache Hierarchy.
[2016.03.30-21.56.05:290][  0]LogDerivedDataCache:Display: Pak cache opened for reading ../../../Engine/DerivedDataCache/Compressed.ddp.
[2016.03.30-21.56.05:303][  0]LogDerivedDataCache: Using Local data cache path C:/Users/Thomas/AppData/Local/UnrealEngine/Common/DerivedDataCache: Writable
[2016.03.30-21.56.43:752][  0]LogInit: Selected Device Profile: [Windows]
[2016.03.30-21.56.43:969][  0]LogContentStreaming: Texture pool size is 0.000000MB
[2016.03.30-21.56.50:682][  0]LogMeshUtilities: No automatic mesh reduction module available
[2016.03.30-21.56.50:682][  0]LogMeshUtilities: No automatic mesh merging module available
[2016.03.30-21.57.04:885][  0]LogInit: WinSock: version 1.1 (2.2), MaxSocks=32767, MaxUdp=65467
[2016.03.30-21.59.04:053][  0]UdpMessaging: Initializing bridge on interface 0.0.0.0:0 to multicast group 230.0.0.1:6666.
[2016.03.30-21.59.07:121][  0]LogAssetRegistry: FAssetRegistry took 0.0941 seconds to start up
[2016.03.30-21.59.14:555][  0]SourceControl: Info Source control is disabled
[2016.03.30-21.59.14:934][  0]SourceControl: Info Source control is disabled
[2016.03.30-21.59.15:218][  0]SourceControl: Info Source control is disabled
[2016.03.30-21.59.15:445][  0]SourceControl: Info Source control is disabled
[2016.03.30-21.59.20:710][  0]LogLinker:Warning: Asset '../../../Engine/Plugins/Runtime/LeapMotionController/Content/LM_PassthroughMaterial.uasset' has been saved with empty engine version. The asset will be loaded but may be incompatible.
[2016.03.30-21.59.23:044][  0]LogObj: 28361 objects as part of root set at end of initial load.
[2016.03.30-21.59.23:044][  0]LogUObjectAllocator: 6038872 out of 0 bytes used by permanent object pool.
[2016.03.30-21.59.25:795][  0]LogAutomationTest:Warning: Smoke tests took > 1s to run: 1.33s
[2016.03.30-21.59.26:040][  0]LogEngine: Initializing Engine...
[2016.03.30-21.59.26:119][  0]LogHMD: Can't find Oculus library dev build: is proper Runtime installed? Version: 0.7.0.0
[2016.03.30-21.59.27:903][  0]LogHMD: SteamVR failed to initialize.  Err: 108
[2016.03.30-21.59.32:893][  0]LogAIModule: Creating AISystem for world NewWorld
[2016.03.30-21.59.34:228][  0]LogInit: XAudio2 using 'Speakers (Realtek High Definition Audio)' : 2 channels at 48 kHz using 32 bits per sample (channel mask 0x3)
[2016.03.30-21.59.34:438][  0]LogInit: FAudioDevice initialized.
[2016.03.30-21.59.34:480][  0]LogDerivedDataCache: Saved boot cache 0.04s 41MB C:/Users/Thomas/AppData/Local/UnrealEngine/4.9/DerivedDataCache/Boot.ddc.
[2016.03.30-21.59.34:511][  0]LogInit: Texture streaming: Enabled
[2016.03.30-21.59.34:749][  0]LogAnalytics: Creating configured Analytics provider AnalyticsET
[2016.03.30-21.59.34:783][  0]LogAnalytics: [UEEditor.Rocket.Release] APIServer = http://et2.epicgames.com/ET2/. AppVersion = 4.9.2-2707645+++depot+UE4-Releases+4.9
[2016.03.30-21.59.34:783][  0]LogAnalytics: [UEEditor.Rocket.Release] SetUserId 9137a229423ce0abd15f43af8d071b78|6f72fca771cd4ab4a5e00d1744cfc368|0a3d2142-832f-45b8-b9db-501cd138b6a3
[2016.03.30-21.59.34:948][  0]LogAnalytics: [UEEditor.Rocket.Release] AnalyticsET::StartSession
[2016.03.30-21.59.36:870][  0]LogInit: Transaction tracking system initialized
[2016.03.30-21.59.42:891][  0]BlueprintLog: New page: Editor Load
[2016.03.30-21.59.54:597][  0]LocalizationService: Info Localization service is disabled
[2016.03.30-22.00.02:091][  0]LogConsoleResponse:Display: 
[2016.03.30-22.00.16:369][  0]LogFileCache: Scanning file cache for directory 'C:/Users/Thomas/Code/Talents/Content/' took 0.16s
[2016.03.30-22.00.16:369][  0]LogCook:Display: Done creating registry. It took  0.00s.
[2016.03.30-22.00.23:392][  0]SourceControl: Info Source control is disabled
[2016.03.30-22.00.24:070][  0]Cmd: MAP LOAD FILE="../../../../../../Users/Thomas/Code/Talents/Content/Intro.umap" TEMPLATE=0 SHOWPROGRESS=1 FEATURELEVEL=3
[2016.03.30-22.00.24:348][  0]LightingResults: New page: Lighting Build
[2016.03.30-22.00.25:010][  0]MapCheck: New page: Map Check
[2016.03.30-22.00.25:010][  0]LightingResults: New page: Lighting Build
[2016.03.30-22.00.26:582][  0]LogParticles: Destroying 0 GPU particle simulations for FXSystem 0x0000009022C0A160
[2016.03.30-22.00.29:140][  0]LogAIModule: Creating AISystem for world Intro
[2016.03.30-22.00.31:106][  0]LogEditorServer: Finished looking for orphan Actors (0.079 secs)
[2016.03.30-22.00.31:393][  0]Cmd: MAP CHECKDEP NOCLEARLOG
[2016.03.30-22.00.32:044][  0]MapCheck: Info Map check complete: 0 Error(s), 0 Warning(s), took 314.047ms to complete.
[2016.03.30-22.00.32:124][  0]LogFileHelpers: Loading map 'Intro' took 8.520
[2016.03.30-22.00.40:747][  0]LogCollectionManager: Loaded 0 collections in 0.005950 seconds
[2016.03.30-22.00.41:024][  0]LogFileCache: Scanning file cache for directory 'C:/Users/Thomas/Code/Talents/Saved/Collections/' took 0.02s
[2016.03.30-22.00.41:024][  0]LogFileCache: Scanning file cache for directory 'C:/Users/Thomas/Code/Talents/Content/Developers/Thomas/Collections/' took 0.00s
[2016.03.30-22.00.41:024][  0]LogFileCache: Scanning file cache for directory 'C:/Users/Thomas/Code/Talents/Content/Collections/' took 0.02s
[2016.03.30-22.00.41:024][  0]LogContentBrowser: Native class hierarchy populated in 0.0464 seconds. Added 1867 classes and 333 folders.
[2016.03.30-22.00.41:341][  0]LogCollectionManager: Rebuilt the GUID cache for 0 collections in 0.000004 seconds
[2016.03.30-22.00.41:927][  0]LogContentBrowser: Native class hierarchy updated for 'WidgetCarousel' in 0.0005 seconds. Added 0 classes and 0 folders.
[2016.03.30-22.00.47:866][  0]LogContentBrowser: Native class hierarchy updated for 'AddContentDialog' in 0.0006 seconds. Added 0 classes and 0 folders.
[2016.03.30-22.00.48:060][  0]LogContentBrowser: Native class hierarchy updated for 'SceneOutliner' in 0.0006 seconds. Added 1 classes and 2 folders.
[2016.03.30-22.00.52:203][  0]LogCrashTracker: Crashtracker disabled due to settings.
[2016.03.30-22.00.53:546][  0]LogUObjectGlobals:Warning: Failed to find object 'Class None.'
[2016.03.30-22.00.53:795][  0]LogLoad: Full Startup: 326.26 seconds (BP compile: 2.17 seconds)
[2016.03.30-22.00.57:351][  0]LogContentStreaming: Texture pool size now 1000 MB
[2016.03.30-22.01.03:417][  0]LogRenderer: Reallocating scene render targets to support 1168x600 (Frame:2).
[2016.03.30-22.01.06:606][  6]LogAssetRegistry: Asset discovery search completed in 119.5547 seconds
[2016.03.30-22.01.06:622][  6]LogCollectionManager: Rebuilt the object cache for 0 collections in 0.000001 seconds (found 0 objects)
[2016.03.30-22.01.06:630][  6]LogCollectionManager: Fixed up redirectors for 0 collections in 0.022978 seconds (updated 0 objects)
[2016.03.30-22.02.04:528][619]LogWindowsTextInputMethodSystem:Display: IME system now deactivated.
[2016.03.30-22.02.08:111][620]Cmd: QUIT_EDITOR
[2016.03.30-22.02.11:684][620]LogExit: Preparing to exit.
[2016.03.30-22.02.14:867][620]LogExit: Editor shut down
[2016.03.30-22.02.14:955][620]LogParticles: Destroying 0 GPU particle simulations for FXSystem 0x000000901423BEC0
[2016.03.30-22.02.14:955][620]LogExit: Transaction tracking system shut down
[2016.03.30-22.02.14:958][620]LogParticles: Destroying 0 GPU particle simulations for FXSystem 0x00000090126C31A0
[2016.03.30-22.02.18:032][620]LogExit: Object subsystem successfully closed.
[2016.03.30-22.02.18:463][620]LogD3D11RHI: Shutdown
[2016.03.30-22.02.18:463][620]LogD3D11RHI: CleanupD3DDevice
[2016.03.30-22.02.18:630][620]LogD3D11RHI: ~FD3D11DynamicRHI
[2016.03.30-22.02.20:384][620]LogModuleManager: Shutting down and abandoning module CrashTracker (197)
[2016.03.30-22.02.20:384][620]LogModuleManager: Shutting down and abandoning module SceneOutliner (196)
[2016.03.30-22.02.20:398][620]LogModuleManager: Shutting down and abandoning module SuperSearch (195)
[2016.03.30-22.02.20:399][620]LogModuleManager: Shutting down and abandoning module WidgetCarousel (194)
[2016.03.30-22.02.20:399][620]LogModuleManager: Shutting down and abandoning module AddContentDialog (193)
[2016.03.30-22.02.20:420][620]LogModuleManager: Shutting down and abandoning module EditorWidgets (192)
[2016.03.30-22.02.20:420][620]LogModuleManager: Shutting down and abandoning module CollectionManager (191)
[2016.03.30-22.02.20:443][620]LogModuleManager: Shutting down and abandoning module StatsViewer (190)
[2016.03.30-22.02.20:464][620]LogModuleManager: Shutting down and abandoning module FoliageEdit (189)
[2016.03.30-22.02.20:495][620]LogModuleManager: Shutting down and abandoning module LandscapeEditor (188)
[2016.03.30-22.02.20:528][620]LogModuleManager: Shutting down and abandoning module ActorPickerMode (187)
[2016.03.30-22.02.20:528][620]LogModuleManager: Shutting down and abandoning module GeometryMode (186)
[2016.03.30-22.02.20:528][620]LogModuleManager: Shutting down and abandoning module TextureAlignMode (185)
[2016.03.30-22.02.20:528][620]LogModuleManager: Shutting down and abandoning module BspMode (184)
[2016.03.30-22.02.20:528][620]LogModuleManager: Shutting down and abandoning module PlacementMode (183)
[2016.03.30-22.02.20:528][620]LogModuleManager: Shutting down and abandoning module AutomationWorker (182)
[2016.03.30-22.02.20:539][620]LogModuleManager: Shutting down and abandoning module CharacterAI (181)
[2016.03.30-22.02.20:539][620]LogModuleManager: Shutting down and abandoning module SmartSnapping (180)
[2016.03.30-22.02.20:540][620]LogModuleManager: Shutting down and abandoning module ViewportSnapping (179)
[2016.03.30-22.02.20:540][620]LogModuleManager: Shutting down and abandoning module LogVisualizer (178)
[2016.03.30-22.02.20:570][620]LogModuleManager: Shutting down and abandoning module GameProjectGeneration (177)
[2016.03.30-22.02.20:577][620]LogModuleManager: Shutting down and abandoning module IntroTutorials (176)
[2016.03.30-22.02.20:662][620]LogModuleManager: Shutting down and abandoning module EditorLiveStreaming (175)
[2016.03.30-22.02.20:662][620]LogModuleManager: Shutting down and abandoning module IOSPlatformEditor (174)
[2016.03.30-22.02.20:679][620]LogModuleManager: Shutting down and abandoning module HTML5PlatformEditor (173)
[2016.03.30-22.02.20:679][620]LogModuleManager: Shutting down and abandoning module AndroidDeviceDetection (172)
[2016.03.30-22.02.21:234][620]LogModuleManager: Shutting down and abandoning module AndroidPlatformEditor (171)
[2016.03.30-22.02.21:234][620]LogModuleManager: Shutting down and abandoning module IOSRuntimeSettings (170)
[2016.03.30-22.02.21:234][620]LogModuleManager: Shutting down and abandoning module AndroidRuntimeSettings (169)
[2016.03.30-22.02.21:234][620]LogModuleManager: Shutting down and abandoning module MergeActors (168)
[2016.03.30-22.02.21:256][620]LogModuleManager: Shutting down and abandoning module SizeMap (167)
[2016.03.30-22.02.21:256][620]LogModuleManager: Shutting down and abandoning module TreeMap (166)
[2016.03.30-22.02.21:275][620]LogModuleManager: Shutting down and abandoning module ReferenceViewer (165)
[2016.03.30-22.02.21:275][620]LogModuleManager: Shutting down and abandoning module LocalizationService (164)
[2016.03.30-22.02.21:289][620]LogModuleManager: Shutting down and abandoning module LocalizationDashboard (163)
[2016.03.30-22.02.21:309][620]LogModuleManager: Shutting down and abandoning module HardwareTargeting (162)
[2016.03.30-22.02.21:309][620]LogModuleManager: Shutting down and abandoning module DeviceProfileEditor (161)
[2016.03.30-22.02.21:309][620]LogModuleManager: Shutting down and abandoning module UndoHistory (160)
[2016.03.30-22.02.21:318][620]LogModuleManager: Shutting down and abandoning module GameplayTagsEditor (159)
[2016.03.30-22.02.21:318][620]LogModuleManager: Shutting down and abandoning module UserFeedback (158)
[2016.03.30-22.02.21:318][620]LogModuleManager: Shutting down and abandoning module XmlParser (157)
[2016.03.30-22.02.21:345][620]LogModuleManager: Shutting down and abandoning module Blutility (156)
[2016.03.30-22.02.21:345][620]LogModuleManager: Shutting down and abandoning module ProjectTargetPlatformEditor (155)
[2016.03.30-22.02.21:356][620]LogModuleManager: Shutting down and abandoning module ProjectSettingsViewer (154)
[2016.03.30-22.02.21:356][620]LogModuleManager: Shutting down and abandoning module InputBindingEditor (153)
[2016.03.30-22.02.21:438][620]LogModuleManager: Shutting down and abandoning module EditorSettingsViewer (152)
[2016.03.30-22.02.21:438][620]LogModuleManager: Shutting down and abandoning module SettingsEditor (151)
[2016.03.30-22.02.21:477][620]LogModuleManager: Shutting down and abandoning module ProjectLauncher (150)
[2016.03.30-22.02.21:509][620]LogModuleManager: Shutting down and abandoning module SessionFrontend (149)
[2016.03.30-22.02.21:531][620]LogModuleManager: Shutting down and abandoning module ProfilerClient (148)
[2016.03.30-22.02.21:556][620]LogModuleManager: Shutting down and abandoning module TargetDeviceServices (147)
[2016.03.30-22.02.21:594][620]LogModuleManager: Shutting down and abandoning module DeviceManager (146)
[2016.03.30-22.02.21:609][620]LogModuleManager: Shutting down and abandoning module AutomationController (145)
[2016.03.30-22.02.21:627][620]LogModuleManager: Shutting down and abandoning module AutomationWindow (144)
[2016.03.30-22.02.21:665][620]LogModuleManager: Shutting down and abandoning module Layers (143)
[2016.03.30-22.02.21:695][620]LogModuleManager: Shutting down and abandoning module ComponentVisualizers (142)
[2016.03.30-22.02.21:695][620]LogModuleManager: Shutting down and abandoning module DetailCustomizations (141)
[2016.03.30-22.02.21:724][620]LogModuleManager: Shutting down and abandoning module PackagesDialog (140)
[2016.03.30-22.02.21:742][620]LogModuleManager: Shutting down and abandoning module Persona (139)
[2016.03.30-22.02.21:802][620]LogModuleManager: Shutting down and abandoning module Kismet (138)
[2016.03.30-22.02.21:834][620]LogModuleManager: Shutting down and abandoning module GraphEditor (137)
[2016.03.30-22.02.21:881][620]LogModuleManager: Shutting down and abandoning module ClassViewer (136)
[2016.03.30-22.02.21:900][620]LogModuleManager: Shutting down and abandoning module Toolbox (135)
[2016.03.30-22.02.21:901][620]LogModuleManager: Shutting down and abandoning module ModuleUI (134)
[2016.03.30-22.02.21:915][620]LogModuleManager: Shutting down and abandoning module MovieSceneTools (133)
[2016.03.30-22.02.21:915][620]LogModuleManager: Shutting down and abandoning module OutputLog (132)
[2016.03.30-22.02.21:924][620]LogModuleManager: Shutting down and abandoning module GammaUI (131)
[2016.03.30-22.02.21:948][620]LogModuleManager: Shutting down and abandoning module Documentation (130)
[2016.03.30-22.02.21:982][620]LogModuleManager: Shutting down and abandoning module GameLiveStreaming (129)
[2016.03.30-22.02.22:079][620]LogModuleManager: Shutting down and abandoning module StreamingPauseRendering (128)
[2016.03.30-22.02.22:079][620]LogModuleManager: Shutting down and abandoning module AnalyticsET (127)
[2016.03.30-22.02.22:079][620]LogModuleManager: Shutting down and abandoning module Analytics (126)
[2016.03.30-22.02.22:079][620]LogModuleManager: Shutting down and abandoning module AITestSuite (125)
[2016.03.30-22.02.22:137][620]LogModuleManager: Shutting down and abandoning module GameplayDebugger (124)
[2016.03.30-22.02.22:137][620]LogModuleManager: Shutting down and abandoning module AIModule (123)
[2016.03.30-22.02.22:185][620]LogModuleManager: Shutting down and abandoning module ProfilerService (122)
[2016.03.30-22.02.22:286][620]LogModuleManager: Shutting down and abandoning module TaskGraph (121)
[2016.03.30-22.02.22:327][620]LogModuleManager: Shutting down and abandoning module SlateRemote (120)
[2016.03.30-22.02.22:327][620]LogModuleManager: Shutting down and abandoning module SteamVRController (119)
[2016.03.30-22.02.22:327][620]LogModuleManager: Shutting down and abandoning module SteamVR (118)
[2016.03.30-22.02.22:327][620]LogModuleManager: Shutting down and abandoning module ProceduralMeshComponent (117)
[2016.03.30-22.02.22:327][620]LogModuleManager: Shutting down and abandoning module OculusRift (116)
[2016.03.30-22.02.22:327][620]LogModuleManager: Shutting down and abandoning module OculusLibrary (115)
[2016.03.30-22.02.22:327][620]LogModuleManager: Shutting down and abandoning module LeapMotionController (114)
[2016.03.30-22.02.22:454][620]LogModuleManager: Shutting down and abandoning module CustomMeshComponent (113)
[2016.03.30-22.02.22:496][620]LogModuleManager: Shutting down and abandoning module CableComponent (112)
[2016.03.30-22.02.22:496][620]LogModuleManager: Shutting down and abandoning module ArchVisCharacter (111)
[2016.03.30-22.02.22:496][620]LogModuleManager: Shutting down and abandoning module MessagingDebugger (110)
[2016.03.30-22.02.22:704][620]LogModuleManager: Shutting down and abandoning module MediaPlayerEditor (109)
[2016.03.30-22.02.22:937][620]LogModuleManager: Shutting down and abandoning module HTML5Networking (108)
[2016.03.30-22.02.22:937][620]LogModuleManager: Shutting down and abandoning module SpeedTreeImporter (107)
[2016.03.30-22.02.22:937][620]LogModuleManager: Shutting down and abandoning module PluginBrowser (106)
[2016.03.30-22.02.22:989][620]LogModuleManager: Shutting down and abandoning module EpicSurvey (105)
[2016.03.30-22.02.22:989][620]LogModuleManager: Shutting down and abandoning module DesktopPlatform (104)
[2016.03.30-22.02.23:042][620]LogModuleManager: Shutting down and abandoning module VisualStudioSourceCodeAccess (103)
[2016.03.30-22.02.23:119][620]LogModuleManager: Shutting down and abandoning module UObjectPlugin (102)
[2016.03.30-22.02.23:119][620]LogModuleManager: Shutting down and abandoning module SubversionSourceControl (101)
[2016.03.30-22.02.23:157][620]LogModuleManager: Shutting down and abandoning module PerforceSourceControl (100)
[2016.03.30-22.02.23:212][620]LogModuleManager: Shutting down and abandoning module SourceControl (99)
[2016.03.30-22.02.23:243][620]LogModuleManager: Shutting down and abandoning module GitSourceControl (98)
[2016.03.30-22.02.23:269][620]LogModuleManager: Shutting down and abandoning module LightPropagationVolumeEditor (97)
[2016.03.30-22.02.23:269][620]LogModuleManager: Shutting down and abandoning module PaperTiledImporter (96)
[2016.03.30-22.02.23:312][620]LogModuleManager: Shutting down and abandoning module PaperSpriteSheetImporter (95)
[2016.03.30-22.02.23:352][620]LogModuleManager: Shutting down and abandoning module MeshPaint (94)
[2016.03.30-22.02.23:381][620]LogModuleManager: Shutting down and abandoning module SlateReflector (93)
[2016.03.30-22.02.23:445][620]LogModuleManager: Shutting down and abandoning module HotReload (92)
[2016.03.30-22.02.23:487][620]LogModuleManager: Shutting down and abandoning module MainFrame (91)
[2016.03.30-22.02.23:487][620]LogModuleManager: Shutting down and abandoning module LevelEditor (90)
[2016.03.30-22.02.23:602][620]LogModuleManager: Shutting down and abandoning module DirectoryWatcher (89)
[2016.03.30-22.02.23:603][620]LogModuleManager: Shutting down and abandoning module AssetRegistry (88)
[2016.03.30-22.02.23:698][620]LogModuleManager: Shutting down and abandoning module ContentBrowser (87)
[2016.03.30-22.02.23:701][620]LogModuleManager: Shutting down and abandoning module Paper2DEditor (86)
[2016.03.30-22.02.23:860][620]LogModuleManager: Shutting down and abandoning module UdpMessaging (85)
[2016.03.30-22.02.23:961][620]LogModuleManager: Shutting down and abandoning module LightPropagationVolumeRuntime (84)
[2016.03.30-22.02.23:961][620]LogModuleManager: Shutting down and abandoning module Paper2D (83)
[2016.03.30-22.02.23:986][620]LogModuleManager: Shutting down and abandoning module WindowsMoviePlayer (82)
[2016.03.30-22.02.24:002][620]LogModuleManager: Shutting down and abandoning module Media (81)
[2016.03.30-22.02.24:003][620]LogModuleManager: Shutting down and abandoning module WmfMedia (80)
[2016.03.30-22.02.24:030][620]LogModuleManager: Shutting down and abandoning module OnlineBlueprintSupport (79)
[2016.03.30-22.02.24:030][620]LogModuleManager: Shutting down and abandoning module GameplayTasksEditor (78)
[2016.03.30-22.02.24:030][620]LogModuleManager: Shutting down and abandoning module PropertyEditor (77)
[2016.03.30-22.02.24:086][620]LogModuleManager: Shutting down and abandoning module BehaviorTreeEditor (76)
[2016.03.30-22.02.24:138][620]LogModuleManager: Shutting down and abandoning module FunctionalTesting (75)
[2016.03.30-22.02.24:138][620]LogModuleManager: Shutting down and abandoning module CollisionAnalyzer (74)
[2016.03.30-22.02.24:228][620]LogModuleManager: Shutting down and abandoning module WorkspaceMenuStructure (73)
[2016.03.30-22.02.24:228][620]LogModuleManager: Shutting down and abandoning module MessageLog (72)
[2016.03.30-22.02.24:228][620]LogModuleManager: Shutting down and abandoning module Sequencer (71)
[2016.03.30-22.02.24:300][620]LogModuleManager: Shutting down and abandoning module AssetTools (70)
[2016.03.30-22.02.24:418][620]LogModuleManager: Shutting down and abandoning module UMGEditor (69)
[2016.03.30-22.02.24:454][620]LogModuleManager: Shutting down and abandoning module UMG (68)
[2016.03.30-22.02.24:460][620]LogModuleManager: Shutting down and abandoning module Slate (67)
[2016.03.30-22.02.24:460][620]LogModuleManager: Shutting down and abandoning module EditorStyle (66)
[2016.03.30-22.02.24:469][620]LogModuleManager: Shutting down and abandoning module SessionServices (65)
[2016.03.30-22.02.24:469][620]LogModuleManager: Shutting down and abandoning module SourceCodeAccess (64)
[2016.03.30-22.02.24:469][620]LogModuleManager: Shutting down and abandoning module HeadMountedDisplay (63)
[2016.03.30-22.02.24:469][620]LogModuleManager: Shutting down and abandoning module XAudio2 (62)
[2016.03.30-22.02.24:469][620]LogModuleManager: Shutting down and abandoning module Networking (60)
[2016.03.30-22.02.24:469][620]LogModuleManager: Shutting down and abandoning module Core (59)
[2016.03.30-22.02.24:469][620]LogModuleManager: Shutting down and abandoning module KismetCompiler (58)
[2016.03.30-22.02.24:469][620]LogModuleManager: Shutting down and abandoning module PhysXFormats (57)
[2016.03.30-22.02.24:487][620]LogModuleManager: Shutting down and abandoning module MeshUtilities (56)
[2016.03.30-22.02.24:510][620]LogModuleManager: Shutting down and abandoning module CookingStats (55)
[2016.03.30-22.02.24:513][620]LogModuleManager: Shutting down and abandoning module DerivedDataCache (54)
[2016.03.30-22.02.24:554][620]LogDerivedDataCache: Shutdown
[2016.03.30-22.02.24:554][620]LogModuleManager: Shutting down and abandoning module ShaderFormatOpenGL (53)
[2016.03.30-22.02.24:572][620]LogModuleManager: Shutting down and abandoning module ShaderFormatD3D (52)
[2016.03.30-22.02.24:607][620]LogModuleManager: Shutting down and abandoning module MetalShaderFormat (51)
[2016.03.30-22.02.24:634][620]LogModuleManager: Shutting down and abandoning module TextureFormatUncompressed (50)
[2016.03.30-22.02.24:634][620]LogModuleManager: Shutting down and abandoning module TextureFormatPVR (49)
[2016.03.30-22.02.24:658][620]LogModuleManager: Shutting down and abandoning module TextureFormatIntelISPCTexComp (48)
[2016.03.30-22.02.24:670][620]LogModuleManager: Shutting down and abandoning module TextureFormatDXT (47)
[2016.03.30-22.02.24:702][620]LogModuleManager: Shutting down and abandoning module ImageWrapper (46)
[2016.03.30-22.02.24:702][620]LogModuleManager: Shutting down and abandoning module TextureFormatASTC (45)
[2016.03.30-22.02.24:702][620]LogModuleManager: Shutting down and abandoning module TextureFormatAndroid (44)
[2016.03.30-22.02.24:702][620]LogModuleManager: Shutting down and abandoning module AudioFormatOpus (43)
[2016.03.30-22.02.24:716][620]LogModuleManager: Shutting down and abandoning module AudioFormatOgg (42)
[2016.03.30-22.02.24:749][620]LogModuleManager: Shutting down and abandoning module AudioFormatADPCM (41)
[2016.03.30-22.02.24:760][620]LogModuleManager: Shutting down and abandoning module LinuxTargetPlatform (40)
[2016.03.30-22.02.24:760][620]LogModuleManager: Shutting down and abandoning module LinuxServerTargetPlatform (39)
[2016.03.30-22.02.24:790][620]LogModuleManager: Shutting down and abandoning module LinuxNoEditorTargetPlatform (38)
[2016.03.30-22.02.24:829][620]LogModuleManager: Shutting down and abandoning module Messaging (37)
[2016.03.30-22.02.24:829][620]LogModuleManager: Shutting down and abandoning module IOSTargetPlatform (36)
[2016.03.30-22.02.24:829][620]LogModuleManager: Shutting down and abandoning module HTML5TargetPlatform (35)
[2016.03.30-22.02.24:829][620]LogModuleManager: Shutting down and abandoning module Android_PVRTCTargetPlatform (34)
[2016.03.30-22.02.24:855][620]LogModuleManager: Shutting down and abandoning module Android_ETC2TargetPlatform (33)
[2016.03.30-22.02.24:892][620]LogModuleManager: Shutting down and abandoning module Android_ETC1TargetPlatform (32)
[2016.03.30-22.02.24:927][620]LogModuleManager: Shutting down and abandoning module Android_DXTTargetPlatform (31)
[2016.03.30-22.02.24:961][620]LogModuleManager: Shutting down and abandoning module Android_ATCTargetPlatform (30)
[2016.03.30-22.02.25:001][620]LogModuleManager: Shutting down and abandoning module Android_ASTCTargetPlatform (29)
[2016.03.30-22.02.25:026][620]LogModuleManager: Shutting down and abandoning module AndroidTargetPlatform (28)
[2016.03.30-22.02.25:064][620]LogModuleManager: Shutting down and abandoning module WindowsTargetPlatform (27)
[2016.03.30-22.02.25:064][620]LogModuleManager: Shutting down and abandoning module WindowsServerTargetPlatform (26)
[2016.03.30-22.02.25:096][620]LogModuleManager: Shutting down and abandoning module WindowsNoEditorTargetPlatform (25)
[2016.03.30-22.02.25:216][620]LogModuleManager: Shutting down and abandoning module WindowsClientTargetPlatform (24)
[2016.03.30-22.02.25:548][620]LogModuleManager: Shutting down and abandoning module AllDesktopTargetPlatform (23)
[2016.03.30-22.02.25:587][620]LogModuleManager: Shutting down and abandoning module TargetPlatform (22)
[2016.03.30-22.02.25:587][620]LogModuleManager: Shutting down and abandoning module InputCore (21)
[2016.03.30-22.02.25:587][620]LogModuleManager: Shutting down and abandoning module Settings (20)
[2016.03.30-22.02.25:587][620]LogModuleManager: Shutting down and abandoning module OnlineSubsystem (18)
[2016.03.30-22.02.25:587][620]LogModuleManager: Shutting down and abandoning module HTTP (17)
[2016.03.30-22.02.27:603][620]LogModuleManager: Shutting down and abandoning module XMPP (16)
[2016.03.30-22.02.27:627][620]LogModuleManager: Shutting down and abandoning module ExampleDeviceProfileSelector (15)
[2016.03.30-22.02.27:627][620]LogModuleManager: Shutting down and abandoning module TextureCompressor (14)
[2016.03.30-22.02.27:646][620]LogModuleManager: Shutting down and abandoning module ShaderCore (13)
[2016.03.30-22.02.27:646][620]LogModuleManager: Shutting down and abandoning module Landscape (12)
[2016.03.30-22.02.27:646][620]LogModuleManager: Shutting down and abandoning module SlateRHIRenderer (11)
[2016.03.30-22.02.27:673][620]LogModuleManager: Shutting down and abandoning module OpenGLDrv (10)
[2016.03.30-22.02.27:682][620]LogModuleManager: Shutting down and abandoning module D3D11RHI (9)
[2016.03.30-22.02.27:682][620]LogModuleManager: Shutting down and abandoning module AnimGraphRuntime (8)
[2016.03.30-22.02.27:694][620]LogModuleManager: Shutting down and abandoning module Renderer (7)
[2016.03.30-22.02.27:694][620]LogModuleManager: Shutting down and abandoning module Engine (6)
[2016.03.30-22.02.27:694][620]LogModuleManager: Shutting down and abandoning module CoreUObject (5)
[2016.03.30-22.02.27:694][620]LogModuleManager: Shutting down and abandoning module NetworkFile (4)
[2016.03.30-22.02.27:709][620]LogModuleManager: Shutting down and abandoning module StreamingFile (3)
[2016.03.30-22.02.27:719][620]LogModuleManager: Shutting down and abandoning module SandboxFile (2)
[2016.03.30-22.02.27:730][620]LogModuleManager: Shutting down and abandoning module PakFile (1)
[2016.03.30-22.02.27:761][620]LogExit: Exiting.
[2016.03.30-22.02.27:780][620]Log file closed, 03/30/16 15:02:27
