[2016.03.30-23.53.05:369][  0]Log file open, 03/30/16 16:53:05
[2016.03.30-23.53.05:369][  0]LogInit:Display: Running engine for game: Talent
[2016.03.30-23.53.05:369][  0]LogInit:Display: RandInit(-2101452615) SRandInit(-2101452615).
[2016.03.30-23.53.05:369][  0]LogTaskGraph: Started task graph with 4 named threads and 7 total threads.
[2016.03.30-23.53.05:369][  0]LogStats: Stats thread started at 0.142429
[2016.03.30-23.53.05:369][  0]LogInit: Version: 4.9.2-2707645+++depot+UE4-Releases+4.9
[2016.03.30-23.53.05:369][  0]LogInit: API Version: 2672455
[2016.03.30-23.53.05:369][  0]LogInit: Compiled (64-bit): Sep 28 2015 10:25:44
[2016.03.30-23.53.05:369][  0]LogInit: Compiled with Visual C++: 18.00.21005.01
[2016.03.30-23.53.05:369][  0]LogInit: Build Configuration: Development
[2016.03.30-23.53.05:369][  0]LogInit: Branch Name: ++depot+UE4-Releases+4.9
[2016.03.30-23.53.05:369][  0]LogInit: Command line:  
[2016.03.30-23.53.05:369][  0]LogInit: Base directory: C:/Program Files/Epic Games/4.9/Engine/Binaries/Win64/
[2016.03.30-23.53.05:369][  0]LogInit: Rocket: 1
[2016.03.30-23.53.05:414][  0]LogInit: Using libcurl 7.41.0
[2016.03.30-23.53.05:414][  0]LogInit:  - built for x86_64-pc-win32
[2016.03.30-23.53.05:414][  0]LogInit:  - supports SSL with WinSSL
[2016.03.30-23.53.05:414][  0]LogInit:  - other features:
[2016.03.30-23.53.05:414][  0]LogInit:      CURL_VERSION_SSL
[2016.03.30-23.53.05:414][  0]LogInit:      CURL_VERSION_IPV6
[2016.03.30-23.53.05:414][  0]LogInit:      CURL_VERSION_ASYNCHDNS
[2016.03.30-23.53.05:414][  0]LogInit:      CURL_VERSION_LARGEFILE
[2016.03.30-23.53.05:414][  0]LogInit:      CURL_VERSION_IDN
[2016.03.30-23.53.05:414][  0]LogInit:  CurlRequestOptions (configurable via config and command line):
[2016.03.30-23.53.05:414][  0]LogInit:  - bVerifyPeer = true  - Libcurl will verify peer certificate
[2016.03.30-23.53.05:414][  0]LogInit:  - bUseHttpProxy = false  - Libcurl will NOT use HTTP proxy
[2016.03.30-23.53.05:414][  0]LogInit:  - bDontReuseConnections = false  - Libcurl will reuse connections
[2016.03.30-23.53.05:414][  0]LogInit:  - CertBundlePath = nullptr  - Libcurl will use whatever was configured at build time.
[2016.03.30-23.53.05:522][  0]LogInit: Presizing for 0 objects not considered by GC, pre-allocating 0 bytes.
[2016.03.30-23.53.05:534][  0]LogInit: Object subsystem initialized
[2016.03.30-23.53.05:537][  0]LogInit: Selected Device Profile: [Windows]
[2016.03.30-23.53.05:537][  0]LogInit: Applying CVar settings loaded from the selected device profile: [Windows]
[2016.03.30-23.53.05:610][  0]LogInit: Computer: THOMAS-PC
[2016.03.30-23.53.05:610][  0]LogInit: User: Thomas
[2016.03.30-23.53.05:610][  0]LogInit: CPU Page size=4096, Cores=4
[2016.03.30-23.53.05:610][  0]LogInit: High frequency timer resolution =3.320322 MHz
[2016.03.30-23.53.05:610][  0]LogMemory: Memory total: Physical=7.9GB (8GB approx)
[2016.03.30-23.53.05:610][  0]LogMemory: Platform Memory Stats for Windows
[2016.03.30-23.53.05:610][  0]LogMemory: Process Physical Memory: 53.95 MB used, 53.95 MB peak
[2016.03.30-23.53.05:610][  0]LogMemory: Process Virtual Memory: 57.34 MB used, 57.34 MB peak
[2016.03.30-23.53.05:610][  0]LogMemory: Physical Memory: 4439.23 MB used, 8120.09 MB total
[2016.03.30-23.53.05:610][  0]LogMemory: Virtual Memory: 366.32 MB used, 134217728.00 MB total
[2016.03.30-23.53.06:140][  0]LogTextLocalizationManager: No specific translations for ('en-US') exist, so ('en') translations will be used.
[2016.03.30-23.53.08:267][  0]LogD3D11RHI: Found D3D11 adapter 0: NVIDIA GeForce GTX 650 Ti  (Feature Level 11_0)
[2016.03.30-23.53.08:267][  0]LogD3D11RHI: Adapter has 1990MB of dedicated video memory, 0MB of dedicated system memory, and 4060MB of shared system memory, 3 output[s]
[2016.03.30-23.53.08:269][  0]LogD3D11RHI: Found D3D11 adapter 1: Microsoft Basic Render Driver (Feature Level 11_0)
[2016.03.30-23.53.08:269][  0]LogD3D11RHI: Adapter has 0MB of dedicated video memory, 0MB of dedicated system memory, and 4060MB of shared system memory, 0 output[s]
[2016.03.30-23.53.08:269][  0]LogD3D11RHI: Chosen D3D11 Adapter Id = 0
[2016.03.30-23.53.08:277][  0]LogD3D11RHI: !Direct3DDevice
[2016.03.30-23.53.08:277][  0]LogRHI: Texture pool is 1361 MB (70% of 1945 MB)
[2016.03.30-23.53.08:295][  0]LogD3D11RHI: Async texture creation enabled
[2016.03.30-23.53.08:315][  0]LogShaderCompilers: Guid format shader working directory is 15 characters bigger than the processId version (../../../../../../Users/Thomas/Code/Talents/Intermediate/Shaders/WorkingDirectory/3388/).
[2016.03.30-23.53.08:315][  0]LogShaderCompilers: Cleaned the shader compiler working directory '../../../../../../Users/Thomas/Code/Talents/Intermediate/Shaders/tmp/028A4AB2482D01068E93A5A0BB160442/'.
[2016.03.30-23.53.08:315][  0]LogShaderCompilers:Display: Using Local Shader Compiler.
[2016.03.30-23.53.15:035][  0]LogTemp:Display: Loaded TP AllDesktopTargetPlatform
[2016.03.30-23.53.15:044][  0]LogTemp:Display: Loaded TP WindowsClientTargetPlatform
[2016.03.30-23.53.15:054][  0]LogTemp:Display: Loaded TP WindowsNoEditorTargetPlatform
[2016.03.30-23.53.15:064][  0]LogTemp:Display: Loaded TP WindowsServerTargetPlatform
[2016.03.30-23.53.15:074][  0]LogTemp:Display: Loaded TP WindowsTargetPlatform
[2016.03.30-23.53.15:097][  0]LogTemp:Display: Loaded TP AndroidTargetPlatform
[2016.03.30-23.53.15:103][  0]LogTemp:Display: Loaded TP Android_ASTCTargetPlatform
[2016.03.30-23.53.15:109][  0]LogTemp:Display: Loaded TP Android_ATCTargetPlatform
[2016.03.30-23.53.15:115][  0]LogTemp:Display: Loaded TP Android_DXTTargetPlatform
[2016.03.30-23.53.15:122][  0]LogTemp:Display: Loaded TP Android_ETC1TargetPlatform
[2016.03.30-23.53.15:130][  0]LogTemp:Display: Loaded TP Android_ETC2TargetPlatform
[2016.03.30-23.53.15:139][  0]LogTemp:Display: Loaded TP Android_PVRTCTargetPlatform
[2016.03.30-23.53.15:153][  0]LogTemp:Display: Loaded TP HTML5TargetPlatform
[2016.03.30-23.53.15:246][  0]LogTemp:Display: Loaded TP IOSTargetPlatform
[2016.03.30-23.53.15:252][  0]LogTemp:Display: Loaded TP LinuxNoEditorTargetPlatform
[2016.03.30-23.53.15:274][  0]LogTemp:Display: Loaded TP LinuxServerTargetPlatform
[2016.03.30-23.53.15:284][  0]LogTemp:Display: Loaded TP LinuxTargetPlatform
[2016.03.30-23.53.15:284][  0]LogTargetPlatformManager:Display: Building Assets For Windows
[2016.03.30-23.53.15:840][  0]LogDerivedDataCache:Display: Max Cache Size: 512 MB
[2016.03.30-23.53.16:230][  0]LogDerivedDataCache: Loaded boot cache 0.39s 41MB C:/Users/Thomas/AppData/Local/UnrealEngine/4.9/DerivedDataCache/Boot.ddc.
[2016.03.30-23.53.16:230][  0]LogDerivedDataCache:Display: Loaded Boot cache: C:/Users/Thomas/AppData/Local/UnrealEngine/4.9/DerivedDataCache/Boot.ddc
[2016.03.30-23.53.16:230][  0]LogDerivedDataCache: FDerivedDataBackendGraph:  Pak pak cache file ../../../../../../Users/Thomas/Code/Talents/DerivedDataCache/DDC.ddp not found, will not use a pak cache.
[2016.03.30-23.53.16:230][  0]LogDerivedDataCache: Unable to find inner node Pak for hierarchical cache Hierarchy.
[2016.03.30-23.53.16:230][  0]LogDerivedDataCache: FDerivedDataBackendGraph:  CompressedPak pak cache file ../../../../../../Users/Thomas/Code/Talents/DerivedDataCache/Compressed.ddp not found, will not use a pak cache.
[2016.03.30-23.53.16:230][  0]LogDerivedDataCache: Unable to find inner node CompressedPak for hierarchical cache Hierarchy.
[2016.03.30-23.53.16:555][  0]LogDerivedDataCache:Display: Pak cache opened for reading ../../../Engine/DerivedDataCache/Compressed.ddp.
[2016.03.30-23.53.16:567][  0]LogDerivedDataCache: Using Local data cache path C:/Users/Thomas/AppData/Local/UnrealEngine/Common/DerivedDataCache: Writable
[2016.03.30-23.53.23:277][  0]LogInit: Selected Device Profile: [Windows]
[2016.03.30-23.53.23:280][  0]LogContentStreaming: Texture pool size is 0.000000MB
[2016.03.30-23.53.23:527][  0]LogMeshUtilities: No automatic mesh reduction module available
[2016.03.30-23.53.23:527][  0]LogMeshUtilities: No automatic mesh merging module available
[2016.03.30-23.53.24:074][  0]LogInit: WinSock: version 1.1 (2.2), MaxSocks=32767, MaxUdp=65467
[2016.03.30-23.53.46:834][  0]UdpMessaging: Initializing bridge on interface 0.0.0.0:0 to multicast group 230.0.0.1:6666.
[2016.03.30-23.53.47:382][  0]LogAssetRegistry: FAssetRegistry took 0.0108 seconds to start up
[2016.03.30-23.53.48:616][  0]SourceControl: Info Source control is disabled
[2016.03.30-23.53.49:033][  0]SourceControl: Info Source control is disabled
[2016.03.30-23.53.49:081][  0]SourceControl: Info Source control is disabled
[2016.03.30-23.53.49:187][  0]SourceControl: Info Source control is disabled
[2016.03.30-23.53.50:539][  0]LogLinker:Warning: Asset '../../../Engine/Plugins/Runtime/LeapMotionController/Content/LM_PassthroughMaterial.uasset' has been saved with empty engine version. The asset will be loaded but may be incompatible.
[2016.03.30-23.53.50:899][  0]LogObj: 28361 objects as part of root set at end of initial load.
[2016.03.30-23.53.50:899][  0]LogUObjectAllocator: 6038872 out of 0 bytes used by permanent object pool.
[2016.03.30-23.53.51:222][  0]LogEngine: Initializing Engine...
[2016.03.30-23.53.51:228][  0]LogHMD: Can't find Oculus library dev build: is proper Runtime installed? Version: 0.7.0.0
[2016.03.30-23.53.51:611][  0]LogHMD: SteamVR failed to initialize.  Err: 108
[2016.03.30-23.53.51:932][  0]LogAIModule: Creating AISystem for world NewWorld
[2016.03.30-23.53.51:957][  0]LogInit: XAudio2 using 'Speakers (Realtek High Definition Audio)' : 2 channels at 48 kHz using 32 bits per sample (channel mask 0x3)
[2016.03.30-23.53.51:980][  0]LogInit: FAudioDevice initialized.
[2016.03.30-23.53.52:032][  0]LogDerivedDataCache: Saved boot cache 0.05s 41MB C:/Users/Thomas/AppData/Local/UnrealEngine/4.9/DerivedDataCache/Boot.ddc.
[2016.03.30-23.53.52:041][  0]LogInit: Texture streaming: Enabled
[2016.03.30-23.53.52:085][  0]LogAnalytics: Creating configured Analytics provider AnalyticsET
[2016.03.30-23.53.52:085][  0]LogAnalytics: [UEEditor.Rocket.Release] APIServer = http://et2.epicgames.com/ET2/. AppVersion = 4.9.2-2707645+++depot+UE4-Releases+4.9
[2016.03.30-23.53.52:085][  0]LogAnalytics: [UEEditor.Rocket.Release] SetUserId 9137a229423ce0abd15f43af8d071b78|6f72fca771cd4ab4a5e00d1744cfc368|0a3d2142-832f-45b8-b9db-501cd138b6a3
[2016.03.30-23.53.52:085][  0]LogAnalytics: [UEEditor.Rocket.Release] AnalyticsET::StartSession
[2016.03.30-23.53.52:233][  0]LogInit: Transaction tracking system initialized
[2016.03.30-23.53.52:436][  0]BlueprintLog: New page: Editor Load
[2016.03.30-23.53.53:159][  0]LocalizationService: Info Localization service is disabled
[2016.03.30-23.53.54:109][  0]LogConsoleResponse:Display: 
[2016.03.30-23.53.54:725][  0]LogCook:Display: Done creating registry. It took  0.00s.
[2016.03.30-23.53.55:649][  0]LogFileCache: Scanning file cache for directory 'C:/Users/Thomas/Code/Talents/Content/' took 0.13s
[2016.03.30-23.53.55:712][  0]SourceControl: Info Source control is disabled
[2016.03.30-23.53.55:712][  0]Cmd: MAP LOAD FILE="../../../../../../Users/Thomas/Code/Talents/Content/Intro.umap" TEMPLATE=0 SHOWPROGRESS=1 FEATURELEVEL=3
[2016.03.30-23.53.55:713][  0]LightingResults: New page: Lighting Build
[2016.03.30-23.53.55:719][  0]MapCheck: New page: Map Check
[2016.03.30-23.53.55:719][  0]LightingResults: New page: Lighting Build
[2016.03.30-23.53.55:740][  0]LogParticles: Destroying 0 GPU particle simulations for FXSystem 0x00000026E6632160
[2016.03.30-23.53.55:956][  0]LogAIModule: Creating AISystem for world Intro
[2016.03.30-23.53.55:959][  0]LogEditorServer: Finished looking for orphan Actors (0.000 secs)
[2016.03.30-23.53.55:960][  0]Cmd: MAP CHECKDEP NOCLEARLOG
[2016.03.30-23.53.56:070][  0]MapCheck: Info Map check complete: 0 Error(s), 0 Warning(s), took 110.37ms to complete.
[2016.03.30-23.53.56:070][  0]LogFileHelpers: Loading map 'Intro' took 0.358
[2016.03.30-23.53.56:400][  0]LogCollectionManager: Loaded 0 collections in 0.004636 seconds
[2016.03.30-23.53.56:452][  0]LogFileCache: Scanning file cache for directory 'C:/Users/Thomas/Code/Talents/Saved/Collections/' took 0.01s
[2016.03.30-23.53.56:452][  0]LogFileCache: Scanning file cache for directory 'C:/Users/Thomas/Code/Talents/Content/Developers/Thomas/Collections/' took 0.01s
[2016.03.30-23.53.56:452][  0]LogFileCache: Scanning file cache for directory 'C:/Users/Thomas/Code/Talents/Content/Collections/' took 0.01s
[2016.03.30-23.53.56:452][  0]LogContentBrowser: Native class hierarchy populated in 0.0162 seconds. Added 1867 classes and 333 folders.
[2016.03.30-23.53.56:481][  0]LogCollectionManager: Rebuilt the GUID cache for 0 collections in 0.000006 seconds
[2016.03.30-23.53.56:501][  0]LogContentBrowser: Native class hierarchy updated for 'WidgetCarousel' in 0.0007 seconds. Added 0 classes and 0 folders.
[2016.03.30-23.54.00:326][  0]LogContentBrowser: Native class hierarchy updated for 'AddContentDialog' in 0.0004 seconds. Added 0 classes and 0 folders.
[2016.03.30-23.54.00:357][  0]LogContentBrowser: Native class hierarchy updated for 'SceneOutliner' in 0.0004 seconds. Added 1 classes and 2 folders.
[2016.03.30-23.54.00:430][  0]LogCrashTracker: Crashtracker disabled due to settings.
[2016.03.30-23.54.00:434][  0]LogUObjectGlobals:Warning: Failed to find object 'Class None.'
[2016.03.30-23.54.00:456][  0]LogLoad: Full Startup: 58.21 seconds (BP compile: 0.08 seconds)
[2016.03.30-23.54.00:558][  0]LogContentStreaming: Texture pool size now 1000 MB
[2016.03.30-23.54.00:732][  0]LogRenderer: Reallocating scene render targets to support 1168x600 (Frame:2).
[2016.03.30-23.54.00:938][  2]LogAssetRegistry: Asset discovery search completed in 13.5673 seconds
[2016.03.30-23.54.00:939][  2]LogCollectionManager: Rebuilt the object cache for 0 collections in 0.000001 seconds (found 0 objects)
[2016.03.30-23.54.00:939][  2]LogCollectionManager: Fixed up redirectors for 0 collections in 0.000036 seconds (updated 0 objects)
[2016.03.31-00.06.19:048][607]LogEditorViewport: Clicking on Actor (context menu): PaperSpriteActor (background)
[2016.03.31-01.30.12:912][111]LogLinker:Warning: Asset '../../../Engine/Content/ArtTools/RenderToTexture/Macros/RenderToTextureMacros.uasset' has been saved with empty engine version. The asset will be loaded but may be incompatible.
[2016.03.31-01.30.14:613][111]LogContentBrowser: Native class hierarchy updated for 'BlueprintGraph' in 0.0506 seconds. Added 107 classes and 0 folders.
[2016.03.31-01.30.42:273][164]LogRenderer: Reallocating scene render targets to support 1168x772 (Frame:48841).
[2016.03.31-01.32.11:429][474]Cmd: OBJ SAVEPACKAGE PACKAGE="/Game/Flipbooks/bow_shoot" FILE="../../../../../../Users/Thomas/Code/Talents/Content/Flipbooks/bow_shoot.uasset" SILENT=true
[2016.03.31-01.32.11:774][474]LogSavePackage: Save=52.682541ms
[2016.03.31-01.32.11:774][474]LogSavePackage: Moving '../../../../../../Users/Thomas/Code/Talents/Saved/bow_shootD6BE2CF74B739EB93DDCCD8AE9D79E3A.tmp' to '../../../../../../Users/Thomas/Code/Talents/Content/Flipbooks/bow_shoot.uasset'
[2016.03.31-01.32.11:811][474]LogSavePackage: Total save time: 356.407601ms
[2016.03.31-01.32.11:811][474]LogSavePackage:Warning: Finished SavePackage ../../../../../../Users/Thomas/Code/Talents/Content/Flipbooks/bow_shoot.uasset
[2016.03.31-01.32.24:097][ 47]LogRenderer: Reallocating scene render targets to support 1168x884 (Frame:60093).
[2016.03.31-01.32.26:828][160]LogRenderer: Reallocating scene render targets to support 1168x940 (Frame:60322).
[2016.03.31-02.00.20:173][921]LogFileHelpers: Editor autosave (incl. sublevels) for '/Game/Intro' took 0.129
[2016.03.31-02.00.20:224][921]OBJ SavePackage: Generating thumbnails for [0] asset(s) in package [/Game/Blueprints/Player] ([1] browsable assets)...
[2016.03.31-02.00.20:224][921]OBJ SavePackage: Finished generating thumbnails for package [/Game/Blueprints/Player]
[2016.03.31-02.00.20:224][921]Cmd: OBJ SAVEPACKAGE PACKAGE="/Game/Blueprints/Player" FILE="../../../../../../Users/Thomas/Code/Talents/Saved/Autosaves/Game/Blueprints/Player_Auto1.uasset" SILENT=false AUTOSAVING=true
[2016.03.31-02.00.20:403][921]LogSavePackage: Save=162.326126ms
[2016.03.31-02.00.20:403][921]LogSavePackage: Moving '../../../../../../Users/Thomas/Code/Talents/Saved/Player_Auto12DD0CBA545C79CA5365949943DD61648.tmp' to '../../../../../../Users/Thomas/Code/Talents/Saved/Autosaves/Game/Blueprints/Player_Auto1.uasset'
[2016.03.31-02.00.20:405][921]LogSavePackage: Total save time: 179.338630ms
[2016.03.31-02.00.20:406][921]LogSavePackage:Warning: Finished SavePackage ../../../../../../Users/Thomas/Code/Talents/Saved/Autosaves/Game/Blueprints/Player_Auto1.uasset
[2016.03.31-02.00.20:406][921]LogFileHelpers: Auto-saving content packages took 0.232
[2016.03.31-02.01.54:098][274]AssetReimport: New page: Outstanding source content changes 12:01:54 PM
[2016.03.31-02.01.54:199][274]LogEditorFactories: Performing atomic reimport of [C:/Users/Thomas/Code/Talents/Content/img/bow_shoot.png]
[2016.03.31-02.01.54:200][274]LogFactory: FactoryCreateBinary: Texture2D with ReimportTextureFactory (0 0 C:/Users/Thomas/Code/Talents/Content/img/bow_shoot.png)
[2016.03.31-02.01.54:296][274]LogEditorFactories: -- imported successfully
[2016.03.31-02.01.54:298][274]LogEditorFactories: Performing atomic reimport of [C:/Users/Thomas/Code/Talents/Content/img/bow_shoot.png]
[2016.03.31-02.01.54:298][274]LogFactory: FactoryCreateBinary: Texture2D with ReimportTextureFactory (0 0 C:/Users/Thomas/Code/Talents/Content/img/bow_shoot.png)
[2016.03.31-02.01.54:302][274]LogEditorFactories: -- imported successfully
[2016.03.31-02.01.54:423][275]Cmd: OBJ SAVEPACKAGE PACKAGE="/Game/img/bow_shoot" FILE="../../../../../../Users/Thomas/Code/Talents/Content/img/bow_shoot.uasset" SILENT=true
[2016.03.31-02.01.54:456][275]LogSavePackage: Save=21.142828ms
[2016.03.31-02.01.54:456][275]LogSavePackage: Moving '../../../../../../Users/Thomas/Code/Talents/Saved/bow_shoot41113DFA48FEA4EB9FD73E936597089E.tmp' to '../../../../../../Users/Thomas/Code/Talents/Content/img/bow_shoot.uasset'
[2016.03.31-02.01.54:459][275]LogSavePackage: Total save time: 33.421159ms
[2016.03.31-02.01.54:459][275]LogSavePackage:Warning: Finished SavePackage ../../../../../../Users/Thomas/Code/Talents/Content/img/bow_shoot.uasset
[2016.03.31-02.01.54:473][275]Cmd: OBJ SAVEPACKAGE PACKAGE="/Game/Textures/bow_shoot" FILE="../../../../../../Users/Thomas/Code/Talents/Content/Textures/bow_shoot.uasset" SILENT=true
[2016.03.31-02.01.54:490][275]LogSavePackage: Save=8.470564ms
[2016.03.31-02.01.54:490][275]LogSavePackage: Moving '../../../../../../Users/Thomas/Code/Talents/Saved/bow_shoot6F201BED4DFB0B231FA44ABF871376A1.tmp' to '../../../../../../Users/Thomas/Code/Talents/Content/Textures/bow_shoot.uasset'
[2016.03.31-02.01.54:494][275]LogSavePackage: Total save time: 19.265000ms
[2016.03.31-02.01.54:494][275]LogSavePackage:Warning: Finished SavePackage ../../../../../../Users/Thomas/Code/Talents/Content/Textures/bow_shoot.uasset
[2016.03.31-02.01.57:504][331]AssetReimport: Info Reimported asset bow_shoot from C:/Users/Thomas/Code/Talents/Content/img/bow_shoot.png.
[2016.03.31-02.01.57:504][331]AssetReimport: Info Reimported asset bow_shoot from C:/Users/Thomas/Code/Talents/Content/img/bow_shoot.png.
[2016.03.31-02.02.26:410][540]LogEditorFactories: Performing atomic reimport of [C:/Users/Thomas/Code/Talents/Content/img/bow_shoot.png]
[2016.03.31-02.02.26:410][540]LogFactory: FactoryCreateBinary: Texture2D with ReimportTextureFactory (0 0 C:/Users/Thomas/Code/Talents/Content/img/bow_shoot.png)
[2016.03.31-02.02.26:413][540]LogTexture:Display: Building textures: bow_shoot (BGRA8)
[2016.03.31-02.02.26:414][540]LogEditorFactories: -- imported successfully
[2016.03.31-02.02.38:200][ 96]LogEditorTransaction: Undo Modify Component(s)
[2016.03.31-02.03.16:068][947]Cmd: OBJ SAVEPACKAGE PACKAGE="/Game/Blueprints/Player" FILE="../../../../../../Users/Thomas/Code/Talents/Content/Blueprints/Player.uasset" SILENT=true
[2016.03.31-02.03.16:208][947]LogSavePackage: Save=131.361664ms
[2016.03.31-02.03.16:208][947]LogSavePackage: Moving '../../../../../../Users/Thomas/Code/Talents/Saved/PlayerF29400B14BFA6FB42729A48AD538B06A.tmp' to '../../../../../../Users/Thomas/Code/Talents/Content/Blueprints/Player.uasset'
[2016.03.31-02.03.16:212][947]LogSavePackage: Total save time: 142.274756ms
[2016.03.31-02.03.16:212][947]LogSavePackage:Warning: Finished SavePackage ../../../../../../Users/Thomas/Code/Talents/Content/Blueprints/Player.uasset
[2016.03.31-02.03.16:221][947]Cmd: OBJ SAVEPACKAGE PACKAGE="/Game/Textures/bow_shoot" FILE="../../../../../../Users/Thomas/Code/Talents/Content/Textures/bow_shoot.uasset" SILENT=true
[2016.03.31-02.03.16:236][947]LogSavePackage: Save=6.671341ms
[2016.03.31-02.03.16:236][947]LogSavePackage: Moving '../../../../../../Users/Thomas/Code/Talents/Saved/bow_shootB66600EF42F92DDC5A887A9CA6193488.tmp' to '../../../../../../Users/Thomas/Code/Talents/Content/Textures/bow_shoot.uasset'
[2016.03.31-02.03.16:238][947]LogSavePackage: Total save time: 15.230149ms
[2016.03.31-02.03.16:238][947]LogSavePackage:Warning: Finished SavePackage ../../../../../../Users/Thomas/Code/Talents/Content/Textures/bow_shoot.uasset
[2016.03.31-02.05.24:571][549]Cmd: OBJ SAVEPACKAGE PACKAGE="/Game/Blueprints/Player" FILE="../../../../../../Users/Thomas/Code/Talents/Content/Blueprints/Player.uasset" SILENT=true
[2016.03.31-02.05.24:749][549]LogSavePackage: Save=157.396790ms
[2016.03.31-02.05.24:749][549]LogSavePackage: Moving '../../../../../../Users/Thomas/Code/Talents/Saved/Player7DC268E84CB92CB1FE269D849A0E512D.tmp' to '../../../../../../Users/Thomas/Code/Talents/Content/Blueprints/Player.uasset'
[2016.03.31-02.05.24:754][549]LogSavePackage: Total save time: 180.403888ms
[2016.03.31-02.05.24:754][549]LogSavePackage:Warning: Finished SavePackage ../../../../../../Users/Thomas/Code/Talents/Content/Blueprints/Player.uasset
[2016.03.31-02.06.26:605][150]Cmd: OBJ SAVEPACKAGE PACKAGE="/Game/Blueprints/Player" FILE="../../../../../../Users/Thomas/Code/Talents/Content/Blueprints/Player.uasset" SILENT=true
[2016.03.31-02.06.26:760][150]LogSavePackage: Save=142.597321ms
[2016.03.31-02.06.26:760][150]LogSavePackage: Moving '../../../../../../Users/Thomas/Code/Talents/Saved/PlayerC28B0F724592DC9C475CC9B9E7E98F13.tmp' to '../../../../../../Users/Thomas/Code/Talents/Content/Blueprints/Player.uasset'
[2016.03.31-02.06.26:764][150]LogSavePackage: Total save time: 157.397386ms
[2016.03.31-02.06.26:764][150]LogSavePackage:Warning: Finished SavePackage ../../../../../../Users/Thomas/Code/Talents/Content/Blueprints/Player.uasset
[2016.03.31-02.06.28:084][215]BlueprintLog: New page: Pre-Play auto-recompile
[2016.03.31-02.06.28:103][215]LogPlayLevel: [PlayLevel] Compiling Player before play...
[2016.03.31-02.06.28:471][215]LogPlayLevel: PlayLevel: Blueprint regeneration took 388 ms (1 blueprints)
[2016.03.31-02.06.28:567][215]PIE: New page: PIE session: Intro (Mar 30, 2016, 12:06:28 PM)
[2016.03.31-02.06.28:567][215]LogPlayLevel: Creating play world package: /Game/UEDPIE_0_Intro
[2016.03.31-02.06.28:569][215]LogPlayLevel: PIE: StaticDuplicateObject took: (0.002051s)
[2016.03.31-02.06.28:570][215]LogAIModule: Creating AISystem for world Intro
[2016.03.31-02.06.28:570][215]LogPlayLevel: PIE: World Init took: (0.001450s)
[2016.03.31-02.06.28:589][215]LogPlayLevel: PIE: Created PIE world by copying editor world from /Game/Intro.Intro to /Game/UEDPIE_0_Intro.Intro (0.022564s)
[2016.03.31-02.06.28:658][215]LogInit: XAudio2 using 'Speakers (Realtek High Definition Audio)' : 2 channels at 48 kHz using 32 bits per sample (channel mask 0x3)
[2016.03.31-02.06.28:676][215]LogInit: FAudioDevice initialized.
[2016.03.31-02.06.28:878][215]LogWorld: Game class is 'PaperGameMode_C'
[2016.03.31-02.06.29:022][215]LogWorld: Bringing World /Game/UEDPIE_0_Intro.Intro up for play (max tick rate 0) at 2016.03.30-19.06.29
[2016.03.31-02.06.29:022][215]LogActor:Warning: GameSession /Game/UEDPIE_0_Intro.Intro:PersistentLevel.GameSession_0 has natively added scene component(s), but none of them were set as the actor's RootComponent - picking one arbitrarily
[2016.03.31-02.06.29:023][215]LogActor:Warning: GameNetworkManager /Game/UEDPIE_0_Intro.Intro:PersistentLevel.GameNetworkManager_0 has natively added scene component(s), but none of them were set as the actor's RootComponent - picking one arbitrarily
[2016.03.31-02.06.29:051][215]LogWorld: Bringing up level for play took: 0.030861
[2016.03.31-02.06.29:290][215]PIE: Info Play in editor start time for /Game/UEDPIE_0_Intro 1.008
[2016.03.31-02.06.48:731][244]LogParticles: Destroying 0 GPU particle simulations for FXSystem 0x000000268F7ADF80
[2016.03.31-02.07.13:571][326]BlueprintLog: New page: Pre-Play auto-recompile
[2016.03.31-02.07.13:587][326]LogPlayLevel: [PlayLevel] Compiling Player before play...
[2016.03.31-02.07.13:786][326]LogPlayLevel: PlayLevel: Blueprint regeneration took 214 ms (1 blueprints)
[2016.03.31-02.07.13:821][326]PIE: New page: PIE session: Intro (Mar 30, 2016, 12:07:13 PM)
[2016.03.31-02.07.13:821][326]LogPlayLevel: Creating play world package: /Game/UEDPIE_0_Intro
[2016.03.31-02.07.13:823][326]LogPlayLevel: PIE: StaticDuplicateObject took: (0.001334s)
[2016.03.31-02.07.13:824][326]LogAIModule: Creating AISystem for world Intro
[2016.03.31-02.07.13:824][326]LogPlayLevel: PIE: World Init took: (0.000973s)
[2016.03.31-02.07.13:824][326]LogPlayLevel: PIE: Created PIE world by copying editor world from /Game/Intro.Intro to /Game/UEDPIE_0_Intro.Intro (0.002544s)
[2016.03.31-02.07.13:870][326]LogInit: XAudio2 using 'Speakers (Realtek High Definition Audio)' : 2 channels at 48 kHz using 32 bits per sample (channel mask 0x3)
[2016.03.31-02.07.13:887][326]LogInit: FAudioDevice initialized.
[2016.03.31-02.07.13:928][326]LogWorld: Game class is 'PaperGameMode_C'
[2016.03.31-02.07.13:932][326]LogWorld: Bringing World /Game/UEDPIE_0_Intro.Intro up for play (max tick rate 0) at 2016.03.30-19.07.13
[2016.03.31-02.07.13:932][326]LogActor:Warning: GameSession /Game/UEDPIE_0_Intro.Intro:PersistentLevel.GameSession_1 has natively added scene component(s), but none of them were set as the actor's RootComponent - picking one arbitrarily
[2016.03.31-02.07.13:932][326]LogActor:Warning: GameNetworkManager /Game/UEDPIE_0_Intro.Intro:PersistentLevel.GameNetworkManager_1 has natively added scene component(s), but none of them were set as the actor's RootComponent - picking one arbitrarily
[2016.03.31-02.07.13:932][326]LogWorld: Bringing up level for play took: 0.003276
[2016.03.31-02.07.13:936][326]PIE: Info Play in editor start time for /Game/UEDPIE_0_Intro -0.347
[2016.03.31-02.07.22:004][744]LogParticles: Destroying 0 GPU particle simulations for FXSystem 0x00000026DFFF9620
[2016.03.31-02.07.29:789][ 68]Cmd: OBJ SAVEPACKAGE PACKAGE="/Game/Blueprints/Player" FILE="../../../../../../Users/Thomas/Code/Talents/Content/Blueprints/Player.uasset" SILENT=true
[2016.03.31-02.07.29:946][ 68]LogSavePackage: Save=143.015945ms
[2016.03.31-02.07.29:946][ 68]LogSavePackage: Moving '../../../../../../Users/Thomas/Code/Talents/Saved/Player0531D77C427160D4376B3EAC74DAEF97.tmp' to '../../../../../../Users/Thomas/Code/Talents/Content/Blueprints/Player.uasset'
[2016.03.31-02.07.29:948][ 68]LogSavePackage: Total save time: 157.328717ms
[2016.03.31-02.07.29:948][ 68]LogSavePackage:Warning: Finished SavePackage ../../../../../../Users/Thomas/Code/Talents/Content/Blueprints/Player.uasset
[2016.03.31-02.07.30:970][110]BlueprintLog: New page: Pre-Play auto-recompile
[2016.03.31-02.07.30:989][110]LogPlayLevel: [PlayLevel] Compiling Player before play...
[2016.03.31-02.07.31:201][110]LogPlayLevel: PlayLevel: Blueprint regeneration took 230 ms (1 blueprints)
[2016.03.31-02.07.31:235][110]PIE: New page: PIE session: Intro (Mar 30, 2016, 12:07:31 PM)
[2016.03.31-02.07.31:235][110]LogPlayLevel: Creating play world package: /Game/UEDPIE_0_Intro
[2016.03.31-02.07.31:236][110]LogPlayLevel: PIE: StaticDuplicateObject took: (0.001129s)
[2016.03.31-02.07.31:236][110]LogAIModule: Creating AISystem for world Intro
[2016.03.31-02.07.31:237][110]LogPlayLevel: PIE: World Init took: (0.000810s)
[2016.03.31-02.07.31:237][110]LogPlayLevel: PIE: Created PIE world by copying editor world from /Game/Intro.Intro to /Game/UEDPIE_0_Intro.Intro (0.002144s)
[2016.03.31-02.07.31:275][110]LogInit: XAudio2 using 'Speakers (Realtek High Definition Audio)' : 2 channels at 48 kHz using 32 bits per sample (channel mask 0x3)
[2016.03.31-02.07.31:290][110]LogInit: FAudioDevice initialized.
[2016.03.31-02.07.31:327][110]LogWorld: Game class is 'PaperGameMode_C'
[2016.03.31-02.07.31:330][110]LogWorld: Bringing World /Game/UEDPIE_0_Intro.Intro up for play (max tick rate 0) at 2016.03.30-19.07.31
[2016.03.31-02.07.31:330][110]LogActor:Warning: GameSession /Game/UEDPIE_0_Intro.Intro:PersistentLevel.GameSession_2 has natively added scene component(s), but none of them were set as the actor's RootComponent - picking one arbitrarily
[2016.03.31-02.07.31:331][110]LogActor:Warning: GameNetworkManager /Game/UEDPIE_0_Intro.Intro:PersistentLevel.GameNetworkManager_2 has natively added scene component(s), but none of them were set as the actor's RootComponent - picking one arbitrarily
[2016.03.31-02.07.31:331][110]LogWorld: Bringing up level for play took: 0.002858
[2016.03.31-02.07.31:334][110]PIE: Info Play in editor start time for /Game/UEDPIE_0_Intro 1.052
[2016.03.31-02.07.50:669][143]LogParticles: Destroying 0 GPU particle simulations for FXSystem 0x0000002686B35940
[2016.03.31-02.08.21:359][408]Cmd: OBJ SAVEPACKAGE PACKAGE="/Game/Blueprints/Player" FILE="../../../../../../Users/Thomas/Code/Talents/Content/Blueprints/Player.uasset" SILENT=true
[2016.03.31-02.08.21:528][408]LogSavePackage: Save=159.154739ms
[2016.03.31-02.08.21:528][408]LogSavePackage: Moving '../../../../../../Users/Thomas/Code/Talents/Saved/Player0F45CB4E46485BF2D1EDB0996846F8BD.tmp' to '../../../../../../Users/Thomas/Code/Talents/Content/Blueprints/Player.uasset'
[2016.03.31-02.08.21:533][408]LogSavePackage: Total save time: 171.586670ms
[2016.03.31-02.08.21:533][408]LogSavePackage:Warning: Finished SavePackage ../../../../../../Users/Thomas/Code/Talents/Content/Blueprints/Player.uasset
[2016.03.31-02.08.23:871][500]BlueprintLog: New page: Pre-Play auto-recompile
[2016.03.31-02.08.23:888][500]LogPlayLevel: [PlayLevel] Compiling Player before play...
[2016.03.31-02.08.24:127][500]LogPlayLevel: PlayLevel: Blueprint regeneration took 255 ms (1 blueprints)
[2016.03.31-02.08.24:167][500]PIE: New page: PIE session: Intro (Mar 30, 2016, 12:08:24 PM)
[2016.03.31-02.08.24:167][500]LogPlayLevel: Creating play world package: /Game/UEDPIE_0_Intro
[2016.03.31-02.08.24:168][500]LogPlayLevel: PIE: StaticDuplicateObject took: (0.001270s)
[2016.03.31-02.08.24:169][500]LogAIModule: Creating AISystem for world Intro
[2016.03.31-02.08.24:169][500]LogPlayLevel: PIE: World Init took: (0.000938s)
[2016.03.31-02.08.24:169][500]LogPlayLevel: PIE: Created PIE world by copying editor world from /Game/Intro.Intro to /Game/UEDPIE_0_Intro.Intro (0.002443s)
[2016.03.31-02.08.24:216][500]LogInit: XAudio2 using 'Speakers (Realtek High Definition Audio)' : 2 channels at 48 kHz using 32 bits per sample (channel mask 0x3)
[2016.03.31-02.08.24:232][500]LogInit: FAudioDevice initialized.
[2016.03.31-02.08.24:272][500]LogWorld: Game class is 'PaperGameMode_C'
[2016.03.31-02.08.24:276][500]LogWorld: Bringing World /Game/UEDPIE_0_Intro.Intro up for play (max tick rate 0) at 2016.03.30-19.08.24
[2016.03.31-02.08.24:276][500]LogActor:Warning: GameSession /Game/UEDPIE_0_Intro.Intro:PersistentLevel.GameSession_3 has natively added scene component(s), but none of them were set as the actor's RootComponent - picking one arbitrarily
[2016.03.31-02.08.24:276][500]LogActor:Warning: GameNetworkManager /Game/UEDPIE_0_Intro.Intro:PersistentLevel.GameNetworkManager_3 has natively added scene component(s), but none of them were set as the actor's RootComponent - picking one arbitrarily
[2016.03.31-02.08.24:276][500]LogWorld: Bringing up level for play took: 0.002760
[2016.03.31-02.08.24:279][500]PIE: Info Play in editor start time for /Game/UEDPIE_0_Intro -0.003
[2016.03.31-02.08.36:192][151]LogParticles: Destroying 0 GPU particle simulations for FXSystem 0x00000026F7FC5C60
[2016.03.31-02.08.54:007][608]Cmd: OBJ SAVEPACKAGE PACKAGE="/Game/Blueprints/Player" FILE="../../../../../../Users/Thomas/Code/Talents/Content/Blueprints/Player.uasset" SILENT=true
[2016.03.31-02.08.54:152][608]LogSavePackage: Save=137.190002ms
[2016.03.31-02.08.54:152][608]LogSavePackage: Moving '../../../../../../Users/Thomas/Code/Talents/Saved/Player6451DCA244534D947D439082C190530D.tmp' to '../../../../../../Users/Thomas/Code/Talents/Content/Blueprints/Player.uasset'
[2016.03.31-02.08.54:177][608]LogSavePackage: Total save time: 168.250851ms
[2016.03.31-02.08.54:177][608]LogSavePackage:Warning: Finished SavePackage ../../../../../../Users/Thomas/Code/Talents/Content/Blueprints/Player.uasset
[2016.03.31-02.08.55:074][640]BlueprintLog: New page: Pre-Play auto-recompile
[2016.03.31-02.08.55:099][640]LogPlayLevel: [PlayLevel] Compiling Player before play...
[2016.03.31-02.08.55:344][640]LogPlayLevel: PlayLevel: Blueprint regeneration took 269 ms (1 blueprints)
[2016.03.31-02.08.55:388][640]PIE: New page: PIE session: Intro (Mar 30, 2016, 12:08:55 PM)
[2016.03.31-02.08.55:388][640]LogPlayLevel: Creating play world package: /Game/UEDPIE_0_Intro
[2016.03.31-02.08.55:390][640]LogPlayLevel: PIE: StaticDuplicateObject took: (0.001850s)
[2016.03.31-02.08.55:391][640]LogAIModule: Creating AISystem for world Intro
[2016.03.31-02.08.55:391][640]LogPlayLevel: PIE: World Init took: (0.001087s)
[2016.03.31-02.08.55:391][640]LogPlayLevel: PIE: Created PIE world by copying editor world from /Game/Intro.Intro to /Game/UEDPIE_0_Intro.Intro (0.003213s)
[2016.03.31-02.08.55:438][640]LogInit: XAudio2 using 'Speakers (Realtek High Definition Audio)' : 2 channels at 48 kHz using 32 bits per sample (channel mask 0x3)
[2016.03.31-02.08.55:459][640]LogInit: FAudioDevice initialized.
[2016.03.31-02.08.55:499][640]LogWorld: Game class is 'PaperGameMode_C'
[2016.03.31-02.08.55:503][640]LogWorld: Bringing World /Game/UEDPIE_0_Intro.Intro up for play (max tick rate 0) at 2016.03.30-19.08.55
[2016.03.31-02.08.55:503][640]LogActor:Warning: GameSession /Game/UEDPIE_0_Intro.Intro:PersistentLevel.GameSession_4 has natively added scene component(s), but none of them were set as the actor's RootComponent - picking one arbitrarily
[2016.03.31-02.08.55:504][640]LogActor:Warning: GameNetworkManager /Game/UEDPIE_0_Intro.Intro:PersistentLevel.GameNetworkManager_4 has natively added scene component(s), but none of them were set as the actor's RootComponent - picking one arbitrarily
[2016.03.31-02.08.55:504][640]LogWorld: Bringing up level for play took: 0.003252
[2016.03.31-02.08.55:508][640]PIE: Info Play in editor start time for /Game/UEDPIE_0_Intro 1.226
[2016.03.31-02.08.58:934][809]LogParticles: Destroying 0 GPU particle simulations for FXSystem 0x000000268DFCFC40
[2016.03.31-02.09.16:094][538]BlueprintLog: New page: Pre-Play auto-recompile
[2016.03.31-02.09.16:115][538]LogPlayLevel: [PlayLevel] Compiling Player before play...
[2016.03.31-02.09.16:360][538]LogPlayLevel: PlayLevel: Blueprint regeneration took 266 ms (1 blueprints)
[2016.03.31-02.09.16:405][538]PIE: New page: PIE session: Intro (Mar 30, 2016, 12:09:16 PM)
[2016.03.31-02.09.16:405][538]LogPlayLevel: Creating play world package: /Game/UEDPIE_0_Intro
[2016.03.31-02.09.16:406][538]LogPlayLevel: PIE: StaticDuplicateObject took: (0.001513s)
[2016.03.31-02.09.16:407][538]LogAIModule: Creating AISystem for world Intro
[2016.03.31-02.09.16:408][538]LogPlayLevel: PIE: World Init took: (0.001109s)
[2016.03.31-02.09.16:408][538]LogPlayLevel: PIE: Created PIE world by copying editor world from /Game/Intro.Intro to /Game/UEDPIE_0_Intro.Intro (0.002894s)
[2016.03.31-02.09.16:460][538]LogInit: XAudio2 using 'Speakers (Realtek High Definition Audio)' : 2 channels at 48 kHz using 32 bits per sample (channel mask 0x3)
[2016.03.31-02.09.16:479][538]LogInit: FAudioDevice initialized.
[2016.03.31-02.09.16:523][538]LogWorld: Game class is 'PaperGameMode_C'
[2016.03.31-02.09.16:527][538]LogWorld: Bringing World /Game/UEDPIE_0_Intro.Intro up for play (max tick rate 0) at 2016.03.30-19.09.16
[2016.03.31-02.09.16:527][538]LogActor:Warning: GameSession /Game/UEDPIE_0_Intro.Intro:PersistentLevel.GameSession_5 has natively added scene component(s), but none of them were set as the actor's RootComponent - picking one arbitrarily
[2016.03.31-02.09.16:528][538]LogActor:Warning: GameNetworkManager /Game/UEDPIE_0_Intro.Intro:PersistentLevel.GameNetworkManager_5 has natively added scene component(s), but none of them were set as the actor's RootComponent - picking one arbitrarily
[2016.03.31-02.09.16:528][538]LogWorld: Bringing up level for play took: 0.003335
[2016.03.31-02.09.16:532][538]PIE: Info Play in editor start time for /Game/UEDPIE_0_Intro 0.25
[2016.03.31-02.09.21:684][811]LogParticles: Destroying 0 GPU particle simulations for FXSystem 0x00000026854F16C0
[2016.03.31-02.09.30:257][166]Cmd: OBJ SAVEPACKAGE PACKAGE="/Game/Blueprints/Player" FILE="../../../../../../Users/Thomas/Code/Talents/Content/Blueprints/Player.uasset" SILENT=true
[2016.03.31-02.09.30:394][166]LogSavePackage: Save=127.400291ms
[2016.03.31-02.09.30:394][166]LogSavePackage: Moving '../../../../../../Users/Thomas/Code/Talents/Saved/Player8931A8F946C78B7E8F3C6CB0830E75E0.tmp' to '../../../../../../Users/Thomas/Code/Talents/Content/Blueprints/Player.uasset'
[2016.03.31-02.09.30:397][166]LogSavePackage: Total save time: 137.595691ms
[2016.03.31-02.09.30:397][166]LogSavePackage:Warning: Finished SavePackage ../../../../../../Users/Thomas/Code/Talents/Content/Blueprints/Player.uasset
[2016.03.31-02.09.30:754][180]BlueprintLog: New page: Pre-Play auto-recompile
[2016.03.31-02.09.30:772][180]LogPlayLevel: [PlayLevel] Compiling Player before play...
[2016.03.31-02.09.30:979][180]LogPlayLevel: PlayLevel: Blueprint regeneration took 224 ms (1 blueprints)
[2016.03.31-02.09.31:016][180]PIE: New page: PIE session: Intro (Mar 30, 2016, 12:09:31 PM)
[2016.03.31-02.09.31:016][180]LogPlayLevel: Creating play world package: /Game/UEDPIE_0_Intro
[2016.03.31-02.09.31:017][180]LogPlayLevel: PIE: StaticDuplicateObject took: (0.001296s)
[2016.03.31-02.09.31:018][180]LogAIModule: Creating AISystem for world Intro
[2016.03.31-02.09.31:018][180]LogPlayLevel: PIE: World Init took: (0.000874s)
[2016.03.31-02.09.31:018][180]LogPlayLevel: PIE: Created PIE world by copying editor world from /Game/Intro.Intro to /Game/UEDPIE_0_Intro.Intro (0.002408s)
[2016.03.31-02.09.31:064][180]LogInit: XAudio2 using 'Speakers (Realtek High Definition Audio)' : 2 channels at 48 kHz using 32 bits per sample (channel mask 0x3)
[2016.03.31-02.09.31:081][180]LogInit: FAudioDevice initialized.
[2016.03.31-02.09.31:124][180]LogWorld: Game class is 'PaperGameMode_C'
[2016.03.31-02.09.31:127][180]LogWorld: Bringing World /Game/UEDPIE_0_Intro.Intro up for play (max tick rate 0) at 2016.03.30-19.09.31
[2016.03.31-02.09.31:127][180]LogActor:Warning: GameSession /Game/UEDPIE_0_Intro.Intro:PersistentLevel.GameSession_6 has natively added scene component(s), but none of them were set as the actor's RootComponent - picking one arbitrarily
[2016.03.31-02.09.31:128][180]LogActor:Warning: GameNetworkManager /Game/UEDPIE_0_Intro.Intro:PersistentLevel.GameNetworkManager_6 has natively added scene component(s), but none of them were set as the actor's RootComponent - picking one arbitrarily
[2016.03.31-02.09.31:128][180]LogWorld: Bringing up level for play took: 0.002652
[2016.03.31-02.09.31:131][180]PIE: Info Play in editor start time for /Game/UEDPIE_0_Intro 0.849
[2016.03.31-02.09.37:832][545]LogParticles: Destroying 0 GPU particle simulations for FXSystem 0x00000026DFF92840
[2016.03.31-02.09.45:005][848]BlueprintLog: New page: Pre-Play auto-recompile
[2016.03.31-02.09.45:026][848]LogPlayLevel: [PlayLevel] Compiling Player before play...
[2016.03.31-02.09.45:277][848]LogPlayLevel: PlayLevel: Blueprint regeneration took 271 ms (1 blueprints)
[2016.03.31-02.09.45:318][848]PIE: New page: PIE session: Intro (Mar 30, 2016, 12:09:45 PM)
[2016.03.31-02.09.45:318][848]LogPlayLevel: Creating play world package: /Game/UEDPIE_0_Intro
[2016.03.31-02.09.45:320][848]LogPlayLevel: PIE: StaticDuplicateObject took: (0.001342s)
[2016.03.31-02.09.45:320][848]LogAIModule: Creating AISystem for world Intro
[2016.03.31-02.09.45:321][848]LogPlayLevel: PIE: World Init took: (0.000969s)
[2016.03.31-02.09.45:321][848]LogPlayLevel: PIE: Created PIE world by copying editor world from /Game/Intro.Intro to /Game/UEDPIE_0_Intro.Intro (0.002598s)
[2016.03.31-02.09.45:364][848]LogInit: XAudio2 using 'Speakers (Realtek High Definition Audio)' : 2 channels at 48 kHz using 32 bits per sample (channel mask 0x3)
[2016.03.31-02.09.45:379][848]LogInit: FAudioDevice initialized.
[2016.03.31-02.09.45:417][848]LogWorld: Game class is 'PaperGameMode_C'
[2016.03.31-02.09.45:420][848]LogWorld: Bringing World /Game/UEDPIE_0_Intro.Intro up for play (max tick rate 0) at 2016.03.30-19.09.45
[2016.03.31-02.09.45:420][848]LogActor:Warning: GameSession /Game/UEDPIE_0_Intro.Intro:PersistentLevel.GameSession_7 has natively added scene component(s), but none of them were set as the actor's RootComponent - picking one arbitrarily
[2016.03.31-02.09.45:421][848]LogActor:Warning: GameNetworkManager /Game/UEDPIE_0_Intro.Intro:PersistentLevel.GameNetworkManager_7 has natively added scene component(s), but none of them were set as the actor's RootComponent - picking one arbitrarily
[2016.03.31-02.09.45:421][848]LogWorld: Bringing up level for play took: 0.002854
[2016.03.31-02.09.45:424][848]PIE: Info Play in editor start time for /Game/UEDPIE_0_Intro 1.142
[2016.03.31-02.10.00:493][645]LogParticles: Destroying 0 GPU particle simulations for FXSystem 0x0000002686EB4EA0
[2016.03.31-02.10.40:543][351]Cmd: OBJ SAVEPACKAGE PACKAGE="/Game/Blueprints/Player" FILE="../../../../../../Users/Thomas/Code/Talents/Content/Blueprints/Player.uasset" SILENT=true
[2016.03.31-02.10.40:699][351]LogSavePackage: Save=139.742477ms
[2016.03.31-02.10.40:699][351]LogSavePackage: Moving '../../../../../../Users/Thomas/Code/Talents/Saved/PlayerBED910BE45321810E83DC6AAB44956DD.tmp' to '../../../../../../Users/Thomas/Code/Talents/Content/Blueprints/Player.uasset'
[2016.03.31-02.10.40:703][351]LogSavePackage: Total save time: 158.739123ms
[2016.03.31-02.10.40:703][351]LogSavePackage:Warning: Finished SavePackage ../../../../../../Users/Thomas/Code/Talents/Content/Blueprints/Player.uasset
[2016.03.31-02.10.41:517][383]BlueprintLog: New page: Pre-Play auto-recompile
[2016.03.31-02.10.41:535][383]LogPlayLevel: [PlayLevel] Compiling Player before play...
[2016.03.31-02.10.41:763][383]LogPlayLevel: PlayLevel: Blueprint regeneration took 247 ms (1 blueprints)
[2016.03.31-02.10.41:797][383]PIE: New page: PIE session: Intro (Mar 30, 2016, 12:10:41 PM)
[2016.03.31-02.10.41:797][383]LogPlayLevel: Creating play world package: /Game/UEDPIE_0_Intro
[2016.03.31-02.10.41:798][383]LogPlayLevel: PIE: StaticDuplicateObject took: (0.001223s)
[2016.03.31-02.10.41:799][383]LogAIModule: Creating AISystem for world Intro
[2016.03.31-02.10.41:799][383]LogPlayLevel: PIE: World Init took: (0.001001s)
[2016.03.31-02.10.41:799][383]LogPlayLevel: PIE: Created PIE world by copying editor world from /Game/Intro.Intro to /Game/UEDPIE_0_Intro.Intro (0.002449s)
[2016.03.31-02.10.41:841][383]LogInit: XAudio2 using 'Speakers (Realtek High Definition Audio)' : 2 channels at 48 kHz using 32 bits per sample (channel mask 0x3)
[2016.03.31-02.10.41:858][383]LogInit: FAudioDevice initialized.
[2016.03.31-02.10.41:899][383]LogWorld: Game class is 'PaperGameMode_C'
[2016.03.31-02.10.41:902][383]LogWorld: Bringing World /Game/UEDPIE_0_Intro.Intro up for play (max tick rate 0) at 2016.03.30-19.10.41
[2016.03.31-02.10.41:902][383]LogActor:Warning: GameSession /Game/UEDPIE_0_Intro.Intro:PersistentLevel.GameSession_8 has natively added scene component(s), but none of them were set as the actor's RootComponent - picking one arbitrarily
[2016.03.31-02.10.41:903][383]LogActor:Warning: GameNetworkManager /Game/UEDPIE_0_Intro.Intro:PersistentLevel.GameNetworkManager_8 has natively added scene component(s), but none of them were set as the actor's RootComponent - picking one arbitrarily
[2016.03.31-02.10.41:903][383]LogWorld: Bringing up level for play took: 0.002607
[2016.03.31-02.10.41:906][383]PIE: Info Play in editor start time for /Game/UEDPIE_0_Intro -0.376
[2016.03.31-02.10.49:427][789]LogParticles: Destroying 0 GPU particle simulations for FXSystem 0x00000026A6B011C0
[2016.03.31-02.11.04:326][452]Cmd: OBJ SAVEPACKAGE PACKAGE="/Game/Blueprints/Player" FILE="../../../../../../Users/Thomas/Code/Talents/Content/Blueprints/Player.uasset" SILENT=true
[2016.03.31-02.11.04:483][452]LogSavePackage: Save=148.220261ms
[2016.03.31-02.11.04:483][452]LogSavePackage: Moving '../../../../../../Users/Thomas/Code/Talents/Saved/PlayerFCB6BE754C5C1CC8F21D869424A86584.tmp' to '../../../../../../Users/Thomas/Code/Talents/Content/Blueprints/Player.uasset'
[2016.03.31-02.11.04:486][452]LogSavePackage: Total save time: 158.486437ms
[2016.03.31-02.11.04:486][452]LogSavePackage:Warning: Finished SavePackage ../../../../../../Users/Thomas/Code/Talents/Content/Blueprints/Player.uasset
[2016.03.31-02.11.05:565][503]BlueprintLog: New page: Pre-Play auto-recompile
[2016.03.31-02.11.05:584][503]LogPlayLevel: [PlayLevel] Compiling Player before play...
[2016.03.31-02.11.05:703][503]LogPlayLevel: PlayLevel: Blueprint regeneration took 138 ms (1 blueprints)
[2016.03.31-02.11.05:738][503]PIE: New page: PIE session: Intro (Mar 30, 2016, 12:11:05 PM)
[2016.03.31-02.11.05:738][503]LogPlayLevel: Creating play world package: /Game/UEDPIE_0_Intro
[2016.03.31-02.11.05:739][503]LogPlayLevel: PIE: StaticDuplicateObject took: (0.001227s)
[2016.03.31-02.11.05:740][503]LogAIModule: Creating AISystem for world Intro
[2016.03.31-02.11.05:740][503]LogPlayLevel: PIE: World Init took: (0.000913s)
[2016.03.31-02.11.05:740][503]LogPlayLevel: PIE: Created PIE world by copying editor world from /Game/Intro.Intro to /Game/UEDPIE_0_Intro.Intro (0.002370s)
[2016.03.31-02.11.05:779][503]LogInit: XAudio2 using 'Speakers (Realtek High Definition Audio)' : 2 channels at 48 kHz using 32 bits per sample (channel mask 0x3)
[2016.03.31-02.11.05:793][503]LogInit: FAudioDevice initialized.
[2016.03.31-02.11.05:835][503]LogWorld: Game class is 'PaperGameMode_C'
[2016.03.31-02.11.05:838][503]LogWorld: Bringing World /Game/UEDPIE_0_Intro.Intro up for play (max tick rate 0) at 2016.03.30-19.11.05
[2016.03.31-02.11.05:838][503]LogActor:Warning: GameSession /Game/UEDPIE_0_Intro.Intro:PersistentLevel.GameSession_9 has natively added scene component(s), but none of them were set as the actor's RootComponent - picking one arbitrarily
[2016.03.31-02.11.05:838][503]LogActor:Warning: GameNetworkManager /Game/UEDPIE_0_Intro.Intro:PersistentLevel.GameNetworkManager_9 has natively added scene component(s), but none of them were set as the actor's RootComponent - picking one arbitrarily
[2016.03.31-02.11.05:839][503]LogWorld: Bringing up level for play took: 0.002403
[2016.03.31-02.11.05:842][503]PIE: Info Play in editor start time for /Game/UEDPIE_0_Intro -0.44
[2016.03.31-02.11.12:121][853]LogParticles: Destroying 0 GPU particle simulations for FXSystem 0x00000026AD26B880
[2016.03.31-02.11.20:683][265]BlueprintLog: New page: Pre-Play auto-recompile
[2016.03.31-02.11.20:695][265]LogPlayLevel: [PlayLevel] Compiling Player before play...
[2016.03.31-02.11.20:800][265]LogPlayLevel: PlayLevel: Blueprint regeneration took 116 ms (1 blueprints)
[2016.03.31-02.11.20:834][265]PIE: New page: PIE session: Intro (Mar 30, 2016, 12:11:20 PM)
[2016.03.31-02.11.20:834][265]LogPlayLevel: Creating play world package: /Game/UEDPIE_0_Intro
[2016.03.31-02.11.20:835][265]LogPlayLevel: PIE: StaticDuplicateObject took: (0.001116s)
[2016.03.31-02.11.20:836][265]LogAIModule: Creating AISystem for world Intro
[2016.03.31-02.11.20:836][265]LogPlayLevel: PIE: World Init took: (0.000809s)
[2016.03.31-02.11.20:836][265]LogPlayLevel: PIE: Created PIE world by copying editor world from /Game/Intro.Intro to /Game/UEDPIE_0_Intro.Intro (0.002138s)
[2016.03.31-02.11.20:878][265]LogInit: XAudio2 using 'Speakers (Realtek High Definition Audio)' : 2 channels at 48 kHz using 32 bits per sample (channel mask 0x3)
[2016.03.31-02.11.20:893][265]LogInit: FAudioDevice initialized.
[2016.03.31-02.11.20:931][265]LogWorld: Game class is 'PaperGameMode_C'
[2016.03.31-02.11.20:935][265]LogWorld: Bringing World /Game/UEDPIE_0_Intro.Intro up for play (max tick rate 0) at 2016.03.30-19.11.20
[2016.03.31-02.11.20:935][265]LogActor:Warning: GameSession /Game/UEDPIE_0_Intro.Intro:PersistentLevel.GameSession_10 has natively added scene component(s), but none of them were set as the actor's RootComponent - picking one arbitrarily
[2016.03.31-02.11.20:935][265]LogActor:Warning: GameNetworkManager /Game/UEDPIE_0_Intro.Intro:PersistentLevel.GameNetworkManager_10 has natively added scene component(s), but none of them were set as the actor's RootComponent - picking one arbitrarily
[2016.03.31-02.11.20:935][265]LogWorld: Bringing up level for play took: 0.002777
[2016.03.31-02.11.20:938][265]PIE: Info Play in editor start time for /Game/UEDPIE_0_Intro 0.656
[2016.03.31-02.11.26:291][569]LogParticles: Destroying 0 GPU particle simulations for FXSystem 0x00000026AD22BC40
[2016.03.31-02.12.20:201][169]BlueprintLog: New page: Pre-Play auto-recompile
[2016.03.31-02.12.20:217][169]LogPlayLevel: [PlayLevel] Compiling Player before play...
[2016.03.31-02.12.20:342][169]LogPlayLevel: PlayLevel: Blueprint regeneration took 139 ms (1 blueprints)
[2016.03.31-02.12.20:379][169]PIE: New page: PIE session: Intro (Mar 30, 2016, 12:12:20 PM)
[2016.03.31-02.12.20:379][169]LogPlayLevel: Creating play world package: /Game/UEDPIE_0_Intro
[2016.03.31-02.12.20:381][169]LogPlayLevel: PIE: StaticDuplicateObject took: (0.001280s)
[2016.03.31-02.12.20:382][169]LogAIModule: Creating AISystem for world Intro
[2016.03.31-02.12.20:382][169]LogPlayLevel: PIE: World Init took: (0.001051s)
[2016.03.31-02.12.20:382][169]LogPlayLevel: PIE: Created PIE world by copying editor world from /Game/Intro.Intro to /Game/UEDPIE_0_Intro.Intro (0.002563s)
[2016.03.31-02.12.20:427][169]LogInit: XAudio2 using 'Speakers (Realtek High Definition Audio)' : 2 channels at 48 kHz using 32 bits per sample (channel mask 0x3)
[2016.03.31-02.12.20:444][169]LogInit: FAudioDevice initialized.
[2016.03.31-02.12.20:483][169]LogWorld: Game class is 'PaperGameMode_C'
[2016.03.31-02.12.20:486][169]LogWorld: Bringing World /Game/UEDPIE_0_Intro.Intro up for play (max tick rate 0) at 2016.03.30-19.12.20
[2016.03.31-02.12.20:487][169]LogActor:Warning: GameSession /Game/UEDPIE_0_Intro.Intro:PersistentLevel.GameSession_11 has natively added scene component(s), but none of them were set as the actor's RootComponent - picking one arbitrarily
[2016.03.31-02.12.20:487][169]LogActor:Warning: GameNetworkManager /Game/UEDPIE_0_Intro.Intro:PersistentLevel.GameNetworkManager_11 has natively added scene component(s), but none of them were set as the actor's RootComponent - picking one arbitrarily
[2016.03.31-02.12.20:487][169]LogWorld: Bringing up level for play took: 0.002858
[2016.03.31-02.12.20:490][169]PIE: Info Play in editor start time for /Game/UEDPIE_0_Intro 0.208
[2016.03.31-02.12.28:575][615]LogParticles: Destroying 0 GPU particle simulations for FXSystem 0x00000026A6B00F40
[2016.03.31-02.12.37:162][  9]Cmd: OBJ SAVEPACKAGE PACKAGE="/Game/Blueprints/Player" FILE="../../../../../../Users/Thomas/Code/Talents/Content/Blueprints/Player.uasset" SILENT=true
[2016.03.31-02.12.37:308][  9]LogSavePackage: Save=137.012909ms
[2016.03.31-02.12.37:308][  9]LogSavePackage: Moving '../../../../../../Users/Thomas/Code/Talents/Saved/Player6F7CB9DB4FEB3DF2BD3A08B6FE7B046D.tmp' to '../../../../../../Users/Thomas/Code/Talents/Content/Blueprints/Player.uasset'
[2016.03.31-02.12.37:312][  9]LogSavePackage: Total save time: 147.610083ms
[2016.03.31-02.12.37:312][  9]LogSavePackage:Warning: Finished SavePackage ../../../../../../Users/Thomas/Code/Talents/Content/Blueprints/Player.uasset
[2016.03.31-02.12.38:003][ 41]BlueprintLog: New page: Pre-Play auto-recompile
[2016.03.31-02.12.38:017][ 41]LogPlayLevel: [PlayLevel] Compiling Player before play...
[2016.03.31-02.12.38:240][ 41]LogPlayLevel: PlayLevel: Blueprint regeneration took 237 ms (1 blueprints)
[2016.03.31-02.12.38:290][ 41]PIE: New page: PIE session: Intro (Mar 30, 2016, 12:12:38 PM)
[2016.03.31-02.12.38:290][ 41]LogPlayLevel: Creating play world package: /Game/UEDPIE_0_Intro
[2016.03.31-02.12.38:292][ 41]LogPlayLevel: PIE: StaticDuplicateObject took: (0.001563s)
[2016.03.31-02.12.38:293][ 41]LogAIModule: Creating AISystem for world Intro
[2016.03.31-02.12.38:293][ 41]LogPlayLevel: PIE: World Init took: (0.001096s)
[2016.03.31-02.12.38:293][ 41]LogPlayLevel: PIE: Created PIE world by copying editor world from /Game/Intro.Intro to /Game/UEDPIE_0_Intro.Intro (0.002944s)
[2016.03.31-02.12.38:344][ 41]LogInit: XAudio2 using 'Speakers (Realtek High Definition Audio)' : 2 channels at 48 kHz using 32 bits per sample (channel mask 0x3)
[2016.03.31-02.12.38:360][ 41]LogInit: FAudioDevice initialized.
[2016.03.31-02.12.38:403][ 41]LogWorld: Game class is 'PaperGameMode_C'
[2016.03.31-02.12.38:407][ 41]LogWorld: Bringing World /Game/UEDPIE_0_Intro.Intro up for play (max tick rate 0) at 2016.03.30-19.12.38
[2016.03.31-02.12.38:407][ 41]LogActor:Warning: GameSession /Game/UEDPIE_0_Intro.Intro:PersistentLevel.GameSession_12 has natively added scene component(s), but none of them were set as the actor's RootComponent - picking one arbitrarily
[2016.03.31-02.12.38:407][ 41]LogActor:Warning: GameNetworkManager /Game/UEDPIE_0_Intro.Intro:PersistentLevel.GameNetworkManager_12 has natively added scene component(s), but none of them were set as the actor's RootComponent - picking one arbitrarily
[2016.03.31-02.12.38:407][ 41]LogWorld: Bringing up level for play took: 0.003023
[2016.03.31-02.12.38:412][ 41]PIE: Info Play in editor start time for /Game/UEDPIE_0_Intro 0.129
[2016.03.31-02.12.42:283][303]LogParticles: Destroying 0 GPU particle simulations for FXSystem 0x00000026AD297100
[2016.03.31-02.12.51:224][717]BlueprintLog: New page: Pre-Play auto-recompile
[2016.03.31-02.12.51:238][717]LogPlayLevel: [PlayLevel] Compiling Player before play...
[2016.03.31-02.12.51:450][717]LogPlayLevel: PlayLevel: Blueprint regeneration took 225 ms (1 blueprints)
[2016.03.31-02.12.51:489][717]PIE: New page: PIE session: Intro (Mar 30, 2016, 12:12:51 PM)
[2016.03.31-02.12.51:489][717]LogPlayLevel: Creating play world package: /Game/UEDPIE_0_Intro
[2016.03.31-02.12.51:491][717]LogPlayLevel: PIE: StaticDuplicateObject took: (0.001588s)
[2016.03.31-02.12.51:492][717]LogAIModule: Creating AISystem for world Intro
[2016.03.31-02.12.51:492][717]LogPlayLevel: PIE: World Init took: (0.001072s)
[2016.03.31-02.12.51:492][717]LogPlayLevel: PIE: Created PIE world by copying editor world from /Game/Intro.Intro to /Game/UEDPIE_0_Intro.Intro (0.002943s)
[2016.03.31-02.12.51:542][717]LogInit: XAudio2 using 'Speakers (Realtek High Definition Audio)' : 2 channels at 48 kHz using 32 bits per sample (channel mask 0x3)
[2016.03.31-02.12.51:562][717]LogInit: FAudioDevice initialized.
[2016.03.31-02.12.51:602][717]LogWorld: Game class is 'PaperGameMode_C'
[2016.03.31-02.12.51:606][717]LogWorld: Bringing World /Game/UEDPIE_0_Intro.Intro up for play (max tick rate 0) at 2016.03.30-19.12.51
[2016.03.31-02.12.51:606][717]LogActor:Warning: GameSession /Game/UEDPIE_0_Intro.Intro:PersistentLevel.GameSession_13 has natively added scene component(s), but none of them were set as the actor's RootComponent - picking one arbitrarily
[2016.03.31-02.12.51:607][717]LogActor:Warning: GameNetworkManager /Game/UEDPIE_0_Intro.Intro:PersistentLevel.GameNetworkManager_13 has natively added scene component(s), but none of them were set as the actor's RootComponent - picking one arbitrarily
[2016.03.31-02.12.51:607][717]LogWorld: Bringing up level for play took: 0.003429
[2016.03.31-02.12.51:611][717]PIE: Info Play in editor start time for /Game/UEDPIE_0_Intro 1.329
[2016.03.31-02.12.55:098][938]LogParticles: Destroying 0 GPU particle simulations for FXSystem 0x00000026A86BE200
[2016.03.31-02.12.58:464][ 93]Cmd: OBJ SAVEPACKAGE PACKAGE="/Game/Blueprints/Player" FILE="../../../../../../Users/Thomas/Code/Talents/Content/Blueprints/Player.uasset" SILENT=true
[2016.03.31-02.12.58:633][ 93]LogSavePackage: Save=157.216385ms
[2016.03.31-02.12.58:633][ 93]LogSavePackage: Moving '../../../../../../Users/Thomas/Code/Talents/Saved/Player8B23CC87419012E93E1E3D838F607EAF.tmp' to '../../../../../../Users/Thomas/Code/Talents/Content/Blueprints/Player.uasset'
[2016.03.31-02.12.58:636][ 93]LogSavePackage: Total save time: 169.633247ms
[2016.03.31-02.12.58:636][ 93]LogSavePackage:Warning: Finished SavePackage ../../../../../../Users/Thomas/Code/Talents/Content/Blueprints/Player.uasset
[2016.03.31-02.12.59:339][124]BlueprintLog: New page: Pre-Play auto-recompile
[2016.03.31-02.12.59:354][124]LogPlayLevel: [PlayLevel] Compiling Player before play...
[2016.03.31-02.12.59:591][124]LogPlayLevel: PlayLevel: Blueprint regeneration took 252 ms (1 blueprints)
[2016.03.31-02.12.59:637][124]PIE: New page: PIE session: Intro (Mar 30, 2016, 12:12:59 PM)
[2016.03.31-02.12.59:637][124]LogPlayLevel: Creating play world package: /Game/UEDPIE_0_Intro
[2016.03.31-02.12.59:639][124]LogPlayLevel: PIE: StaticDuplicateObject took: (0.001523s)
[2016.03.31-02.12.59:640][124]LogAIModule: Creating AISystem for world Intro
[2016.03.31-02.12.59:640][124]LogPlayLevel: PIE: World Init took: (0.001129s)
[2016.03.31-02.12.59:640][124]LogPlayLevel: PIE: Created PIE world by copying editor world from /Game/Intro.Intro to /Game/UEDPIE_0_Intro.Intro (0.002932s)
[2016.03.31-02.12.59:695][124]LogInit: XAudio2 using 'Speakers (Realtek High Definition Audio)' : 2 channels at 48 kHz using 32 bits per sample (channel mask 0x3)
[2016.03.31-02.12.59:715][124]LogInit: FAudioDevice initialized.
[2016.03.31-02.12.59:757][124]LogWorld: Game class is 'PaperGameMode_C'
[2016.03.31-02.12.59:761][124]LogWorld: Bringing World /Game/UEDPIE_0_Intro.Intro up for play (max tick rate 0) at 2016.03.30-19.12.59
[2016.03.31-02.12.59:761][124]LogActor:Warning: GameSession /Game/UEDPIE_0_Intro.Intro:PersistentLevel.GameSession_14 has natively added scene component(s), but none of them were set as the actor's RootComponent - picking one arbitrarily
[2016.03.31-02.12.59:761][124]LogActor:Warning: GameNetworkManager /Game/UEDPIE_0_Intro.Intro:PersistentLevel.GameNetworkManager_14 has natively added scene component(s), but none of them were set as the actor's RootComponent - picking one arbitrarily
[2016.03.31-02.12.59:762][124]LogWorld: Bringing up level for play took: 0.002847
[2016.03.31-02.12.59:765][124]PIE: Info Play in editor start time for /Game/UEDPIE_0_Intro -0.518
[2016.03.31-02.13.05:822][538]LogParticles: Destroying 0 GPU particle simulations for FXSystem 0x00000026B3296980
[2016.03.31-02.13.11:315][800]BlueprintLog: New page: Pre-Play auto-recompile
[2016.03.31-02.13.11:330][800]LogPlayLevel: [PlayLevel] Compiling Player before play...
[2016.03.31-02.13.11:560][800]LogPlayLevel: PlayLevel: Blueprint regeneration took 245 ms (1 blueprints)
[2016.03.31-02.13.11:595][800]PIE: New page: PIE session: Intro (Mar 30, 2016, 12:13:11 PM)
[2016.03.31-02.13.11:595][800]LogPlayLevel: Creating play world package: /Game/UEDPIE_0_Intro
[2016.03.31-02.13.11:596][800]LogPlayLevel: PIE: StaticDuplicateObject took: (0.001301s)
[2016.03.31-02.13.11:597][800]LogAIModule: Creating AISystem for world Intro
[2016.03.31-02.13.11:597][800]LogPlayLevel: PIE: World Init took: (0.000954s)
[2016.03.31-02.13.11:598][800]LogPlayLevel: PIE: Created PIE world by copying editor world from /Game/Intro.Intro to /Game/UEDPIE_0_Intro.Intro (0.002502s)
[2016.03.31-02.13.11:642][800]LogInit: XAudio2 using 'Speakers (Realtek High Definition Audio)' : 2 channels at 48 kHz using 32 bits per sample (channel mask 0x3)
[2016.03.31-02.13.11:656][800]LogInit: FAudioDevice initialized.
[2016.03.31-02.13.11:697][800]LogWorld: Game class is 'PaperGameMode_C'
[2016.03.31-02.13.11:700][800]LogWorld: Bringing World /Game/UEDPIE_0_Intro.Intro up for play (max tick rate 0) at 2016.03.30-19.13.11
[2016.03.31-02.13.11:701][800]LogActor:Warning: GameSession /Game/UEDPIE_0_Intro.Intro:PersistentLevel.GameSession_15 has natively added scene component(s), but none of them were set as the actor's RootComponent - picking one arbitrarily
[2016.03.31-02.13.11:701][800]LogActor:Warning: GameNetworkManager /Game/UEDPIE_0_Intro.Intro:PersistentLevel.GameNetworkManager_15 has natively added scene component(s), but none of them were set as the actor's RootComponent - picking one arbitrarily
[2016.03.31-02.13.11:701][800]LogWorld: Bringing up level for play took: 0.002510
[2016.03.31-02.13.11:704][800]PIE: Info Play in editor start time for /Game/UEDPIE_0_Intro -0.578
[2016.03.31-02.13.17:978][228]LogParticles: Destroying 0 GPU particle simulations for FXSystem 0x00000026B1192980
[2016.03.31-02.13.22:146][427]Cmd: OBJ SAVEPACKAGE PACKAGE="/Game/Blueprints/Player" FILE="../../../../../../Users/Thomas/Code/Talents/Content/Blueprints/Player.uasset" SILENT=true
[2016.03.31-02.13.22:294][427]LogSavePackage: Save=138.615768ms
[2016.03.31-02.13.22:294][427]LogSavePackage: Moving '../../../../../../Users/Thomas/Code/Talents/Saved/Player5A58F07341AEBBE55642F99907303782.tmp' to '../../../../../../Users/Thomas/Code/Talents/Content/Blueprints/Player.uasset'
[2016.03.31-02.13.22:323][427]LogSavePackage: Total save time: 174.701732ms
[2016.03.31-02.13.22:323][427]LogSavePackage:Warning: Finished SavePackage ../../../../../../Users/Thomas/Code/Talents/Content/Blueprints/Player.uasset
[2016.03.31-02.13.23:671][491]BlueprintLog: New page: Pre-Play auto-recompile
[2016.03.31-02.13.23:684][491]LogPlayLevel: [PlayLevel] Compiling Player before play...
[2016.03.31-02.13.23:792][491]LogPlayLevel: PlayLevel: Blueprint regeneration took 121 ms (1 blueprints)
[2016.03.31-02.13.23:827][491]PIE: New page: PIE session: Intro (Mar 30, 2016, 12:13:23 PM)
[2016.03.31-02.13.23:827][491]LogPlayLevel: Creating play world package: /Game/UEDPIE_0_Intro
[2016.03.31-02.13.23:829][491]LogPlayLevel: PIE: StaticDuplicateObject took: (0.001300s)
[2016.03.31-02.13.23:829][491]LogAIModule: Creating AISystem for world Intro
[2016.03.31-02.13.23:829][491]LogPlayLevel: PIE: World Init took: (0.000849s)
[2016.03.31-02.13.23:830][491]LogPlayLevel: PIE: Created PIE world by copying editor world from /Game/Intro.Intro to /Game/UEDPIE_0_Intro.Intro (0.002394s)
[2016.03.31-02.13.23:869][491]LogInit: XAudio2 using 'Speakers (Realtek High Definition Audio)' : 2 channels at 48 kHz using 32 bits per sample (channel mask 0x3)
[2016.03.31-02.13.23:882][491]LogInit: FAudioDevice initialized.
[2016.03.31-02.13.23:918][491]LogWorld: Game class is 'PaperGameMode_C'
[2016.03.31-02.13.23:921][491]LogWorld: Bringing World /Game/UEDPIE_0_Intro.Intro up for play (max tick rate 0) at 2016.03.30-19.13.23
[2016.03.31-02.13.23:921][491]LogActor:Warning: GameSession /Game/UEDPIE_0_Intro.Intro:PersistentLevel.GameSession_16 has natively added scene component(s), but none of them were set as the actor's RootComponent - picking one arbitrarily
[2016.03.31-02.13.23:922][491]LogActor:Warning: GameNetworkManager /Game/UEDPIE_0_Intro.Intro:PersistentLevel.GameNetworkManager_16 has natively added scene component(s), but none of them were set as the actor's RootComponent - picking one arbitrarily
[2016.03.31-02.13.23:922][491]LogWorld: Bringing up level for play took: 0.002461
[2016.03.31-02.13.23:924][491]PIE: Info Play in editor start time for /Game/UEDPIE_0_Intro -0.357
[2016.03.31-02.13.31:638][924]LogParticles: Destroying 0 GPU particle simulations for FXSystem 0x00000026B1193600
[2016.03.31-02.13.32:573][970]LogEditorViewport: Clicking on Actor (LMB): PaperSpriteActor (Platform2)
[2016.03.31-02.13.40:169][309]LogEditorViewport: Clicking on Actor (LMB): PaperSpriteActor (platform)
[2016.03.31-02.13.49:341][727]LogContentBrowser: Native class hierarchy updated for 'TextureEditor' in 0.0009 seconds. Added 1 classes and 2 folders.
[2016.03.31-02.14.04:324][500]Cmd: OBJ SAVEPACKAGE PACKAGE="/Game/Intro" FILE="../../../../../../Users/Thomas/Code/Talents/Content/Intro.umap" SILENT=true AUTOSAVING=false KEEPDIRTY=false
[2016.03.31-02.14.04:412][500]LogSavePackage: Save=24.205786ms
[2016.03.31-02.14.04:412][500]LogSavePackage: Moving '../../../../../../Users/Thomas/Code/Talents/Saved/Intro241939EC4D5C5F275F6CA4B20E9D699F.tmp' to '../../../../../../Users/Thomas/Code/Talents/Content/Intro.umap'
[2016.03.31-02.14.04:427][500]LogSavePackage: Total save time: 51.728718ms
[2016.03.31-02.14.04:427][500]LogSavePackage:Warning: Finished SavePackage ../../../../../../Users/Thomas/Code/Talents/Content/Intro.umap
[2016.03.31-02.14.04:509][500]LogFileHelpers: Saving map 'Intro' took 0.292
[2016.03.31-02.14.11:394][846]LogEditorViewport: Clicking on Actor (LMB): PaperSpriteActor (background)
[2016.03.31-02.14.12:259][892]Cmd: TRANSACTION UNDO
[2016.03.31-02.14.12:259][892]LogEditorTransaction: Undo Clicking on Actors
[2016.03.31-02.14.17:216][126]Cmd: OBJ SAVEPACKAGE PACKAGE="/Game/Sprites/wat_Sprite" FILE="../../../../../../Users/Thomas/Code/Talents/Content/Sprites/wat_Sprite.uasset" SILENT=true
[2016.03.31-02.14.17:246][126]LogSavePackage: Save=13.748365ms
[2016.03.31-02.14.17:246][126]LogSavePackage: Moving '../../../../../../Users/Thomas/Code/Talents/Saved/wat_Sprite0796410D4DCAED54E830D1ACEE54F56B.tmp' to '../../../../../../Users/Thomas/Code/Talents/Content/Sprites/wat_Sprite.uasset'
[2016.03.31-02.14.17:250][126]LogSavePackage: Total save time: 32.134537ms
[2016.03.31-02.14.17:250][126]LogSavePackage:Warning: Finished SavePackage ../../../../../../Users/Thomas/Code/Talents/Content/Sprites/wat_Sprite.uasset
[2016.03.31-02.14.18:338][176]LogEditorViewport: Clicking Background
[2016.03.31-02.14.23:851][476]LogMaterial: Missing cached shader map for material LevelPrototype, compiling. 
[2016.03.31-02.14.24:757][476]LogMaterial: Missing cached shader map for material LevelPrototype, compiling. 
[2016.03.31-02.14.24:764][476]LogMaterial: 0.000214 seconds spent updating 1 materials, 1 interfaces, 0 instances, 0 with static permutations.
[2016.03.31-02.14.24:821][476]LogMaterial: Missing cached shader map for material FMatExpressionPreview MaterialExpressionTextureSampleParameter2D_0, compiling. 
[2016.03.31-02.14.34:087][868]MaterialEditorStats: Info Base pass shader without light map: 8 instructions
[2016.03.31-02.14.34:087][868]MaterialEditorStats: Info Vertex shader: 69 instructions
[2016.03.31-02.14.34:087][868]MaterialEditorStats: Info Texture samplers: 3/16
[2016.03.31-02.14.36:723][  4]LogMaterial: Missing cached shader map for material LevelPrototype, compiling. 
[2016.03.31-02.14.36:729][  4]LogMaterial: 0.000085 seconds spent updating 1 materials, 1 interfaces, 0 instances, 0 with static permutations.
[2016.03.31-02.14.36:736][  4]LogEditorViewport: Clicking on Actor (LMB): PaperSpriteActor (background)
[2016.03.31-02.14.40:779][173]MaterialEditorStats: Info Base pass shader without light map: 8 instructions
[2016.03.31-02.14.40:779][173]MaterialEditorStats: Info Vertex shader: 69 instructions
[2016.03.31-02.14.40:779][173]MaterialEditorStats: Info Texture samplers: 3/16
[2016.03.31-02.14.44:898][355]LogMaterialEditor: Saving and Compiling material LevelPrototype
[2016.03.31-02.14.46:036][355]LogMaterial: Missing cached shader map for material LevelPrototype, compiling. 
[2016.03.31-02.14.46:054][355]LogMaterial: 0.000085 seconds spent updating 1 materials, 1 interfaces, 0 instances, 0 with static permutations.
[2016.03.31-02.14.46:136][355]LogMaterial: Missing cached shader map for material LevelPrototype, compiling. 
[2016.03.31-02.14.46:157][355]LogMaterial: Missing cached shader map for material LevelPrototype, compiling. 
[2016.03.31-02.14.46:166][355]LogMaterial: 0.000987 seconds spent updating 1 materials, 1 interfaces, 0 instances, 0 with static permutations.
[2016.03.31-02.14.49:381][355]Cmd: OBJ SAVEPACKAGE PACKAGE="/Game/Materials/LevelPrototype" FILE="../../../../../../Users/Thomas/Code/Talents/Content/Materials/LevelPrototype.uasset" SILENT=true
[2016.03.31-02.14.49:416][355]LogSavePackage: Save=22.030695ms
[2016.03.31-02.14.49:416][355]LogSavePackage: Moving '../../../../../../Users/Thomas/Code/Talents/Saved/LevelPrototype726E03864AE8DDDEAB74649A6CE14A44.tmp' to '../../../../../../Users/Thomas/Code/Talents/Content/Materials/LevelPrototype.uasset'
[2016.03.31-02.14.49:420][355]LogSavePackage: Total save time: 37.990592ms
[2016.03.31-02.14.49:420][355]LogSavePackage:Warning: Finished SavePackage ../../../../../../Users/Thomas/Code/Talents/Content/Materials/LevelPrototype.uasset
[2016.03.31-02.14.49:426][355]MaterialEditorStats: Info Base pass shader without light map: 26 instructions
[2016.03.31-02.14.49:426][355]MaterialEditorStats: Info Vertex shader: 69 instructions
[2016.03.31-02.14.49:426][355]MaterialEditorStats: Info Texture samplers: 3/16
[2016.03.31-02.14.50:601][406]LogPlayLevel: PlayLevel: No blueprints needed recompiling
[2016.03.31-02.14.50:601][406]PIE: New page: PIE session: Intro (Mar 30, 2016, 12:14:50 PM)
[2016.03.31-02.14.50:602][406]LogPlayLevel: Creating play world package: /Game/UEDPIE_0_Intro
[2016.03.31-02.14.50:603][406]LogPlayLevel: PIE: StaticDuplicateObject took: (0.001312s)
[2016.03.31-02.14.50:604][406]LogAIModule: Creating AISystem for world Intro
[2016.03.31-02.14.50:604][406]LogPlayLevel: PIE: World Init took: (0.000956s)
[2016.03.31-02.14.50:604][406]LogPlayLevel: PIE: Created PIE world by copying editor world from /Game/Intro.Intro to /Game/UEDPIE_0_Intro.Intro (0.002510s)
[2016.03.31-02.14.50:656][406]LogInit: XAudio2 using 'Speakers (Realtek High Definition Audio)' : 2 channels at 48 kHz using 32 bits per sample (channel mask 0x3)
[2016.03.31-02.14.50:677][406]LogInit: FAudioDevice initialized.
[2016.03.31-02.14.50:720][406]LogWorld: Game class is 'PaperGameMode_C'
[2016.03.31-02.14.50:725][406]LogWorld: Bringing World /Game/UEDPIE_0_Intro.Intro up for play (max tick rate 0) at 2016.03.30-19.14.50
[2016.03.31-02.14.50:725][406]LogActor:Warning: GameSession /Game/UEDPIE_0_Intro.Intro:PersistentLevel.GameSession_17 has natively added scene component(s), but none of them were set as the actor's RootComponent - picking one arbitrarily
[2016.03.31-02.14.50:725][406]LogActor:Warning: GameNetworkManager /Game/UEDPIE_0_Intro.Intro:PersistentLevel.GameNetworkManager_17 has natively added scene component(s), but none of them were set as the actor's RootComponent - picking one arbitrarily
[2016.03.31-02.14.50:726][406]LogWorld: Bringing up level for play took: 0.003374
[2016.03.31-02.14.50:730][406]PIE: Info Play in editor start time for /Game/UEDPIE_0_Intro 0.448
[2016.03.31-02.15.00:157][858]LogParticles: Destroying 0 GPU particle simulations for FXSystem 0x0000002686DC4A40
[2016.03.31-02.15.00:970][892]LogEditorViewport: Clicking on Actor (LMB): PaperSpriteActor (Platform3)
[2016.03.31-02.15.02:337][949]LogEditorViewport: Clicking on Actor (CTRL LMB): PaperSpriteActor (Platform2)
[2016.03.31-02.15.07:382][143]Cmd: OBJ SAVEPACKAGE PACKAGE="/Game/Intro" FILE="../../../../../../Users/Thomas/Code/Talents/Content/Intro.umap" SILENT=true AUTOSAVING=false KEEPDIRTY=false
[2016.03.31-02.15.07:448][143]LogSavePackage: Save=23.727217ms
[2016.03.31-02.15.07:448][143]LogSavePackage: Moving '../../../../../../Users/Thomas/Code/Talents/Saved/IntroF936828D4723F62E8E589585AC26329C.tmp' to '../../../../../../Users/Thomas/Code/Talents/Content/Intro.umap'
[2016.03.31-02.15.07:452][143]LogSavePackage: Total save time: 35.350189ms
[2016.03.31-02.15.07:452][143]LogSavePackage:Warning: Finished SavePackage ../../../../../../Users/Thomas/Code/Talents/Content/Intro.umap
[2016.03.31-02.15.07:519][143]LogFileHelpers: Saving map 'Intro' took 0.244
[2016.03.31-02.15.08:186][168]LogEditorViewport: Clicking on Actor (LMB): PaperSpriteActor (background)
[2016.03.31-02.15.09:005][200]LogEditorViewport: Clicking on Actor (LMB): PaperSpriteActor (Platform2)
[2016.03.31-02.15.12:981][360]Cmd: OBJ SAVEPACKAGE PACKAGE="/Game/Intro" FILE="../../../../../../Users/Thomas/Code/Talents/Content/Intro.umap" SILENT=true AUTOSAVING=false KEEPDIRTY=false
[2016.03.31-02.15.13:047][360]LogSavePackage: Save=22.771587ms
[2016.03.31-02.15.13:047][360]LogSavePackage: Moving '../../../../../../Users/Thomas/Code/Talents/Saved/Intro4651B2BD4B4C7133308311AD8B600943.tmp' to '../../../../../../Users/Thomas/Code/Talents/Content/Intro.umap'
[2016.03.31-02.15.13:051][360]LogSavePackage: Total save time: 34.463223ms
[2016.03.31-02.15.13:051][360]LogSavePackage:Warning: Finished SavePackage ../../../../../../Users/Thomas/Code/Talents/Content/Intro.umap
[2016.03.31-02.15.13:116][360]LogFileHelpers: Saving map 'Intro' took 0.223
[2016.03.31-02.15.13:599][380]LogEditorViewport: Clicking on Actor (LMB): PaperSpriteActor (Platform3)
[2016.03.31-02.15.19:691][504]LogD3D11RHI: bDeviceRemoved
[2016.03.31-02.15.19:691][504]LogD3D11RHI: CleanupD3DDevice
[2016.03.31-02.15.20:658][504]LogWindows:Error: Windows GetLastError: The operation completed successfully. (0)
[2016.03.31-02.15.43:481][504]LogCrashTracker: 


[2016.03.31-02.15.43:644][504]LogCrashTracker: 


[2016.03.31-02.15.43:644][504]LogWindows: === Critical error: ===
Fatal error: [File:D:\BuildFarm\buildmachine_++depot+UE4-Releases+4.9\Engine\Source\Runtime\Windows\D3D11RHI\Private\Windows\WindowsD3D11Device.cpp] [Line: 402] 
The Direct3D 11 device that was being used has been removed (Error: -2005270521 'RESET').  Please restart the game.




[2016.03.31-02.15.44:076][504]LogExit: Executing StaticShutdownAfterError
[2016.03.31-02.15.44:735][504]LogPhysics:Warning: PHYSX: ..\..\PhysX\src\NpScene.cpp (2946) 8 : PxScene::unlockWrite() called without matching call to PxScene::lockWrite(), behaviour will be undefined.
[2016.03.31-02.15.44:759][504]LogPhysics:Warning: PHYSX: ..\..\PhysX\src\NpScene.cpp (2946) 8 : PxScene::unlockWrite() called without matching call to PxScene::lockWrite(), behaviour will be undefined.
[2016.03.31-02.15.44:827][504]LogPhysics:Warning: PHYSX: ..\..\PhysX\src\NpScene.cpp (2946) 8 : PxScene::unlockWrite() called without matching call to PxScene::lockWrite(), behaviour will be undefined.
[2016.03.31-02.15.44:830][504]LogPhysics:Warning: PHYSX: ..\..\PhysX\src\NpScene.cpp (2946) 8 : PxScene::unlockWrite() called without matching call to PxScene::lockWrite(), behaviour will be undefined.
[2016.03.31-02.15.44:834][504]LogPhysics:Warning: PHYSX: ..\..\PhysX\src\NpScene.cpp (2946) 8 : PxScene::unlockWrite() called without matching call to PxScene::lockWrite(), behaviour will be undefined.
[2016.03.31-02.15.44:876][504]LogPhysics:Warning: PHYSX: ..\..\PhysX\src\NpScene.cpp (2946) 8 : PxScene::unlockWrite() called without matching call to PxScene::lockWrite(), behaviour will be undefined.
[2016.03.31-02.15.44:876][504]LogPhysics:Warning: PHYSX: ..\..\PhysX\src\NpScene.cpp (2946) 8 : PxScene::unlockWrite() called without matching call to PxScene::lockWrite(), behaviour will be undefined.
[2016.03.31-02.15.44:877][504]LogPhysics:Warning: PHYSX: ..\..\PhysX\src\NpScene.cpp (2946) 8 : PxScene::unlockWrite() called without matching call to PxScene::lockWrite(), behaviour will be undefined.
[2016.03.31-02.15.44:877][504]LogPhysics:Warning: PHYSX: ..\..\PhysX\src\NpScene.cpp (2946) 8 : PxScene::unlockWrite() called without matching call to PxScene::lockWrite(), behaviour will be undefined.
[2016.03.31-02.15.44:877][504]LogPhysics:Warning: PHYSX: ..\..\PhysX\src\NpScene.cpp (2946) 8 : PxScene::unlockWrite() called without matching call to PxScene::lockWrite(), behaviour will be undefined.
[2016.03.31-02.15.44:878][504]LogWindows: FPlatformMisc::RequestExit(1)
[2016.03.31-02.15.44:878][504]Log file closed, 03/30/16 19:15:44
